/Users/rs/Downloads/iris_health
Mon Dec 22 11:23:29 CET 2025
== flutter doctor ==
[✓] Flutter (Channel stable, 3.38.5, on macOS 15.6.1 24G90 darwin-arm64, locale ru-ME) [641ms]
    • Flutter version 3.38.5 on channel stable at /Users/rs/flutter_sdk
    • Upstream repository https://github.com/flutter/flutter.git
    • Framework revision f6ff1529fd (11 days ago), 2025-12-11 11:50:07 -0500
    • Engine revision 1527ae0ec5
    • Dart version 3.10.4
    • DevTools version 2.51.1
    • Feature flags: enable-web, enable-linux-desktop, enable-macos-desktop, enable-windows-desktop, enable-android, enable-ios, cli-animations, enable-native-assets, omit-legacy-version-file, enable-lldb-debugging

[✓] Android toolchain - develop for Android devices (Android SDK version 36.1.0) [2,1s]
    • Android SDK at /Users/rs/Library/Android/sdk
    • Emulator version 36.2.12.0 (build_id 14214601) (CL:N/A)
    • Platform android-36, build-tools 36.1.0
    • Java binary at: /Applications/Android Studio.app/Contents/jbr/Contents/Home/bin/java
      This is the JDK bundled with the latest Android Studio installation on this machine.
      To manually set the JDK path, use: `flutter config --jdk-dir="path/to/jdk"`.
    • Java version OpenJDK Runtime Environment (build 21.0.6+-13355223-b631.42)
    • All Android licenses accepted.

[✓] Xcode - develop for iOS and macOS (Xcode 26.0.1) [1 104ms]
    • Xcode at /Applications/Xcode.app/Contents/Developer
    • Build 17A400
    • CocoaPods version 1.16.2

[✓] Chrome - develop for the web [4ms]
    • Chrome at /Applications/Google Chrome.app/Contents/MacOS/Google Chrome

[✓] Connected device (4 available) [6,2s]
    • iPhone Ruslan (wireless) (mobile) • 00008030-0009449936A0802E • ios            • iOS 18.6.2 22G100
    • iPhone 13 (mobile)                • 00008110-000958EE01C0401E • ios            • iOS 18.6.2 22G100
    • macOS (desktop)                   • macos                     • darwin-arm64   • macOS 15.6.1 24G90 darwin-arm64
    • Chrome (web)                      • chrome                    • web-javascript • Google Chrome 143.0.7499.147

[✓] Network resources [446ms]
    • All expected network resources are available.

• No issues found!
== flutter pub deps / outdated ==
Dart SDK 3.10.4
Flutter SDK 3.38.5
iris_health 1.0.0+1

dependencies:
- camera 0.10.6 [camera_android camera_avfoundation camera_platform_interface camera_web flutter flutter_plugin_android_lifecycle]
- cupertino_icons 1.0.8
- flutter 0.0.0 [characters collection material_color_utilities meta vector_math sky_engine]
- hive 2.2.3 [meta crypto]
- hive_flutter 1.1.0 [flutter hive path_provider path]
- http 1.6.0 [async http_parser meta web]
- http_parser 4.0.2 [collection source_span string_scanner typed_data]
- image 4.5.4 [archive meta xml]
- path_provider 2.1.5 [flutter path_provider_android path_provider_foundation path_provider_linux path_provider_platform_interface path_provider_windows]
- shared_preferences 2.5.3 [flutter shared_preferences_android shared_preferences_foundation shared_preferences_linux shared_preferences_platform_interface shared_preferences_web shared_preferences_windows]

dev dependencies:
- flutter_lints 5.0.0 [lints]
- flutter_test 0.0.0 [flutter test_api matcher path fake_async clock stack_trace vector_math leak_tracker_flutter_testing collection meta stream_channel]

transitive dependencies:
- archive 4.0.7 [crypto path posix]
- async 2.11.0 [collection meta]
- boolean_selector 2.1.1 [source_span string_scanner]
- camera_android 0.10.10 [camera_platform_interface flutter flutter_plugin_android_lifecycle stream_transform]
- camera_avfoundation 0.9.19 [camera_platform_interface flutter stream_transform]
- camera_platform_interface 2.10.0 [cross_file flutter plugin_platform_interface stream_transform]
- camera_web 0.3.5 [camera_platform_interface flutter flutter_web_plugins stream_transform web]
- characters 1.4.0
- clock 1.1.2
- collection 1.19.1
- cross_file 0.3.4+2 [meta web]
- crypto 3.0.7 [typed_data]
- fake_async 1.3.3 [clock collection]
- ffi 2.1.3
- file 7.0.1 [meta path]
- flutter_plugin_android_lifecycle 2.0.26 [flutter]
- flutter_web_plugins 0.0.0 [flutter]
- leak_tracker 11.0.2 [clock collection meta path vm_service]
- leak_tracker_flutter_testing 3.0.10 [flutter leak_tracker leak_tracker_testing matcher meta]
- leak_tracker_testing 3.0.2 [leak_tracker matcher meta]
- lints 5.0.0
- matcher 0.12.17 [async meta stack_trace term_glyph test_api]
- material_color_utilities 0.11.1 [collection]
- meta 1.17.0
- path 1.9.1
- path_provider_android 2.2.15 [flutter path_provider_platform_interface]
- path_provider_foundation 2.4.1 [flutter path_provider_platform_interface]
- path_provider_linux 2.2.1 [ffi flutter path path_provider_platform_interface xdg_directories]
- path_provider_platform_interface 2.1.2 [flutter platform plugin_platform_interface]
- path_provider_windows 2.3.0 [ffi flutter path path_provider_platform_interface]
- petitparser 6.0.2 [meta]
- platform 3.1.6
- plugin_platform_interface 2.1.8 [meta]
- posix 6.0.3 [ffi meta path]
- shared_preferences_android 2.4.7 [flutter shared_preferences_platform_interface]
- shared_preferences_foundation 2.5.4 [flutter shared_preferences_platform_interface]
- shared_preferences_linux 2.4.1 [file flutter path path_provider_linux path_provider_platform_interface shared_preferences_platform_interface]
- shared_preferences_platform_interface 2.4.1 [flutter plugin_platform_interface]
- shared_preferences_web 2.4.3 [flutter flutter_web_plugins shared_preferences_platform_interface web]
- shared_preferences_windows 2.4.1 [file flutter path path_provider_platform_interface path_provider_windows shared_preferences_platform_interface]
- sky_engine 0.0.0
- source_span 1.10.0 [collection path term_glyph]
- stack_trace 1.12.1 [path]
- stream_channel 2.1.4 [async]
- stream_transform 2.1.1
- string_scanner 1.2.0 [source_span]
- term_glyph 1.2.1
- test_api 0.7.7 [async boolean_selector collection meta source_span stack_trace stream_channel string_scanner term_glyph]
- typed_data 1.4.0 [collection]
- vector_math 2.2.0
- vm_service 14.2.5
- web 1.1.1
- xdg_directories 1.1.0 [meta path]
- xml 6.5.0 [collection meta petitparser]
Showing outdated packages.
[*] indicates versions that are not the latest available.

Package Name                      Current   Upgradable  Resolvable  Latest      

direct dependencies:             
camera                            *0.10.6   *0.10.6     0.11.3      0.11.3      
http_parser                       *4.0.2    4.1.2       4.1.2       4.1.2       
image                             *4.5.4    4.7.2       4.7.2       4.7.2       
shared_preferences                *2.5.3    2.5.4       2.5.4       2.5.4       

dev_dependencies:                
flutter_lints                     *5.0.0    *5.0.0      6.0.0       6.0.0       

transitive dependencies:         
async                             *2.11.0   2.13.0      2.13.0      2.13.0      
camera_android                    *0.10.10  0.10.10+14  -           0.10.10+14  
camera_android_camerax            -         -           0.6.26+2    0.6.26+2    
camera_avfoundation               *0.9.19   0.9.22+7    0.9.22+7    0.9.22+7    
camera_platform_interface         *2.10.0   2.12.0      2.12.0      2.12.0      
camera_web                        *0.3.5    0.3.5+2     0.3.5+2     0.3.5+2     
characters                        *1.4.0    *1.4.0      *1.4.0      1.4.1       
cross_file                        *0.3.4+2  0.3.5+1     0.3.5+1     0.3.5+1     
ffi                               *2.1.3    2.1.4       2.1.4       2.1.4       
flutter_plugin_android_lifecycle  *2.0.26   2.0.33      2.0.33      2.0.33      
material_color_utilities          *0.11.1   *0.11.1     *0.11.1     0.13.0      
path_provider_android             *2.2.15   2.2.22      2.2.22      2.2.22      
path_provider_foundation          *2.4.1    2.5.1       2.5.1       2.5.1       
petitparser                       *6.0.2    7.0.1       7.0.1       7.0.1       
shared_preferences_android        *2.4.7    2.4.18      2.4.18      2.4.18      
shared_preferences_foundation     *2.5.4    2.5.6       2.5.6       2.5.6       
source_span                       *1.10.0   1.10.1      1.10.1      1.10.1      
string_scanner                    *1.2.0    1.4.1       1.4.1       1.4.1       
term_glyph                        *1.2.1    1.2.2       1.2.2       1.2.2       
xml                               *6.5.0    6.6.1       6.6.1       6.6.1       

transitive dev_dependencies:     
boolean_selector                  *2.1.1    2.1.2       2.1.2       2.1.2       
lints                             *5.0.0    *5.1.1      6.0.0       6.0.0       
matcher                           *0.12.17  *0.12.17    *0.12.17    0.12.18     
test_api                          *0.7.7    *0.7.7      *0.7.7      0.7.8       
vm_service                        *14.2.5   15.0.2      15.0.2      15.0.2      

23 upgradable dependencies are locked (in pubspec.lock) to older versions.
To update these dependencies, use `flutter pub upgrade`.

3  dependencies are constrained to versions that are older than a resolvable version.
To update these dependencies, edit pubspec.yaml, or run `flutter pub upgrade --major-versions`.
== flutter analyze ==
Analyzing iris_health...                                        

   info • 'withOpacity' is deprecated and shouldn't be used. Use .withValues() to avoid precision loss • lib/screens/camera_screen.dart:505:57 • deprecated_member_use
   info • 'withOpacity' is deprecated and shouldn't be used. Use .withValues() to avoid precision loss • lib/utils/iris_ring_painter.dart:24:30 • deprecated_member_use
   info • 'withOpacity' is deprecated and shouldn't be used. Use .withValues() to avoid precision loss • lib/widgets/camera_overlay.dart:85:29 • deprecated_member_use
   info • 'withOpacity' is deprecated and shouldn't be used. Use .withValues() to avoid precision loss • lib/widgets/camera_overlay.dart:87:48 • deprecated_member_use
   info • 'withOpacity' is deprecated and shouldn't be used. Use .withValues() to avoid precision loss • lib/widgets/camera_overlay.dart:97:48 • deprecated_member_use
   info • 'withOpacity' is deprecated and shouldn't be used. Use .withValues() to avoid precision loss • lib/widgets/camera_overlay.dart:124:28 • deprecated_member_use
   info • 'withOpacity' is deprecated and shouldn't be used. Use .withValues() to avoid precision loss • lib/widgets/camera_overlay.dart:127:28 • deprecated_member_use
   info • 'withOpacity' is deprecated and shouldn't be used. Use .withValues() to avoid precision loss • lib/widgets/iris_ring_painter.dart:24:30 • deprecated_member_use

8 issues found. (ran in 3.3s)
== ios files check ==
total 48
drwxr-xr-x@ 10 rs  staff   320 Dec 22 11:18 .
drwxr-xr-x@ 13 rs  staff   416 Dec 22 11:05 ..
-rw-r--r--   1 rs  staff   391 Dec 10 22:40 AppDelegate.swift
drwxr-xr-x   4 rs  staff   128 Dec 22 04:19 Assets.xcassets
drwxr-xr-x   4 rs  staff   128 Dec 22 04:19 Base.lproj
-rw-r--r--   1 rs  staff   378 Dec 22 05:52 GeneratedPluginRegistrant.h
-rw-r--r--@  1 rs  staff  1028 Dec 22 05:52 GeneratedPluginRegistrant.m
-rw-r--r--   1 rs  staff  2692 Dec 22 04:20 Info.plist
-rw-r--r--   1 rs  staff    38 Dec 10 22:40 Runner-Bridging-Header.h
-rw-r--r--   1 rs  staff    96 Dec 22 11:18 SceneDelegate.swift
-rw-r--r--   1 rs  staff   391 Dec 10 22:40 AppDelegate.swift
-rw-r--r--   1 rs  staff  2692 Dec 22 04:20 Info.plist
-rw-r--r--   1 rs  staff    96 Dec 22 11:18 SceneDelegate.swift
== Info.plist SceneDelegate ==
$(PRODUCT_MODULE_NAME).SceneDelegate
Main
== Pods ==
1.16.2
Analyzing dependencies
Downloading dependencies
Generating Pods project
Integrating client project
Pod installation complete! There are 4 dependencies from the Podfile and 4 total pods installed.
== Xcode build settings (Debug, iphoneos) ==
Xcode 26.0.1
Build version 17A400
61:    CLANG_DEBUG_INFORMATION_LEVEL = line-tables-only
111:    COPY_PHASE_STRIP = NO
125:    DEBUG_INFORMATION_FORMAT = dwarf-with-dsym
138:    DERIVE_MACCATALYST_PRODUCT_BUNDLE_IDENTIFIER = NO
153:    DONT_GENERATE_INFOPLIST_FILE = NO
168:    ENABLE_BITCODE = NO
232:    GCC_OPTIMIZATION_LEVEL = 0
247:    GENERATE_INFOPLIST_FILE = NO
270:    INFOPLIST_FILE = Runner/Info.plist
367:    OTHER_LDFLAGS =  -framework "camera_avfoundation" -framework "path_provider_foundation" -framework "shared_preferences_foundation"
369:    OTHER_SWIFT_FLAGS =  -D COCOAPODS
406:    PRODUCT_BUNDLE_IDENTIFIER = me.rs.irisHealth
408:    PRODUCT_MODULE_NAME = Runner
482:    STRIP_STYLE = non-global
483:    STRIP_SWIFT_SYMBOLS = NO
496:    SWIFT_OPTIMIZATION_LEVEL = -Onone
499:    SWIFT_VERSION = 5.0
== xcodebuild build (no codesign) ==
Command line invocation:
    /Applications/Xcode.app/Contents/Developer/usr/bin/xcodebuild -workspace Runner.xcworkspace -scheme Runner -configuration Debug -sdk iphoneos -destination generic/platform=iOS CODE_SIGNING_ALLOWED=NO build

Build settings from command line:
    CODE_SIGNING_ALLOWED = NO
    SDKROOT = iphoneos26.0

ComputePackagePrebuildTargetDependencyGraph

Prepare packages

CreateBuildRequest

SendProjectDescription

CreateBuildOperation

ComputeTargetDependencyGraph
note: Building targets in dependency order
note: Target dependency graph (9 targets)
    Target 'Runner' in project 'Runner'
        ➜ Implicit dependency on target 'Pods-Runner' in project 'Pods' via file 'Pods_Runner.framework' in build phase 'Link Binary'
        ➜ Implicit dependency on target 'camera_avfoundation' in project 'Pods' via options '-framework camera_avfoundation' in build setting 'OTHER_LDFLAGS'
        ➜ Implicit dependency on target 'path_provider_foundation' in project 'Pods' via options '-framework path_provider_foundation' in build setting 'OTHER_LDFLAGS'
        ➜ Implicit dependency on target 'shared_preferences_foundation' in project 'Pods' via options '-framework shared_preferences_foundation' in build setting 'OTHER_LDFLAGS'
    Target 'Pods-Runner' in project 'Pods'
        ➜ Explicit dependency on target 'Flutter' in project 'Pods'
        ➜ Explicit dependency on target 'camera_avfoundation' in project 'Pods'
        ➜ Explicit dependency on target 'path_provider_foundation' in project 'Pods'
        ➜ Explicit dependency on target 'shared_preferences_foundation' in project 'Pods'
    Target 'shared_preferences_foundation' in project 'Pods'
        ➜ Explicit dependency on target 'Flutter' in project 'Pods'
        ➜ Explicit dependency on target 'shared_preferences_foundation-shared_preferences_foundation_privacy' in project 'Pods'
    Target 'shared_preferences_foundation-shared_preferences_foundation_privacy' in project 'Pods' (no dependencies)
    Target 'path_provider_foundation' in project 'Pods'
        ➜ Explicit dependency on target 'Flutter' in project 'Pods'
        ➜ Explicit dependency on target 'path_provider_foundation-path_provider_foundation_privacy' in project 'Pods'
    Target 'path_provider_foundation-path_provider_foundation_privacy' in project 'Pods' (no dependencies)
    Target 'camera_avfoundation' in project 'Pods'
        ➜ Explicit dependency on target 'Flutter' in project 'Pods'
        ➜ Explicit dependency on target 'camera_avfoundation-camera_avfoundation_privacy' in project 'Pods'
    Target 'camera_avfoundation-camera_avfoundation_privacy' in project 'Pods' (no dependencies)
    Target 'Flutter' in project 'Pods' (no dependencies)

GatherProvisioningInputs

CreateBuildDescription

ExecuteExternalTool /Applications/Xcode.app/Contents/Developer/Toolchains/XcodeDefault.xctoolchain/usr/bin/clang -v -E -dM -arch arm64 -isysroot /Applications/Xcode.app/Contents/Developer/Platforms/iPhoneOS.platform/Developer/SDKs/iPhoneOS26.0.sdk -x c -c /dev/null

ExecuteExternalTool /Applications/Xcode.app/Contents/Developer/Toolchains/XcodeDefault.xctoolchain/usr/bin/clang -v -E -dM -isysroot /Applications/Xcode.app/Contents/Developer/Platforms/iPhoneOS.platform/Developer/SDKs/iPhoneOS26.0.sdk -x c -c /dev/null

ExecuteExternalTool /Applications/Xcode.app/Contents/Developer/usr/bin/ibtool --version --output-format xml1

ExecuteExternalTool /Applications/Xcode.app/Contents/Developer/Toolchains/XcodeDefault.xctoolchain/usr/bin/clang -v -E -dM -arch arm64 -isysroot /Applications/Xcode.app/Contents/Developer/Platforms/iPhoneOS.platform/Developer/SDKs/iPhoneOS26.0.sdk -x objective-c -c /dev/null

ExecuteExternalTool /Applications/Xcode.app/Contents/Developer/Toolchains/XcodeDefault.xctoolchain/usr/bin/libtool -V

ExecuteExternalTool /Applications/Xcode.app/Contents/Developer/usr/bin/actool --print-asset-tag-combinations --output-format xml1 /Users/rs/Downloads/iris_health/ios/Runner/Assets.xcassets

ExecuteExternalTool /Applications/Xcode.app/Contents/Developer/Toolchains/XcodeDefault.xctoolchain/usr/bin/swiftc --version

ExecuteExternalTool /Applications/Xcode.app/Contents/Developer/Toolchains/XcodeDefault.xctoolchain/usr/bin/ld -version_details

ExecuteExternalTool /Applications/Xcode.app/Contents/Developer/usr/bin/actool --version --output-format xml1

Build description signature: 76dd29f084b81b34742716a90a90cbe2
Build description path: /Users/rs/Library/Developer/Xcode/DerivedData/Runner-epaiozztutbvyxgakugoajuwvgcv/Build/Intermediates.noindex/XCBuildData/76dd29f084b81b34742716a90a90cbe2.xcbuilddata
ClangStatCache /Applications/Xcode.app/Contents/Developer/Toolchains/XcodeDefault.xctoolchain/usr/bin/clang-stat-cache /Applications/Xcode.app/Contents/Developer/Platforms/iPhoneOS.platform/Developer/SDKs/iPhoneOS26.0.sdk /Users/rs/Library/Developer/Xcode/DerivedData/SDKStatCaches.noindex/iphoneos26.0-23A339-81ce72e5b06c9602b9d30b56f2eed08a.sdkstatcache
    cd /Users/rs/Downloads/iris_health/ios
    /Applications/Xcode.app/Contents/Developer/Toolchains/XcodeDefault.xctoolchain/usr/bin/clang-stat-cache /Applications/Xcode.app/Contents/Developer/Platforms/iPhoneOS.platform/Developer/SDKs/iPhoneOS26.0.sdk -o /Users/rs/Library/Developer/Xcode/DerivedData/SDKStatCaches.noindex/iphoneos26.0-23A339-81ce72e5b06c9602b9d30b56f2eed08a.sdkstatcache

ProcessInfoPlistFile /Users/rs/Library/Developer/Xcode/DerivedData/Runner-epaiozztutbvyxgakugoajuwvgcv/Build/Products/Debug-iphoneos/shared_preferences_foundation/shared_preferences_foundation_privacy.bundle/Info.plist /Users/rs/Downloads/iris_health/ios/Pods/Target\ Support\ Files/shared_preferences_foundation/ResourceBundle-shared_preferences_foundation_privacy-shared_preferences_foundation-Info.plist (in target 'shared_preferences_foundation-shared_preferences_foundation_privacy' from project 'Pods')
    cd /Users/rs/Downloads/iris_health/ios/Pods
    builtin-infoPlistUtility /Users/rs/Downloads/iris_health/ios/Pods/Target\ Support\ Files/shared_preferences_foundation/ResourceBundle-shared_preferences_foundation_privacy-shared_preferences_foundation-Info.plist -producttype com.apple.product-type.bundle -expandbuildsettings -format binary -platform iphoneos -requiredArchitecture arm64 -o /Users/rs/Library/Developer/Xcode/DerivedData/Runner-epaiozztutbvyxgakugoajuwvgcv/Build/Products/Debug-iphoneos/shared_preferences_foundation/shared_preferences_foundation_privacy.bundle/Info.plist

ProcessInfoPlistFile /Users/rs/Library/Developer/Xcode/DerivedData/Runner-epaiozztutbvyxgakugoajuwvgcv/Build/Products/Debug-iphoneos/camera_avfoundation/camera_avfoundation_privacy.bundle/Info.plist /Users/rs/Downloads/iris_health/ios/Pods/Target\ Support\ Files/camera_avfoundation/ResourceBundle-camera_avfoundation_privacy-camera_avfoundation-Info.plist (in target 'camera_avfoundation-camera_avfoundation_privacy' from project 'Pods')
    cd /Users/rs/Downloads/iris_health/ios/Pods
    builtin-infoPlistUtility /Users/rs/Downloads/iris_health/ios/Pods/Target\ Support\ Files/camera_avfoundation/ResourceBundle-camera_avfoundation_privacy-camera_avfoundation-Info.plist -producttype com.apple.product-type.bundle -expandbuildsettings -format binary -platform iphoneos -requiredArchitecture arm64 -o /Users/rs/Library/Developer/Xcode/DerivedData/Runner-epaiozztutbvyxgakugoajuwvgcv/Build/Products/Debug-iphoneos/camera_avfoundation/camera_avfoundation_privacy.bundle/Info.plist

ProcessInfoPlistFile /Users/rs/Library/Developer/Xcode/DerivedData/Runner-epaiozztutbvyxgakugoajuwvgcv/Build/Products/Debug-iphoneos/path_provider_foundation/path_provider_foundation_privacy.bundle/Info.plist /Users/rs/Downloads/iris_health/ios/Pods/Target\ Support\ Files/path_provider_foundation/ResourceBundle-path_provider_foundation_privacy-path_provider_foundation-Info.plist (in target 'path_provider_foundation-path_provider_foundation_privacy' from project 'Pods')
    cd /Users/rs/Downloads/iris_health/ios/Pods
    builtin-infoPlistUtility /Users/rs/Downloads/iris_health/ios/Pods/Target\ Support\ Files/path_provider_foundation/ResourceBundle-path_provider_foundation_privacy-path_provider_foundation-Info.plist -producttype com.apple.product-type.bundle -expandbuildsettings -format binary -platform iphoneos -requiredArchitecture arm64 -o /Users/rs/Library/Developer/Xcode/DerivedData/Runner-epaiozztutbvyxgakugoajuwvgcv/Build/Products/Debug-iphoneos/path_provider_foundation/path_provider_foundation_privacy.bundle/Info.plist

ProcessInfoPlistFile /Users/rs/Library/Developer/Xcode/DerivedData/Runner-epaiozztutbvyxgakugoajuwvgcv/Build/Products/Debug-iphoneos/path_provider_foundation/path_provider_foundation.framework/Info.plist /Users/rs/Downloads/iris_health/ios/Pods/Target\ Support\ Files/path_provider_foundation/path_provider_foundation-Info.plist (in target 'path_provider_foundation' from project 'Pods')
    cd /Users/rs/Downloads/iris_health/ios/Pods
    builtin-infoPlistUtility /Users/rs/Downloads/iris_health/ios/Pods/Target\ Support\ Files/path_provider_foundation/path_provider_foundation-Info.plist -producttype com.apple.product-type.framework -expandbuildsettings -format binary -platform iphoneos -requiredArchitecture arm64 -o /Users/rs/Library/Developer/Xcode/DerivedData/Runner-epaiozztutbvyxgakugoajuwvgcv/Build/Products/Debug-iphoneos/path_provider_foundation/path_provider_foundation.framework/Info.plist

CpResource /Users/rs/Library/Developer/Xcode/DerivedData/Runner-epaiozztutbvyxgakugoajuwvgcv/Build/Products/Debug-iphoneos/path_provider_foundation/path_provider_foundation.framework/path_provider_foundation_privacy.bundle /Users/rs/Library/Developer/Xcode/DerivedData/Runner-epaiozztutbvyxgakugoajuwvgcv/Build/Products/Debug-iphoneos/path_provider_foundation/path_provider_foundation_privacy.bundle (in target 'path_provider_foundation' from project 'Pods')
    cd /Users/rs/Downloads/iris_health/ios/Pods
    builtin-copy -exclude .DS_Store -exclude CVS -exclude .svn -exclude .git -exclude .hg -resolve-src-symlinks /Users/rs/Library/Developer/Xcode/DerivedData/Runner-epaiozztutbvyxgakugoajuwvgcv/Build/Products/Debug-iphoneos/path_provider_foundation/path_provider_foundation_privacy.bundle /Users/rs/Library/Developer/Xcode/DerivedData/Runner-epaiozztutbvyxgakugoajuwvgcv/Build/Products/Debug-iphoneos/path_provider_foundation/path_provider_foundation.framework

ProcessInfoPlistFile /Users/rs/Library/Developer/Xcode/DerivedData/Runner-epaiozztutbvyxgakugoajuwvgcv/Build/Products/Debug-iphoneos/shared_preferences_foundation/shared_preferences_foundation.framework/Info.plist /Users/rs/Downloads/iris_health/ios/Pods/Target\ Support\ Files/shared_preferences_foundation/shared_preferences_foundation-Info.plist (in target 'shared_preferences_foundation' from project 'Pods')
    cd /Users/rs/Downloads/iris_health/ios/Pods
    builtin-infoPlistUtility /Users/rs/Downloads/iris_health/ios/Pods/Target\ Support\ Files/shared_preferences_foundation/shared_preferences_foundation-Info.plist -producttype com.apple.product-type.framework -expandbuildsettings -format binary -platform iphoneos -requiredArchitecture arm64 -o /Users/rs/Library/Developer/Xcode/DerivedData/Runner-epaiozztutbvyxgakugoajuwvgcv/Build/Products/Debug-iphoneos/shared_preferences_foundation/shared_preferences_foundation.framework/Info.plist

CpResource /Users/rs/Library/Developer/Xcode/DerivedData/Runner-epaiozztutbvyxgakugoajuwvgcv/Build/Products/Debug-iphoneos/shared_preferences_foundation/shared_preferences_foundation.framework/shared_preferences_foundation_privacy.bundle /Users/rs/Library/Developer/Xcode/DerivedData/Runner-epaiozztutbvyxgakugoajuwvgcv/Build/Products/Debug-iphoneos/shared_preferences_foundation/shared_preferences_foundation_privacy.bundle (in target 'shared_preferences_foundation' from project 'Pods')
    cd /Users/rs/Downloads/iris_health/ios/Pods
    builtin-copy -exclude .DS_Store -exclude CVS -exclude .svn -exclude .git -exclude .hg -resolve-src-symlinks /Users/rs/Library/Developer/Xcode/DerivedData/Runner-epaiozztutbvyxgakugoajuwvgcv/Build/Products/Debug-iphoneos/shared_preferences_foundation/shared_preferences_foundation_privacy.bundle /Users/rs/Library/Developer/Xcode/DerivedData/Runner-epaiozztutbvyxgakugoajuwvgcv/Build/Products/Debug-iphoneos/shared_preferences_foundation/shared_preferences_foundation.framework

CpResource /Users/rs/Library/Developer/Xcode/DerivedData/Runner-epaiozztutbvyxgakugoajuwvgcv/Build/Products/Debug-iphoneos/camera_avfoundation/camera_avfoundation.framework/camera_avfoundation_privacy.bundle /Users/rs/Library/Developer/Xcode/DerivedData/Runner-epaiozztutbvyxgakugoajuwvgcv/Build/Products/Debug-iphoneos/camera_avfoundation/camera_avfoundation_privacy.bundle (in target 'camera_avfoundation' from project 'Pods')
    cd /Users/rs/Downloads/iris_health/ios/Pods
    builtin-copy -exclude .DS_Store -exclude CVS -exclude .svn -exclude .git -exclude .hg -resolve-src-symlinks /Users/rs/Library/Developer/Xcode/DerivedData/Runner-epaiozztutbvyxgakugoajuwvgcv/Build/Products/Debug-iphoneos/camera_avfoundation/camera_avfoundation_privacy.bundle /Users/rs/Library/Developer/Xcode/DerivedData/Runner-epaiozztutbvyxgakugoajuwvgcv/Build/Products/Debug-iphoneos/camera_avfoundation/camera_avfoundation.framework

ProcessInfoPlistFile /Users/rs/Library/Developer/Xcode/DerivedData/Runner-epaiozztutbvyxgakugoajuwvgcv/Build/Products/Debug-iphoneos/camera_avfoundation/camera_avfoundation.framework/Info.plist /Users/rs/Downloads/iris_health/ios/Pods/Target\ Support\ Files/camera_avfoundation/camera_avfoundation-Info.plist (in target 'camera_avfoundation' from project 'Pods')
    cd /Users/rs/Downloads/iris_health/ios/Pods
    builtin-infoPlistUtility /Users/rs/Downloads/iris_health/ios/Pods/Target\ Support\ Files/camera_avfoundation/camera_avfoundation-Info.plist -producttype com.apple.product-type.framework -expandbuildsettings -format binary -platform iphoneos -requiredArchitecture arm64 -o /Users/rs/Library/Developer/Xcode/DerivedData/Runner-epaiozztutbvyxgakugoajuwvgcv/Build/Products/Debug-iphoneos/camera_avfoundation/camera_avfoundation.framework/Info.plist

Ld /Users/rs/Library/Developer/Xcode/DerivedData/Runner-epaiozztutbvyxgakugoajuwvgcv/Build/Products/Debug-iphoneos/shared_preferences_foundation/shared_preferences_foundation.framework/shared_preferences_foundation normal (in target 'shared_preferences_foundation' from project 'Pods')
    cd /Users/rs/Downloads/iris_health/ios/Pods
    /Applications/Xcode.app/Contents/Developer/Toolchains/XcodeDefault.xctoolchain/usr/bin/clang -Xlinker -reproducible -target arm64-apple-ios13.0 -dynamiclib -isysroot /Applications/Xcode.app/Contents/Developer/Platforms/iPhoneOS.platform/Developer/SDKs/iPhoneOS26.0.sdk -O0 -L/Users/rs/Library/Developer/Xcode/DerivedData/Runner-epaiozztutbvyxgakugoajuwvgcv/Build/Intermediates.noindex/EagerLinkingTBDs/Debug-iphoneos -L/Users/rs/Library/Developer/Xcode/DerivedData/Runner-epaiozztutbvyxgakugoajuwvgcv/Build/Products/Debug-iphoneos/shared_preferences_foundation -L/Applications/Xcode.app/Contents/Developer/Toolchains/XcodeDefault.xctoolchain/usr/lib/swift/iphoneos -L/Applications/Xcode.app/Contents/Developer/Platforms/iPhoneOS.platform/Developer/SDKs/iPhoneOS26.0.sdk/usr/lib/swift -L/Applications/Xcode.app/Contents/Developer/Toolchains/XcodeDefault.xctoolchain/usr/lib/swift/iphoneos -L/Applications/Xcode.app/Contents/Developer/Platforms/iPhoneOS.platform/Developer/SDKs/iPhoneOS26.0.sdk/usr/lib/swift -F/Users/rs/Library/Developer/Xcode/DerivedData/Runner-epaiozztutbvyxgakugoajuwvgcv/Build/Intermediates.noindex/EagerLinkingTBDs/Debug-iphoneos -F/Users/rs/Library/Developer/Xcode/DerivedData/Runner-epaiozztutbvyxgakugoajuwvgcv/Build/Products/Debug-iphoneos/shared_preferences_foundation -F/Users/rs/flutter_sdk/bin/cache/artifacts/engine/ios/Flutter.xcframework/ios-arm64 -filelist /Users/rs/Library/Developer/Xcode/DerivedData/Runner-epaiozztutbvyxgakugoajuwvgcv/Build/Intermediates.noindex/Pods.build/Debug-iphoneos/shared_preferences_foundation.build/Objects-normal/arm64/shared_preferences_foundation.LinkFileList -install_name @rpath/shared_preferences_foundation.framework/shared_preferences_foundation -Xlinker -rpath -Xlinker /usr/lib/swift -dead_strip -Xlinker -object_path_lto -Xlinker /Users/rs/Library/Developer/Xcode/DerivedData/Runner-epaiozztutbvyxgakugoajuwvgcv/Build/Intermediates.noindex/Pods.build/Debug-iphoneos/shared_preferences_foundation.build/Objects-normal/arm64/shared_preferences_foundation_lto.o -rdynamic -Xlinker -no_deduplicate -Xlinker -dependency_info -Xlinker /Users/rs/Library/Developer/Xcode/DerivedData/Runner-epaiozztutbvyxgakugoajuwvgcv/Build/Intermediates.noindex/Pods.build/Debug-iphoneos/shared_preferences_foundation.build/Objects-normal/arm64/shared_preferences_foundation_dependency_info.dat -fobjc-arc -fobjc-link-runtime -L/Applications/Xcode.app/Contents/Developer/Toolchains/XcodeDefault.xctoolchain/usr/lib/swift/iphoneos -L/usr/lib/swift -Xlinker -add_ast_path -Xlinker /Users/rs/Library/Developer/Xcode/DerivedData/Runner-epaiozztutbvyxgakugoajuwvgcv/Build/Intermediates.noindex/Pods.build/Debug-iphoneos/shared_preferences_foundation.build/Objects-normal/arm64/shared_preferences_foundation.swiftmodule @/Users/rs/Library/Developer/Xcode/DerivedData/Runner-epaiozztutbvyxgakugoajuwvgcv/Build/Intermediates.noindex/Pods.build/Debug-iphoneos/shared_preferences_foundation.build/Objects-normal/arm64/shared_preferences_foundation-linker-args.resp -framework Flutter -framework Foundation -compatibility_version 1 -current_version 1 -o /Users/rs/Library/Developer/Xcode/DerivedData/Runner-epaiozztutbvyxgakugoajuwvgcv/Build/Products/Debug-iphoneos/shared_preferences_foundation/shared_preferences_foundation.framework/shared_preferences_foundation

Ld /Users/rs/Library/Developer/Xcode/DerivedData/Runner-epaiozztutbvyxgakugoajuwvgcv/Build/Products/Debug-iphoneos/path_provider_foundation/path_provider_foundation.framework/path_provider_foundation normal (in target 'path_provider_foundation' from project 'Pods')
    cd /Users/rs/Downloads/iris_health/ios/Pods
    /Applications/Xcode.app/Contents/Developer/Toolchains/XcodeDefault.xctoolchain/usr/bin/clang -Xlinker -reproducible -target arm64-apple-ios13.0 -dynamiclib -isysroot /Applications/Xcode.app/Contents/Developer/Platforms/iPhoneOS.platform/Developer/SDKs/iPhoneOS26.0.sdk -O0 -L/Users/rs/Library/Developer/Xcode/DerivedData/Runner-epaiozztutbvyxgakugoajuwvgcv/Build/Intermediates.noindex/EagerLinkingTBDs/Debug-iphoneos -L/Users/rs/Library/Developer/Xcode/DerivedData/Runner-epaiozztutbvyxgakugoajuwvgcv/Build/Products/Debug-iphoneos/path_provider_foundation -L/Applications/Xcode.app/Contents/Developer/Toolchains/XcodeDefault.xctoolchain/usr/lib/swift/iphoneos -L/Applications/Xcode.app/Contents/Developer/Platforms/iPhoneOS.platform/Developer/SDKs/iPhoneOS26.0.sdk/usr/lib/swift -L/Applications/Xcode.app/Contents/Developer/Toolchains/XcodeDefault.xctoolchain/usr/lib/swift/iphoneos -L/Applications/Xcode.app/Contents/Developer/Platforms/iPhoneOS.platform/Developer/SDKs/iPhoneOS26.0.sdk/usr/lib/swift -F/Users/rs/Library/Developer/Xcode/DerivedData/Runner-epaiozztutbvyxgakugoajuwvgcv/Build/Intermediates.noindex/EagerLinkingTBDs/Debug-iphoneos -F/Users/rs/Library/Developer/Xcode/DerivedData/Runner-epaiozztutbvyxgakugoajuwvgcv/Build/Products/Debug-iphoneos/path_provider_foundation -F/Users/rs/flutter_sdk/bin/cache/artifacts/engine/ios/Flutter.xcframework/ios-arm64 -filelist /Users/rs/Library/Developer/Xcode/DerivedData/Runner-epaiozztutbvyxgakugoajuwvgcv/Build/Intermediates.noindex/Pods.build/Debug-iphoneos/path_provider_foundation.build/Objects-normal/arm64/path_provider_foundation.LinkFileList -install_name @rpath/path_provider_foundation.framework/path_provider_foundation -Xlinker -rpath -Xlinker /usr/lib/swift -dead_strip -Xlinker -object_path_lto -Xlinker /Users/rs/Library/Developer/Xcode/DerivedData/Runner-epaiozztutbvyxgakugoajuwvgcv/Build/Intermediates.noindex/Pods.build/Debug-iphoneos/path_provider_foundation.build/Objects-normal/arm64/path_provider_foundation_lto.o -rdynamic -Xlinker -no_deduplicate -Xlinker -dependency_info -Xlinker /Users/rs/Library/Developer/Xcode/DerivedData/Runner-epaiozztutbvyxgakugoajuwvgcv/Build/Intermediates.noindex/Pods.build/Debug-iphoneos/path_provider_foundation.build/Objects-normal/arm64/path_provider_foundation_dependency_info.dat -fobjc-arc -fobjc-link-runtime -L/Applications/Xcode.app/Contents/Developer/Toolchains/XcodeDefault.xctoolchain/usr/lib/swift/iphoneos -L/usr/lib/swift -Xlinker -add_ast_path -Xlinker /Users/rs/Library/Developer/Xcode/DerivedData/Runner-epaiozztutbvyxgakugoajuwvgcv/Build/Intermediates.noindex/Pods.build/Debug-iphoneos/path_provider_foundation.build/Objects-normal/arm64/path_provider_foundation.swiftmodule @/Users/rs/Library/Developer/Xcode/DerivedData/Runner-epaiozztutbvyxgakugoajuwvgcv/Build/Intermediates.noindex/Pods.build/Debug-iphoneos/path_provider_foundation.build/Objects-normal/arm64/path_provider_foundation-linker-args.resp -framework Flutter -framework Foundation -compatibility_version 1 -current_version 1 -o /Users/rs/Library/Developer/Xcode/DerivedData/Runner-epaiozztutbvyxgakugoajuwvgcv/Build/Products/Debug-iphoneos/path_provider_foundation/path_provider_foundation.framework/path_provider_foundation

Ld /Users/rs/Library/Developer/Xcode/DerivedData/Runner-epaiozztutbvyxgakugoajuwvgcv/Build/Products/Debug-iphoneos/camera_avfoundation/camera_avfoundation.framework/camera_avfoundation normal (in target 'camera_avfoundation' from project 'Pods')
    cd /Users/rs/Downloads/iris_health/ios/Pods
    /Applications/Xcode.app/Contents/Developer/Toolchains/XcodeDefault.xctoolchain/usr/bin/clang -Xlinker -reproducible -target arm64-apple-ios13.0 -dynamiclib -isysroot /Applications/Xcode.app/Contents/Developer/Platforms/iPhoneOS.platform/Developer/SDKs/iPhoneOS26.0.sdk -O0 -L/Users/rs/Library/Developer/Xcode/DerivedData/Runner-epaiozztutbvyxgakugoajuwvgcv/Build/Intermediates.noindex/EagerLinkingTBDs/Debug-iphoneos -L/Users/rs/Library/Developer/Xcode/DerivedData/Runner-epaiozztutbvyxgakugoajuwvgcv/Build/Products/Debug-iphoneos/camera_avfoundation -L/Applications/Xcode.app/Contents/Developer/Toolchains/XcodeDefault.xctoolchain/usr/lib/swift/iphoneos -L/Applications/Xcode.app/Contents/Developer/Platforms/iPhoneOS.platform/Developer/SDKs/iPhoneOS26.0.sdk/usr/lib/swift -L/Applications/Xcode.app/Contents/Developer/Toolchains/XcodeDefault.xctoolchain/usr/lib/swift/iphoneos -L/Applications/Xcode.app/Contents/Developer/Platforms/iPhoneOS.platform/Developer/SDKs/iPhoneOS26.0.sdk/usr/lib/swift -F/Users/rs/Library/Developer/Xcode/DerivedData/Runner-epaiozztutbvyxgakugoajuwvgcv/Build/Intermediates.noindex/EagerLinkingTBDs/Debug-iphoneos -F/Users/rs/Library/Developer/Xcode/DerivedData/Runner-epaiozztutbvyxgakugoajuwvgcv/Build/Products/Debug-iphoneos/camera_avfoundation -F/Users/rs/flutter_sdk/bin/cache/artifacts/engine/ios/Flutter.xcframework/ios-arm64 -filelist /Users/rs/Library/Developer/Xcode/DerivedData/Runner-epaiozztutbvyxgakugoajuwvgcv/Build/Intermediates.noindex/Pods.build/Debug-iphoneos/camera_avfoundation.build/Objects-normal/arm64/camera_avfoundation.LinkFileList -install_name @rpath/camera_avfoundation.framework/camera_avfoundation -Xlinker -rpath -Xlinker /usr/lib/swift -dead_strip -Xlinker -object_path_lto -Xlinker /Users/rs/Library/Developer/Xcode/DerivedData/Runner-epaiozztutbvyxgakugoajuwvgcv/Build/Intermediates.noindex/Pods.build/Debug-iphoneos/camera_avfoundation.build/Objects-normal/arm64/camera_avfoundation_lto.o -rdynamic -Xlinker -no_deduplicate -Xlinker -dependency_info -Xlinker /Users/rs/Library/Developer/Xcode/DerivedData/Runner-epaiozztutbvyxgakugoajuwvgcv/Build/Intermediates.noindex/Pods.build/Debug-iphoneos/camera_avfoundation.build/Objects-normal/arm64/camera_avfoundation_dependency_info.dat -fobjc-arc -fobjc-link-runtime -L/Applications/Xcode.app/Contents/Developer/Toolchains/XcodeDefault.xctoolchain/usr/lib/swift/iphoneos -L/usr/lib/swift -Xlinker -add_ast_path -Xlinker /Users/rs/Library/Developer/Xcode/DerivedData/Runner-epaiozztutbvyxgakugoajuwvgcv/Build/Intermediates.noindex/Pods.build/Debug-iphoneos/camera_avfoundation.build/Objects-normal/arm64/camera_avfoundation.swiftmodule @/Users/rs/Library/Developer/Xcode/DerivedData/Runner-epaiozztutbvyxgakugoajuwvgcv/Build/Intermediates.noindex/Pods.build/Debug-iphoneos/camera_avfoundation.build/Objects-normal/arm64/camera_avfoundation-linker-args.resp -framework Flutter -framework Foundation -compatibility_version 1 -current_version 1 -o /Users/rs/Library/Developer/Xcode/DerivedData/Runner-epaiozztutbvyxgakugoajuwvgcv/Build/Products/Debug-iphoneos/camera_avfoundation/camera_avfoundation.framework/camera_avfoundation

ExtractAppIntentsMetadata (in target 'path_provider_foundation' from project 'Pods')
    cd /Users/rs/Downloads/iris_health/ios/Pods
    /Applications/Xcode.app/Contents/Developer/Toolchains/XcodeDefault.xctoolchain/usr/bin/appintentsmetadataprocessor --toolchain-dir /Applications/Xcode.app/Contents/Developer/Toolchains/XcodeDefault.xctoolchain --module-name path_provider_foundation --sdk-root /Applications/Xcode.app/Contents/Developer/Platforms/iPhoneOS.platform/Developer/SDKs/iPhoneOS26.0.sdk --xcode-version 17A400 --platform-family iOS --deployment-target 13.0 --bundle-identifier org.cocoapods.path-provider-foundation --output /Users/rs/Library/Developer/Xcode/DerivedData/Runner-epaiozztutbvyxgakugoajuwvgcv/Build/Products/Debug-iphoneos/path_provider_foundation/path_provider_foundation.framework --target-triple arm64-apple-ios13.0 --binary-file /Users/rs/Library/Developer/Xcode/DerivedData/Runner-epaiozztutbvyxgakugoajuwvgcv/Build/Products/Debug-iphoneos/path_provider_foundation/path_provider_foundation.framework/path_provider_foundation --dependency-file /Users/rs/Library/Developer/Xcode/DerivedData/Runner-epaiozztutbvyxgakugoajuwvgcv/Build/Intermediates.noindex/Pods.build/Debug-iphoneos/path_provider_foundation.build/Objects-normal/arm64/path_provider_foundation_dependency_info.dat --stringsdata-file /Users/rs/Library/Developer/Xcode/DerivedData/Runner-epaiozztutbvyxgakugoajuwvgcv/Build/Intermediates.noindex/Pods.build/Debug-iphoneos/path_provider_foundation.build/Objects-normal/arm64/ExtractedAppShortcutsMetadata.stringsdata --source-file-list /Users/rs/Library/Developer/Xcode/DerivedData/Runner-epaiozztutbvyxgakugoajuwvgcv/Build/Intermediates.noindex/Pods.build/Debug-iphoneos/path_provider_foundation.build/Objects-normal/arm64/path_provider_foundation.SwiftFileList --metadata-file-list /Users/rs/Library/Developer/Xcode/DerivedData/Runner-epaiozztutbvyxgakugoajuwvgcv/Build/Intermediates.noindex/Pods.build/Debug-iphoneos/path_provider_foundation.build/path_provider_foundation.DependencyMetadataFileList --static-metadata-file-list /Users/rs/Library/Developer/Xcode/DerivedData/Runner-epaiozztutbvyxgakugoajuwvgcv/Build/Intermediates.noindex/Pods.build/Debug-iphoneos/path_provider_foundation.build/path_provider_foundation.DependencyStaticMetadataFileList --swift-const-vals-list /Users/rs/Library/Developer/Xcode/DerivedData/Runner-epaiozztutbvyxgakugoajuwvgcv/Build/Intermediates.noindex/Pods.build/Debug-iphoneos/path_provider_foundation.build/Objects-normal/arm64/path_provider_foundation.SwiftConstValuesFileList --compile-time-extraction --deployment-aware-processing --validate-assistant-intents --no-app-shortcuts-localization
2025-12-22 11:23:47.137 appintentsmetadataprocessor[84573:6085830] Starting appintentsmetadataprocessor export
2025-12-22 11:23:47.138 appintentsmetadataprocessor[84573:6085830] warning: Metadata extraction skipped. No AppIntents.framework dependency found.

ExtractAppIntentsMetadata (in target 'shared_preferences_foundation' from project 'Pods')
    cd /Users/rs/Downloads/iris_health/ios/Pods
    /Applications/Xcode.app/Contents/Developer/Toolchains/XcodeDefault.xctoolchain/usr/bin/appintentsmetadataprocessor --toolchain-dir /Applications/Xcode.app/Contents/Developer/Toolchains/XcodeDefault.xctoolchain --module-name shared_preferences_foundation --sdk-root /Applications/Xcode.app/Contents/Developer/Platforms/iPhoneOS.platform/Developer/SDKs/iPhoneOS26.0.sdk --xcode-version 17A400 --platform-family iOS --deployment-target 13.0 --bundle-identifier org.cocoapods.shared-preferences-foundation --output /Users/rs/Library/Developer/Xcode/DerivedData/Runner-epaiozztutbvyxgakugoajuwvgcv/Build/Products/Debug-iphoneos/shared_preferences_foundation/shared_preferences_foundation.framework --target-triple arm64-apple-ios13.0 --binary-file /Users/rs/Library/Developer/Xcode/DerivedData/Runner-epaiozztutbvyxgakugoajuwvgcv/Build/Products/Debug-iphoneos/shared_preferences_foundation/shared_preferences_foundation.framework/shared_preferences_foundation --dependency-file /Users/rs/Library/Developer/Xcode/DerivedData/Runner-epaiozztutbvyxgakugoajuwvgcv/Build/Intermediates.noindex/Pods.build/Debug-iphoneos/shared_preferences_foundation.build/Objects-normal/arm64/shared_preferences_foundation_dependency_info.dat --stringsdata-file /Users/rs/Library/Developer/Xcode/DerivedData/Runner-epaiozztutbvyxgakugoajuwvgcv/Build/Intermediates.noindex/Pods.build/Debug-iphoneos/shared_preferences_foundation.build/Objects-normal/arm64/ExtractedAppShortcutsMetadata.stringsdata --source-file-list /Users/rs/Library/Developer/Xcode/DerivedData/Runner-epaiozztutbvyxgakugoajuwvgcv/Build/Intermediates.noindex/Pods.build/Debug-iphoneos/shared_preferences_foundation.build/Objects-normal/arm64/shared_preferences_foundation.SwiftFileList --metadata-file-list /Users/rs/Library/Developer/Xcode/DerivedData/Runner-epaiozztutbvyxgakugoajuwvgcv/Build/Intermediates.noindex/Pods.build/Debug-iphoneos/shared_preferences_foundation.build/shared_preferences_foundation.DependencyMetadataFileList --static-metadata-file-list /Users/rs/Library/Developer/Xcode/DerivedData/Runner-epaiozztutbvyxgakugoajuwvgcv/Build/Intermediates.noindex/Pods.build/Debug-iphoneos/shared_preferences_foundation.build/shared_preferences_foundation.DependencyStaticMetadataFileList --swift-const-vals-list /Users/rs/Library/Developer/Xcode/DerivedData/Runner-epaiozztutbvyxgakugoajuwvgcv/Build/Intermediates.noindex/Pods.build/Debug-iphoneos/shared_preferences_foundation.build/Objects-normal/arm64/shared_preferences_foundation.SwiftConstValuesFileList --compile-time-extraction --deployment-aware-processing --validate-assistant-intents --no-app-shortcuts-localization
2025-12-22 11:23:47.137 appintentsmetadataprocessor[84574:6085831] Starting appintentsmetadataprocessor export
2025-12-22 11:23:47.138 appintentsmetadataprocessor[84574:6085831] warning: Metadata extraction skipped. No AppIntents.framework dependency found.

ExtractAppIntentsMetadata (in target 'camera_avfoundation' from project 'Pods')
    cd /Users/rs/Downloads/iris_health/ios/Pods
    /Applications/Xcode.app/Contents/Developer/Toolchains/XcodeDefault.xctoolchain/usr/bin/appintentsmetadataprocessor --toolchain-dir /Applications/Xcode.app/Contents/Developer/Toolchains/XcodeDefault.xctoolchain --module-name camera_avfoundation --sdk-root /Applications/Xcode.app/Contents/Developer/Platforms/iPhoneOS.platform/Developer/SDKs/iPhoneOS26.0.sdk --xcode-version 17A400 --platform-family iOS --deployment-target 13.0 --bundle-identifier org.cocoapods.camera-avfoundation --output /Users/rs/Library/Developer/Xcode/DerivedData/Runner-epaiozztutbvyxgakugoajuwvgcv/Build/Products/Debug-iphoneos/camera_avfoundation/camera_avfoundation.framework --target-triple arm64-apple-ios13.0 --binary-file /Users/rs/Library/Developer/Xcode/DerivedData/Runner-epaiozztutbvyxgakugoajuwvgcv/Build/Products/Debug-iphoneos/camera_avfoundation/camera_avfoundation.framework/camera_avfoundation --dependency-file /Users/rs/Library/Developer/Xcode/DerivedData/Runner-epaiozztutbvyxgakugoajuwvgcv/Build/Intermediates.noindex/Pods.build/Debug-iphoneos/camera_avfoundation.build/Objects-normal/arm64/camera_avfoundation_dependency_info.dat --stringsdata-file /Users/rs/Library/Developer/Xcode/DerivedData/Runner-epaiozztutbvyxgakugoajuwvgcv/Build/Intermediates.noindex/Pods.build/Debug-iphoneos/camera_avfoundation.build/Objects-normal/arm64/ExtractedAppShortcutsMetadata.stringsdata --source-file-list /Users/rs/Library/Developer/Xcode/DerivedData/Runner-epaiozztutbvyxgakugoajuwvgcv/Build/Intermediates.noindex/Pods.build/Debug-iphoneos/camera_avfoundation.build/Objects-normal/arm64/camera_avfoundation.SwiftFileList --metadata-file-list /Users/rs/Library/Developer/Xcode/DerivedData/Runner-epaiozztutbvyxgakugoajuwvgcv/Build/Intermediates.noindex/Pods.build/Debug-iphoneos/camera_avfoundation.build/camera_avfoundation.DependencyMetadataFileList --static-metadata-file-list /Users/rs/Library/Developer/Xcode/DerivedData/Runner-epaiozztutbvyxgakugoajuwvgcv/Build/Intermediates.noindex/Pods.build/Debug-iphoneos/camera_avfoundation.build/camera_avfoundation.DependencyStaticMetadataFileList --swift-const-vals-list /Users/rs/Library/Developer/Xcode/DerivedData/Runner-epaiozztutbvyxgakugoajuwvgcv/Build/Intermediates.noindex/Pods.build/Debug-iphoneos/camera_avfoundation.build/Objects-normal/arm64/camera_avfoundation.SwiftConstValuesFileList --compile-time-extraction --deployment-aware-processing --validate-assistant-intents --no-app-shortcuts-localization
2025-12-22 11:23:47.137 appintentsmetadataprocessor[84575:6085832] Starting appintentsmetadataprocessor export
2025-12-22 11:23:47.138 appintentsmetadataprocessor[84575:6085832] warning: Metadata extraction skipped. No AppIntents.framework dependency found.

GenerateTAPI /Users/rs/Library/Developer/Xcode/DerivedData/Runner-epaiozztutbvyxgakugoajuwvgcv/Build/Intermediates.noindex/EagerLinkingTBDs/Debug-iphoneos/shared_preferences_foundation.framework/shared_preferences_foundation.tbd (in target 'shared_preferences_foundation' from project 'Pods')
    cd /Users/rs/Downloads/iris_health/ios/Pods
    /Applications/Xcode.app/Contents/Developer/Toolchains/XcodeDefault.xctoolchain/usr/bin/tapi stubify -isysroot /Applications/Xcode.app/Contents/Developer/Platforms/iPhoneOS.platform/Developer/SDKs/iPhoneOS26.0.sdk -F/Users/rs/Library/Developer/Xcode/DerivedData/Runner-epaiozztutbvyxgakugoajuwvgcv/Build/Products/Debug-iphoneos/shared_preferences_foundation -F/Users/rs/flutter_sdk/bin/cache/artifacts/engine/ios/Flutter.xcframework/ios-arm64 -L/Users/rs/Library/Developer/Xcode/DerivedData/Runner-epaiozztutbvyxgakugoajuwvgcv/Build/Products/Debug-iphoneos/shared_preferences_foundation -L/Applications/Xcode.app/Contents/Developer/Toolchains/XcodeDefault.xctoolchain/usr/lib/swift/iphoneos -L/Applications/Xcode.app/Contents/Developer/Platforms/iPhoneOS.platform/Developer/SDKs/iPhoneOS26.0.sdk/usr/lib/swift -L/Applications/Xcode.app/Contents/Developer/Toolchains/XcodeDefault.xctoolchain/usr/lib/swift/iphoneos -L/Applications/Xcode.app/Contents/Developer/Platforms/iPhoneOS.platform/Developer/SDKs/iPhoneOS26.0.sdk/usr/lib/swift /Users/rs/Library/Developer/Xcode/DerivedData/Runner-epaiozztutbvyxgakugoajuwvgcv/Build/Products/Debug-iphoneos/shared_preferences_foundation/shared_preferences_foundation.framework/shared_preferences_foundation -o /Users/rs/Library/Developer/Xcode/DerivedData/Runner-epaiozztutbvyxgakugoajuwvgcv/Build/Intermediates.noindex/EagerLinkingTBDs/Debug-iphoneos/shared_preferences_foundation.framework/shared_preferences_foundation.tbd

GenerateTAPI /Users/rs/Library/Developer/Xcode/DerivedData/Runner-epaiozztutbvyxgakugoajuwvgcv/Build/Intermediates.noindex/EagerLinkingTBDs/Debug-iphoneos/path_provider_foundation.framework/path_provider_foundation.tbd (in target 'path_provider_foundation' from project 'Pods')
    cd /Users/rs/Downloads/iris_health/ios/Pods
    /Applications/Xcode.app/Contents/Developer/Toolchains/XcodeDefault.xctoolchain/usr/bin/tapi stubify -isysroot /Applications/Xcode.app/Contents/Developer/Platforms/iPhoneOS.platform/Developer/SDKs/iPhoneOS26.0.sdk -F/Users/rs/Library/Developer/Xcode/DerivedData/Runner-epaiozztutbvyxgakugoajuwvgcv/Build/Products/Debug-iphoneos/path_provider_foundation -F/Users/rs/flutter_sdk/bin/cache/artifacts/engine/ios/Flutter.xcframework/ios-arm64 -L/Users/rs/Library/Developer/Xcode/DerivedData/Runner-epaiozztutbvyxgakugoajuwvgcv/Build/Products/Debug-iphoneos/path_provider_foundation -L/Applications/Xcode.app/Contents/Developer/Toolchains/XcodeDefault.xctoolchain/usr/lib/swift/iphoneos -L/Applications/Xcode.app/Contents/Developer/Platforms/iPhoneOS.platform/Developer/SDKs/iPhoneOS26.0.sdk/usr/lib/swift -L/Applications/Xcode.app/Contents/Developer/Toolchains/XcodeDefault.xctoolchain/usr/lib/swift/iphoneos -L/Applications/Xcode.app/Contents/Developer/Platforms/iPhoneOS.platform/Developer/SDKs/iPhoneOS26.0.sdk/usr/lib/swift /Users/rs/Library/Developer/Xcode/DerivedData/Runner-epaiozztutbvyxgakugoajuwvgcv/Build/Products/Debug-iphoneos/path_provider_foundation/path_provider_foundation.framework/path_provider_foundation -o /Users/rs/Library/Developer/Xcode/DerivedData/Runner-epaiozztutbvyxgakugoajuwvgcv/Build/Intermediates.noindex/EagerLinkingTBDs/Debug-iphoneos/path_provider_foundation.framework/path_provider_foundation.tbd

GenerateTAPI /Users/rs/Library/Developer/Xcode/DerivedData/Runner-epaiozztutbvyxgakugoajuwvgcv/Build/Intermediates.noindex/EagerLinkingTBDs/Debug-iphoneos/camera_avfoundation.framework/camera_avfoundation.tbd (in target 'camera_avfoundation' from project 'Pods')
    cd /Users/rs/Downloads/iris_health/ios/Pods
    /Applications/Xcode.app/Contents/Developer/Toolchains/XcodeDefault.xctoolchain/usr/bin/tapi stubify -isysroot /Applications/Xcode.app/Contents/Developer/Platforms/iPhoneOS.platform/Developer/SDKs/iPhoneOS26.0.sdk -F/Users/rs/Library/Developer/Xcode/DerivedData/Runner-epaiozztutbvyxgakugoajuwvgcv/Build/Products/Debug-iphoneos/camera_avfoundation -F/Users/rs/flutter_sdk/bin/cache/artifacts/engine/ios/Flutter.xcframework/ios-arm64 -L/Users/rs/Library/Developer/Xcode/DerivedData/Runner-epaiozztutbvyxgakugoajuwvgcv/Build/Products/Debug-iphoneos/camera_avfoundation -L/Applications/Xcode.app/Contents/Developer/Toolchains/XcodeDefault.xctoolchain/usr/lib/swift/iphoneos -L/Applications/Xcode.app/Contents/Developer/Platforms/iPhoneOS.platform/Developer/SDKs/iPhoneOS26.0.sdk/usr/lib/swift -L/Applications/Xcode.app/Contents/Developer/Toolchains/XcodeDefault.xctoolchain/usr/lib/swift/iphoneos -L/Applications/Xcode.app/Contents/Developer/Platforms/iPhoneOS.platform/Developer/SDKs/iPhoneOS26.0.sdk/usr/lib/swift /Users/rs/Library/Developer/Xcode/DerivedData/Runner-epaiozztutbvyxgakugoajuwvgcv/Build/Products/Debug-iphoneos/camera_avfoundation/camera_avfoundation.framework/camera_avfoundation -o /Users/rs/Library/Developer/Xcode/DerivedData/Runner-epaiozztutbvyxgakugoajuwvgcv/Build/Intermediates.noindex/EagerLinkingTBDs/Debug-iphoneos/camera_avfoundation.framework/camera_avfoundation.tbd

ProcessInfoPlistFile /Users/rs/Library/Developer/Xcode/DerivedData/Runner-epaiozztutbvyxgakugoajuwvgcv/Build/Products/Debug-iphoneos/Pods_Runner.framework/Info.plist /Users/rs/Downloads/iris_health/ios/Pods/Target\ Support\ Files/Pods-Runner/Pods-Runner-Info.plist (in target 'Pods-Runner' from project 'Pods')
    cd /Users/rs/Downloads/iris_health/ios/Pods
    builtin-infoPlistUtility /Users/rs/Downloads/iris_health/ios/Pods/Target\ Support\ Files/Pods-Runner/Pods-Runner-Info.plist -producttype com.apple.product-type.framework -expandbuildsettings -format binary -platform iphoneos -requiredArchitecture arm64 -o /Users/rs/Library/Developer/Xcode/DerivedData/Runner-epaiozztutbvyxgakugoajuwvgcv/Build/Products/Debug-iphoneos/Pods_Runner.framework/Info.plist

note: Run script build phase 'Thin Binary' will be run during every build because the option to run the script phase "Based on dependency analysis" is unchecked. (in target 'Runner' from project 'Runner')
note: Run script build phase 'Run Script' will be run during every build because the option to run the script phase "Based on dependency analysis" is unchecked. (in target 'Runner' from project 'Runner')
PhaseScriptExecution [CP]\ Check\ Pods\ Manifest.lock /Users/rs/Library/Developer/Xcode/DerivedData/Runner-epaiozztutbvyxgakugoajuwvgcv/Build/Intermediates.noindex/Runner.build/Debug-iphoneos/Runner.build/Script-9709DD6AC65051928C362827.sh (in target 'Runner' from project 'Runner')
    cd /Users/rs/Downloads/iris_health/ios
    /bin/sh -c /Users/rs/Library/Developer/Xcode/DerivedData/Runner-epaiozztutbvyxgakugoajuwvgcv/Build/Intermediates.noindex/Runner.build/Debug-iphoneos/Runner.build/Script-9709DD6AC65051928C362827.sh

PhaseScriptExecution Run\ Script /Users/rs/Library/Developer/Xcode/DerivedData/Runner-epaiozztutbvyxgakugoajuwvgcv/Build/Intermediates.noindex/Runner.build/Debug-iphoneos/Runner.build/Script-9740EEB61CF901F6004384FC.sh (in target 'Runner' from project 'Runner')
    cd /Users/rs/Downloads/iris_health/ios
    export ACTION\=build
    export AD_HOC_CODE_SIGNING_ALLOWED\=NO
    export AGGREGATE_TRACKED_DOMAINS\=YES
    export ALLOW_BUILD_REQUEST_OVERRIDES\=NO
    export ALLOW_TARGET_PLATFORM_SPECIALIZATION\=NO
    export ALTERNATE_GROUP\=staff
    export ALTERNATE_MODE\=u+w,go-w,a+rX
    export ALTERNATE_OWNER\=rs
    export ALTERNATIVE_DISTRIBUTION_WEB\=NO
    export ALWAYS_EMBED_SWIFT_STANDARD_LIBRARIES\=YES
    export ALWAYS_SEARCH_USER_PATHS\=NO
    export ALWAYS_USE_SEPARATE_HEADERMAPS\=NO
    export ANDROID_DEPLOYMENT_TARGET\=21.0
    export APPLICATION_EXTENSION_API_ONLY\=NO
    export APPLY_RULES_IN_COPY_FILES\=NO
    export APPLY_RULES_IN_COPY_HEADERS\=NO
    export APP_SHORTCUTS_ENABLE_FLEXIBLE_MATCHING\=YES
    export ARCHS\=arm64
    export ARCHS_STANDARD\=arm64
    export ARCHS_STANDARD_32_64_BIT\=armv7\ arm64
    export ARCHS_STANDARD_32_BIT\=armv7
    export ARCHS_STANDARD_64_BIT\=arm64
    export ARCHS_STANDARD_INCLUDING_64_BIT\=arm64
    export ARCHS_UNIVERSAL_IPHONE_OS\=armv7\ arm64
    export ASSETCATALOG_COMPILER_APPICON_NAME\=AppIcon
    export ASSETCATALOG_COMPILER_GENERATE_SWIFT_ASSET_SYMBOL_EXTENSIONS\=YES
    export AUTOMATICALLY_MERGE_DEPENDENCIES\=NO
    export AUTOMATION_APPLE_EVENTS\=NO
    export AVAILABLE_PLATFORMS\=android\ appletvos\ appletvsimulator\ driverkit\ iphoneos\ iphonesimulator\ macosx\ qnx\ watchos\ watchsimulator\ webassembly\ xros\ xrsimulator
    export BUILD_ACTIVE_RESOURCES_ONLY\=NO
    export BUILD_COMPONENTS\=headers\ build
    export BUILD_DIR\=/Users/rs/Library/Developer/Xcode/DerivedData/Runner-epaiozztutbvyxgakugoajuwvgcv/Build/Products
    export BUILD_LIBRARY_FOR_DISTRIBUTION\=NO
    export BUILD_ROOT\=/Users/rs/Library/Developer/Xcode/DerivedData/Runner-epaiozztutbvyxgakugoajuwvgcv/Build/Products
    export BUILD_STYLE\=
    export BUILD_VARIANTS\=normal
    export BUILT_PRODUCTS_DIR\=/Users/rs/Library/Developer/Xcode/DerivedData/Runner-epaiozztutbvyxgakugoajuwvgcv/Build/Products/Debug-iphoneos
    export BUNDLE_CONTENTS_FOLDER_PATH_deep\=Contents/
    export BUNDLE_EXECUTABLE_FOLDER_NAME_deep\=MacOS
    export BUNDLE_EXTENSIONS_FOLDER_PATH\=Extensions
    export BUNDLE_FORMAT\=shallow
    export BUNDLE_FRAMEWORKS_FOLDER_PATH\=Frameworks
    export BUNDLE_PLUGINS_FOLDER_PATH\=PlugIns
    export BUNDLE_PRIVATE_HEADERS_FOLDER_PATH\=PrivateHeaders
    export BUNDLE_PUBLIC_HEADERS_FOLDER_PATH\=Headers
    export CACHE_ROOT\=/var/folders/fm/4c4grv2d7kbcvg_b1345_75h0000gn/C/com.apple.DeveloperTools/26.0.1-17A400/Xcode
    export CCHROOT\=/var/folders/fm/4c4grv2d7kbcvg_b1345_75h0000gn/C/com.apple.DeveloperTools/26.0.1-17A400/Xcode
    export CHMOD\=/bin/chmod
    export CHOWN\=/usr/sbin/chown
    export CLANG_ANALYZER_NONNULL\=YES
    export CLANG_CACHE_FINE_GRAINED_OUTPUTS\=YES
    export CLANG_CXX_LANGUAGE_STANDARD\=gnu++0x
    export CLANG_CXX_LIBRARY\=libc++
    export CLANG_DEBUG_INFORMATION_LEVEL\=line-tables-only
    export CLANG_ENABLE_EXPLICIT_MODULES\=YES
    export CLANG_ENABLE_MODULES\=YES
    export CLANG_ENABLE_OBJC_ARC\=YES
    export CLANG_MODULES_BUILD_SESSION_FILE\=/Users/rs/Library/Developer/Xcode/DerivedData/ModuleCache.noindex/Session.modulevalidation
    export CLANG_WARN_BLOCK_CAPTURE_AUTORELEASING\=YES
    export CLANG_WARN_BOOL_CONVERSION\=YES
    export CLANG_WARN_COMMA\=YES
    export CLANG_WARN_CONSTANT_CONVERSION\=YES
    export CLANG_WARN_DEPRECATED_OBJC_IMPLEMENTATIONS\=YES
    export CLANG_WARN_DIRECT_OBJC_ISA_USAGE\=YES_ERROR
    export CLANG_WARN_EMPTY_BODY\=YES
    export CLANG_WARN_ENUM_CONVERSION\=YES
    export CLANG_WARN_INFINITE_RECURSION\=YES
    export CLANG_WARN_INT_CONVERSION\=YES
    export CLANG_WARN_NON_LITERAL_NULL_CONVERSION\=YES
    export CLANG_WARN_OBJC_IMPLICIT_RETAIN_SELF\=YES
    export CLANG_WARN_OBJC_LITERAL_CONVERSION\=YES
    export CLANG_WARN_OBJC_ROOT_CLASS\=YES_ERROR
    export CLANG_WARN_QUOTED_INCLUDE_IN_FRAMEWORK_HEADER\=NO
    export CLANG_WARN_RANGE_LOOP_ANALYSIS\=YES
    export CLANG_WARN_STRICT_PROTOTYPES\=YES
    export CLANG_WARN_SUSPICIOUS_MOVE\=YES
    export CLANG_WARN_UNREACHABLE_CODE\=YES
    export CLANG_WARN__DUPLICATE_METHOD_MATCH\=YES
    export CLASS_FILE_DIR\=/Users/rs/Library/Developer/Xcode/DerivedData/Runner-epaiozztutbvyxgakugoajuwvgcv/Build/Intermediates.noindex/Runner.build/Debug-iphoneos/Runner.build/JavaClasses
    export CLEAN_PRECOMPS\=YES
    export CLONE_HEADERS\=NO
    export COCOAPODS_PARALLEL_CODE_SIGN\=true
    export CODESIGNING_FOLDER_PATH\=/Users/rs/Library/Developer/Xcode/DerivedData/Runner-epaiozztutbvyxgakugoajuwvgcv/Build/Products/Debug-iphoneos/Runner.app
    export CODE_SIGNING_ALLOWED\=NO
    export CODE_SIGNING_REQUIRED\=YES
    export CODE_SIGN_CONTEXT_CLASS\=XCiPhoneOSCodeSignContext
    export CODE_SIGN_IDENTITY\=iPhone\ Developer
    export CODE_SIGN_INJECT_BASE_ENTITLEMENTS\=YES
    export COLOR_DIAGNOSTICS\=NO
    export COMBINE_HIDPI_IMAGES\=NO
    export COMPILATION_CACHE_CAS_PATH\=/Users/rs/Library/Developer/Xcode/DerivedData/CompilationCache.noindex
    export COMPILATION_CACHE_KEEP_CAS_DIRECTORY\=YES
    export COMPILER_INDEX_STORE_ENABLE\=Default
    export COMPOSITE_SDK_DIRS\=/Users/rs/Library/Developer/Xcode/DerivedData/Runner-epaiozztutbvyxgakugoajuwvgcv/Build/Intermediates.noindex/CompositeSDKs
    export COMPRESS_PNG_FILES\=YES
    export CONFIGURATION\=Debug
    export CONFIGURATION_BUILD_DIR\=/Users/rs/Library/Developer/Xcode/DerivedData/Runner-epaiozztutbvyxgakugoajuwvgcv/Build/Products/Debug-iphoneos
    export CONFIGURATION_TEMP_DIR\=/Users/rs/Library/Developer/Xcode/DerivedData/Runner-epaiozztutbvyxgakugoajuwvgcv/Build/Intermediates.noindex/Runner.build/Debug-iphoneos
    export CONTENTS_FOLDER_PATH\=Runner.app
    export CONTENTS_FOLDER_PATH_SHALLOW_BUNDLE_NO\=Runner.app/Contents
    export CONTENTS_FOLDER_PATH_SHALLOW_BUNDLE_YES\=Runner.app
    export COPYING_PRESERVES_HFS_DATA\=NO
    export COPY_HEADERS_RUN_UNIFDEF\=NO
    export COPY_PHASE_STRIP\=NO
    export CORRESPONDING_SIMULATOR_PLATFORM_DIR\=/Applications/Xcode.app/Contents/Developer/Platforms/iPhoneSimulator.platform
    export CORRESPONDING_SIMULATOR_PLATFORM_NAME\=iphonesimulator
    export CORRESPONDING_SIMULATOR_SDK_DIR\=/Applications/Xcode.app/Contents/Developer/Platforms/iPhoneSimulator.platform/Developer/SDKs/iPhoneSimulator26.0.sdk
    export CORRESPONDING_SIMULATOR_SDK_NAME\=iphonesimulator26.0
    export CP\=/bin/cp
    export CREATE_INFOPLIST_SECTION_IN_BINARY\=NO
    export CURRENT_ARCH\=undefined_arch
    export CURRENT_PROJECT_VERSION\=1
    export CURRENT_VARIANT\=normal
    export DART_DEFINES\=RkxVVFRFUl9WRVJTSU9OPTMuMzguNQ\=\=,RkxVVFRFUl9DSEFOTkVMPXN0YWJsZQ\=\=,RkxVVFRFUl9HSVRfVVJMPWh0dHBzOi8vZ2l0aHViLmNvbS9mbHV0dGVyL2ZsdXR0ZXIuZ2l0,RkxVVFRFUl9GUkFNRVdPUktfUkVWSVNJT049ZjZmZjE1MjlmZA\=\=,RkxVVFRFUl9FTkdJTkVfUkVWSVNJT049MTUyN2FlMGVjNQ\=\=,RkxVVFRFUl9EQVJUX1ZFUlNJT049My4xMC40
    export DART_OBFUSCATION\=false
    export DEAD_CODE_STRIPPING\=YES
    export DEBUGGING_SYMBOLS\=YES
    export DEBUG_INFORMATION_FORMAT\=dwarf-with-dsym
    export DEBUG_INFORMATION_VERSION\=compiler-default
    export DEFAULT_COMPILER\=com.apple.compilers.llvm.clang.1_0
    export DEFAULT_DEXT_INSTALL_PATH\=/System/Library/DriverExtensions
    export DEFAULT_KEXT_INSTALL_PATH\=/System/Library/Extensions
    export DEFINES_MODULE\=NO
    export DEPLOYMENT_LOCATION\=NO
    export DEPLOYMENT_POSTPROCESSING\=NO
    export DEPLOYMENT_TARGET_SETTING_NAME\=IPHONEOS_DEPLOYMENT_TARGET
    export DEPLOYMENT_TARGET_SUGGESTED_VALUES\=12.0\ 12.1\ 12.2\ 12.3\ 12.4\ 13.0\ 13.1\ 13.2\ 13.3\ 13.4\ 13.5\ 13.6\ 14.0\ 14.1\ 14.2\ 14.3\ 14.4\ 14.5\ 14.6\ 14.7\ 15.0\ 15.1\ 15.2\ 15.3\ 15.4\ 15.5\ 15.6\ 16.0\ 16.1\ 16.2\ 16.3\ 16.4\ 16.5\ 16.6\ 17.0\ 17.1\ 17.2\ 17.3\ 17.4\ 17.5\ 17.6\ 18.0\ 18.1\ 18.2\ 18.3\ 18.4\ 18.5\ 18.6\ 26.0
    export DERIVED_FILES_DIR\=/Users/rs/Library/Developer/Xcode/DerivedData/Runner-epaiozztutbvyxgakugoajuwvgcv/Build/Intermediates.noindex/Runner.build/Debug-iphoneos/Runner.build/DerivedSources
    export DERIVED_FILE_DIR\=/Users/rs/Library/Developer/Xcode/DerivedData/Runner-epaiozztutbvyxgakugoajuwvgcv/Build/Intermediates.noindex/Runner.build/Debug-iphoneos/Runner.build/DerivedSources
    export DERIVED_SOURCES_DIR\=/Users/rs/Library/Developer/Xcode/DerivedData/Runner-epaiozztutbvyxgakugoajuwvgcv/Build/Intermediates.noindex/Runner.build/Debug-iphoneos/Runner.build/DerivedSources
    export DERIVE_MACCATALYST_PRODUCT_BUNDLE_IDENTIFIER\=NO
    export DEVELOPER_APPLICATIONS_DIR\=/Applications/Xcode.app/Contents/Developer/Applications
    export DEVELOPER_BIN_DIR\=/Applications/Xcode.app/Contents/Developer/usr/bin
    export DEVELOPER_DIR\=/Applications/Xcode.app/Contents/Developer
    export DEVELOPER_FRAMEWORKS_DIR\=/Applications/Xcode.app/Contents/Developer/Library/Frameworks
    export DEVELOPER_FRAMEWORKS_DIR_QUOTED\=/Applications/Xcode.app/Contents/Developer/Library/Frameworks
    export DEVELOPER_LIBRARY_DIR\=/Applications/Xcode.app/Contents/Developer/Library
    export DEVELOPER_SDK_DIR\=/Applications/Xcode.app/Contents/Developer/Platforms/MacOSX.platform/Developer/SDKs
    export DEVELOPER_TOOLS_DIR\=/Applications/Xcode.app/Contents/Developer/Tools
    export DEVELOPER_USR_DIR\=/Applications/Xcode.app/Contents/Developer/usr
    export DEVELOPMENT_LANGUAGE\=en
    export DEVELOPMENT_TEAM\=NRM5S9G6G2
    export DIAGNOSE_MISSING_TARGET_DEPENDENCIES\=YES
    export DIFF\=/usr/bin/diff
    export DOCUMENTATION_FOLDER_PATH\=Runner.app/en.lproj/Documentation
    export DONT_GENERATE_INFOPLIST_FILE\=NO
    export DSTROOT\=/tmp/Runner.dst
    export DT_TOOLCHAIN_DIR\=/Applications/Xcode.app/Contents/Developer/Toolchains/XcodeDefault.xctoolchain
    export DWARF_DSYM_FILE_NAME\=Runner.app.dSYM
    export DWARF_DSYM_FILE_SHOULD_ACCOMPANY_PRODUCT\=NO
    export DWARF_DSYM_FOLDER_PATH\=/Users/rs/Library/Developer/Xcode/DerivedData/Runner-epaiozztutbvyxgakugoajuwvgcv/Build/Products/Debug-iphoneos
    export DYNAMIC_LIBRARY_EXTENSION\=dylib
    export EAGER_COMPILATION_ALLOW_SCRIPTS\=NO
    export EAGER_LINKING\=NO
    export EFFECTIVE_PLATFORM_NAME\=-iphoneos
    export EMBEDDED_CONTENT_CONTAINS_SWIFT\=NO
    export EMBEDDED_PROFILE_NAME\=embedded.mobileprovision
    export EMBED_ASSET_PACKS_IN_PRODUCT_BUNDLE\=NO
    export ENABLE_APP_SANDBOX\=NO
    export ENABLE_BITCODE\=NO
    export ENABLE_CODE_COVERAGE\=YES
    export ENABLE_CPLUSPLUS_BOUNDS_SAFE_BUFFERS\=NO
    export ENABLE_C_BOUNDS_SAFETY\=NO
    export ENABLE_DEBUG_DYLIB\=YES
    export ENABLE_DEFAULT_HEADER_SEARCH_PATHS\=YES
    export ENABLE_DEFAULT_SEARCH_PATHS\=YES
    export ENABLE_ENHANCED_SECURITY\=NO
    export ENABLE_HARDENED_RUNTIME\=NO
    export ENABLE_HEADER_DEPENDENCIES\=YES
    export ENABLE_INCOMING_NETWORK_CONNECTIONS\=NO
    export ENABLE_ON_DEMAND_RESOURCES\=YES
    export ENABLE_OUTGOING_NETWORK_CONNECTIONS\=NO
    export ENABLE_POINTER_AUTHENTICATION\=NO
    export ENABLE_PREVIEWS\=NO
    export ENABLE_RESOURCE_ACCESS_AUDIO_INPUT\=NO
    export ENABLE_RESOURCE_ACCESS_BLUETOOTH\=NO
    export ENABLE_RESOURCE_ACCESS_CALENDARS\=NO
    export ENABLE_RESOURCE_ACCESS_CAMERA\=NO
    export ENABLE_RESOURCE_ACCESS_CONTACTS\=NO
    export ENABLE_RESOURCE_ACCESS_LOCATION\=NO
    export ENABLE_RESOURCE_ACCESS_PHOTO_LIBRARY\=NO
    export ENABLE_RESOURCE_ACCESS_PRINTING\=NO
    export ENABLE_RESOURCE_ACCESS_USB\=NO
    export ENABLE_SDK_IMPORTS\=NO
    export ENABLE_SECURITY_COMPILER_WARNINGS\=NO
    export ENABLE_STRICT_OBJC_MSGSEND\=YES
    export ENABLE_TESTABILITY\=YES
    export ENABLE_TESTING_SEARCH_PATHS\=NO
    export ENABLE_USER_SCRIPT_SANDBOXING\=NO
    export ENABLE_XOJIT_PREVIEWS\=YES
    export ENFORCE_VALID_ARCHS\=YES
    export ENTITLEMENTS_ALLOWED\=YES
    export ENTITLEMENTS_DESTINATION\=Signature
    export ENTITLEMENTS_REQUIRED\=NO
    export EXCLUDED_ARCHS\=armv7
    export EXCLUDED_INSTALLSRC_SUBDIRECTORY_PATTERNS\=.DS_Store\ .svn\ .git\ .hg\ CVS
    export EXCLUDED_RECURSIVE_SEARCH_PATH_SUBDIRECTORIES\=\*.nib\ \*.lproj\ \*.framework\ \*.gch\ \*.xcode\*\ \*.xcassets\ \*.icon\ \(\*\)\ .DS_Store\ CVS\ .svn\ .git\ .hg\ \*.pbproj\ \*.pbxproj
    export EXECUTABLES_FOLDER_PATH\=Runner.app/Executables
    export EXECUTABLE_BLANK_INJECTION_DYLIB_PATH\=Runner.app/__preview.dylib
    export EXECUTABLE_DEBUG_DYLIB_INSTALL_NAME\=@rpath/Runner.debug.dylib
    export EXECUTABLE_DEBUG_DYLIB_PATH\=Runner.app/Runner.debug.dylib
    export EXECUTABLE_FOLDER_PATH\=Runner.app
    export EXECUTABLE_FOLDER_PATH_SHALLOW_BUNDLE_NO\=Runner.app/MacOS
    export EXECUTABLE_FOLDER_PATH_SHALLOW_BUNDLE_YES\=Runner.app
    export EXECUTABLE_NAME\=Runner
    export EXECUTABLE_PATH\=Runner.app/Runner
    export EXTENSIONS_FOLDER_PATH\=Runner.app/Extensions
    export FILE_LIST\=/Users/rs/Library/Developer/Xcode/DerivedData/Runner-epaiozztutbvyxgakugoajuwvgcv/Build/Intermediates.noindex/Runner.build/Debug-iphoneos/Runner.build/Objects/LinkFileList
    export FIXED_FILES_DIR\=/Users/rs/Library/Developer/Xcode/DerivedData/Runner-epaiozztutbvyxgakugoajuwvgcv/Build/Intermediates.noindex/Runner.build/Debug-iphoneos/Runner.build/FixedFiles
    export FLUTTER_APPLICATION_PATH\=/Users/rs/Downloads/iris_health
    export FLUTTER_BUILD_DIR\=build
    export FLUTTER_BUILD_NAME\=1.0.0
    export FLUTTER_BUILD_NUMBER\=1
    export FLUTTER_ROOT\=/Users/rs/flutter_sdk
    export FLUTTER_TARGET\=lib/main.dart
    export FRAMEWORKS_FOLDER_PATH\=Runner.app/Frameworks
    export FRAMEWORK_FLAG_PREFIX\=-framework
    export FRAMEWORK_SEARCH_PATHS\=/Users/rs/Library/Developer/Xcode/DerivedData/Runner-epaiozztutbvyxgakugoajuwvgcv/Build/Products/Debug-iphoneos\ \ \"/Users/rs/Library/Developer/Xcode/DerivedData/Runner-epaiozztutbvyxgakugoajuwvgcv/Build/Products/Debug-iphoneos/camera_avfoundation\"\ \"/Users/rs/Library/Developer/Xcode/DerivedData/Runner-epaiozztutbvyxgakugoajuwvgcv/Build/Products/Debug-iphoneos/path_provider_foundation\"\ \"/Users/rs/Library/Developer/Xcode/DerivedData/Runner-epaiozztutbvyxgakugoajuwvgcv/Build/Products/Debug-iphoneos/shared_preferences_foundation\"
    export FRAMEWORK_VERSION\=A
    export FULL_PRODUCT_NAME\=Runner.app
    export FUSE_BUILD_PHASES\=YES
    export FUSE_BUILD_SCRIPT_PHASES\=NO
    export GCC3_VERSION\=3.3
    export GCC_C_LANGUAGE_STANDARD\=gnu99
    export GCC_DYNAMIC_NO_PIC\=NO
    export GCC_GENERATE_DEBUGGING_SYMBOLS\=YES
    export GCC_INLINES_ARE_PRIVATE_EXTERN\=YES
    export GCC_NO_COMMON_BLOCKS\=YES
    export GCC_OPTIMIZATION_LEVEL\=0
    export GCC_PFE_FILE_C_DIALECTS\=c\ objective-c\ c++\ objective-c++
    export GCC_PREPROCESSOR_DEFINITIONS\=DEBUG\=1\ \ COCOAPODS\=1
    export GCC_SYMBOLS_PRIVATE_EXTERN\=NO
    export GCC_THUMB_SUPPORT\=YES
    export GCC_TREAT_WARNINGS_AS_ERRORS\=NO
    export GCC_VERSION\=com.apple.compilers.llvm.clang.1_0
    export GCC_VERSION_IDENTIFIER\=com_apple_compilers_llvm_clang_1_0
    export GCC_WARN_64_TO_32_BIT_CONVERSION\=YES
    export GCC_WARN_ABOUT_RETURN_TYPE\=YES_ERROR
    export GCC_WARN_UNDECLARED_SELECTOR\=YES
    export GCC_WARN_UNINITIALIZED_AUTOS\=YES_AGGRESSIVE
    export GCC_WARN_UNUSED_FUNCTION\=YES
    export GCC_WARN_UNUSED_VARIABLE\=YES
    export GENERATED_MODULEMAP_DIR\=/Users/rs/Library/Developer/Xcode/DerivedData/Runner-epaiozztutbvyxgakugoajuwvgcv/Build/Intermediates.noindex/GeneratedModuleMaps-iphoneos
    export GENERATE_INFOPLIST_FILE\=NO
    export GENERATE_INTERMEDIATE_TEXT_BASED_STUBS\=YES
    export GENERATE_PKGINFO_FILE\=YES
    export GENERATE_PRELINK_OBJECT_FILE\=NO
    export GENERATE_PROFILING_CODE\=NO
    export GENERATE_TEXT_BASED_STUBS\=NO
    export GID\=20
    export GROUP\=staff
    export HEADERMAP_INCLUDES_FLAT_ENTRIES_FOR_TARGET_BEING_BUILT\=YES
    export HEADERMAP_INCLUDES_FRAMEWORK_ENTRIES_FOR_ALL_PRODUCT_TYPES\=YES
    export HEADERMAP_INCLUDES_FRAMEWORK_ENTRIES_FOR_TARGETS_NOT_BEING_BUILT\=YES
    export HEADERMAP_INCLUDES_NONPUBLIC_NONPRIVATE_HEADERS\=YES
    export HEADERMAP_INCLUDES_PROJECT_HEADERS\=YES
    export HEADERMAP_USES_FRAMEWORK_PREFIX_ENTRIES\=YES
    export HEADERMAP_USES_VFS\=NO
    export HEADER_SEARCH_PATHS\=/Users/rs/Library/Developer/Xcode/DerivedData/Runner-epaiozztutbvyxgakugoajuwvgcv/Build/Products/Debug-iphoneos/include\ \ \"/Users/rs/Library/Developer/Xcode/DerivedData/Runner-epaiozztutbvyxgakugoajuwvgcv/Build/Products/Debug-iphoneos/camera_avfoundation/camera_avfoundation.framework/Headers\"\ \"/Users/rs/Library/Developer/Xcode/DerivedData/Runner-epaiozztutbvyxgakugoajuwvgcv/Build/Products/Debug-iphoneos/path_provider_foundation/path_provider_foundation.framework/Headers\"\ \"/Users/rs/Library/Developer/Xcode/DerivedData/Runner-epaiozztutbvyxgakugoajuwvgcv/Build/Products/Debug-iphoneos/shared_preferences_foundation/shared_preferences_foundation.framework/Headers\"
    export HOME\=/Users/rs
    export HOST_ARCH\=arm64
    export HOST_PLATFORM\=macosx
    export ICONV\=/usr/bin/iconv
    export IMPLICIT_DEPENDENCY_DOMAIN\=default
    export INFOPLIST_ENABLE_CFBUNDLEICONS_MERGE\=YES
    export INFOPLIST_EXPAND_BUILD_SETTINGS\=YES
    export INFOPLIST_FILE\=Runner/Info.plist
    export INFOPLIST_OUTPUT_FORMAT\=binary
    export INFOPLIST_PATH\=Runner.app/Info.plist
    export INFOPLIST_PREPROCESS\=NO
    export INFOSTRINGS_PATH\=Runner.app/en.lproj/InfoPlist.strings
    export INLINE_PRIVATE_FRAMEWORKS\=NO
    export INSTALLAPI_IGNORE_SKIP_INSTALL\=YES
    export INSTALLHDRS_COPY_PHASE\=NO
    export INSTALLHDRS_SCRIPT_PHASE\=NO
    export INSTALL_DIR\=/tmp/Runner.dst/Applications
    export INSTALL_GROUP\=staff
    export INSTALL_MODE_FLAG\=u+w,go-w,a+rX
    export INSTALL_OWNER\=rs
    export INSTALL_PATH\=/Applications
    export INSTALL_ROOT\=/tmp/Runner.dst
    export IPHONEOS_DEPLOYMENT_TARGET\=13.0
    export IS_UNOPTIMIZED_BUILD\=YES
    export JAVAC_DEFAULT_FLAGS\=-J-Xms64m\ -J-XX:NewSize\=4M\ -J-Dfile.encoding\=UTF8
    export JAVA_APP_STUB\=/System/Library/Frameworks/JavaVM.framework/Resources/MacOS/JavaApplicationStub
    export JAVA_ARCHIVE_CLASSES\=YES
    export JAVA_ARCHIVE_TYPE\=JAR
    export JAVA_COMPILER\=/usr/bin/javac
    export JAVA_FOLDER_PATH\=Runner.app/Java
    export JAVA_FRAMEWORK_RESOURCES_DIRS\=Resources
    export JAVA_JAR_FLAGS\=cv
    export JAVA_SOURCE_SUBDIR\=.
    export JAVA_USE_DEPENDENCIES\=YES
    export JAVA_ZIP_FLAGS\=-urg
    export JIKES_DEFAULT_FLAGS\=+E\ +OLDCSO
    export KASAN_CFLAGS_CLASSIC\=-DKASAN\=1\ -DKASAN_CLASSIC\=1\ -fsanitize\=address\ -mllvm\ -asan-globals-live-support\ -mllvm\ -asan-force-dynamic-shadow
    export KASAN_CFLAGS_TBI\=-DKASAN\=1\ -DKASAN_TBI\=1\ -fsanitize\=kernel-hwaddress\ -mllvm\ -hwasan-recover\=0\ -mllvm\ -hwasan-instrument-atomics\=0\ -mllvm\ -hwasan-instrument-stack\=1\ -mllvm\ -hwasan-generate-tags-with-calls\=1\ -mllvm\ -hwasan-instrument-with-calls\=1\ -mllvm\ -hwasan-use-short-granules\=0\ -mllvm\ -hwasan-memory-access-callback-prefix\=__asan_
    export KASAN_DEFAULT_CFLAGS\=-DKASAN\=1\ -DKASAN_CLASSIC\=1\ -fsanitize\=address\ -mllvm\ -asan-globals-live-support\ -mllvm\ -asan-force-dynamic-shadow
    export KEEP_PRIVATE_EXTERNS\=NO
    export LD_DEPENDENCY_INFO_FILE\=/Users/rs/Library/Developer/Xcode/DerivedData/Runner-epaiozztutbvyxgakugoajuwvgcv/Build/Intermediates.noindex/Runner.build/Debug-iphoneos/Runner.build/Objects-normal/undefined_arch/Runner_dependency_info.dat
    export LD_EXPORT_SYMBOLS\=YES
    export LD_GENERATE_MAP_FILE\=NO
    export LD_MAP_FILE_PATH\=/Users/rs/Library/Developer/Xcode/DerivedData/Runner-epaiozztutbvyxgakugoajuwvgcv/Build/Intermediates.noindex/Runner.build/Debug-iphoneos/Runner.build/Runner-LinkMap-normal-undefined_arch.txt
    export LD_NO_PIE\=NO
    export LD_QUOTE_LINKER_ARGUMENTS_FOR_COMPILER_DRIVER\=YES
    export LD_RUNPATH_SEARCH_PATHS\=\ /usr/lib/swift\ \'@executable_path/Frameworks\'\ \'@loader_path/Frameworks\'\ @executable_path/Frameworks
    export LD_RUNPATH_SEARCH_PATHS_YES\=@loader_path/../Frameworks
    export LD_SHARED_CACHE_ELIGIBLE\=Automatic
    export LD_WARN_DUPLICATE_LIBRARIES\=NO
    export LD_WARN_UNUSED_DYLIBS\=NO
    export LEGACY_DEVELOPER_DIR\=/Applications/Xcode.app/Contents/PlugIns/Xcode3Core.ideplugin/Contents/SharedSupport/Developer
    export LEX\=lex
    export LIBRARY_DEXT_INSTALL_PATH\=/Library/DriverExtensions
    export LIBRARY_FLAG_NOSPACE\=YES
    export LIBRARY_FLAG_PREFIX\=-l
    export LIBRARY_KEXT_INSTALL_PATH\=/Library/Extensions
    export LIBRARY_SEARCH_PATHS\=/Users/rs/Library/Developer/Xcode/DerivedData/Runner-epaiozztutbvyxgakugoajuwvgcv/Build/Products/Debug-iphoneos\ /Applications/Xcode.app/Contents/Developer/Toolchains/XcodeDefault.xctoolchain/usr/lib/swift/iphoneos\ /Applications/Xcode.app/Contents/Developer/Platforms/iPhoneOS.platform/Developer/SDKs/iPhoneOS26.0.sdk/usr/lib/swift\ /Applications/Xcode.app/Contents/Developer/Toolchains/XcodeDefault.xctoolchain/usr/lib/swift/iphoneos\ /Applications/Xcode.app/Contents/Developer/Platforms/iPhoneOS.platform/Developer/SDKs/iPhoneOS26.0.sdk/usr/lib/swift
    export LINKER_DISPLAYS_MANGLED_NAMES\=NO
    export LINK_FILE_LIST_normal_arm64\=/Users/rs/Library/Developer/Xcode/DerivedData/Runner-epaiozztutbvyxgakugoajuwvgcv/Build/Intermediates.noindex/Runner.build/Debug-iphoneos/Runner.build/Objects-normal/arm64/Runner.LinkFileList
    export LINK_OBJC_RUNTIME\=YES
    export LINK_WITH_STANDARD_LIBRARIES\=YES
    export LLVM_TARGET_TRIPLE_OS_VERSION\=ios13.0
    export LLVM_TARGET_TRIPLE_VENDOR\=apple
    export LM_AUX_CONST_METADATA_LIST_PATH_normal_arm64\=/Users/rs/Library/Developer/Xcode/DerivedData/Runner-epaiozztutbvyxgakugoajuwvgcv/Build/Intermediates.noindex/Runner.build/Debug-iphoneos/Runner.build/Objects-normal/arm64/Runner.SwiftConstValuesFileList
    export LOCALIZATION_EXPORT_SUPPORTED\=YES
    export LOCALIZATION_PREFERS_STRING_CATALOGS\=NO
    export LOCALIZED_RESOURCES_FOLDER_PATH\=Runner.app/en.lproj
    export LOCALIZED_STRING_MACRO_NAMES\=NSLocalizedString\ CFCopyLocalizedString
    export LOCALIZED_STRING_SWIFTUI_SUPPORT\=YES
    export LOCAL_ADMIN_APPS_DIR\=/Applications/Utilities
    export LOCAL_APPS_DIR\=/Applications
    export LOCAL_DEVELOPER_DIR\=/Library/Developer
    export LOCAL_LIBRARY_DIR\=/Library
    export LOCROOT\=/Users/rs/Downloads/iris_health/ios
    export LOCSYMROOT\=/Users/rs/Downloads/iris_health/ios
    export MACH_O_TYPE\=mh_execute
    export MAC_OS_X_PRODUCT_BUILD_VERSION\=24G90
    export MAC_OS_X_VERSION_ACTUAL\=150601
    export MAC_OS_X_VERSION_MAJOR\=150000
    export MAC_OS_X_VERSION_MINOR\=150600
    export MAKE_MERGEABLE\=NO
    export MERGEABLE_LIBRARY\=NO
    export MERGED_BINARY_TYPE\=none
    export MERGE_LINKED_LIBRARIES\=NO
    export METAL_LIBRARY_FILE_BASE\=default
    export METAL_LIBRARY_OUTPUT_DIR\=/Users/rs/Library/Developer/Xcode/DerivedData/Runner-epaiozztutbvyxgakugoajuwvgcv/Build/Products/Debug-iphoneos/Runner.app
    export MODULES_FOLDER_PATH\=Runner.app/Modules
    export MODULE_CACHE_DIR\=/Users/rs/Library/Developer/Xcode/DerivedData/ModuleCache.noindex
    export MTL_ENABLE_DEBUG_INFO\=YES
    export NATIVE_ARCH\=arm64
    export NATIVE_ARCH_32_BIT\=arm
    export NATIVE_ARCH_64_BIT\=arm64
    export NATIVE_ARCH_ACTUAL\=arm64
    export NO_COMMON\=YES
    export OBJECT_FILE_DIR\=/Users/rs/Library/Developer/Xcode/DerivedData/Runner-epaiozztutbvyxgakugoajuwvgcv/Build/Intermediates.noindex/Runner.build/Debug-iphoneos/Runner.build/Objects
    export OBJECT_FILE_DIR_normal\=/Users/rs/Library/Developer/Xcode/DerivedData/Runner-epaiozztutbvyxgakugoajuwvgcv/Build/Intermediates.noindex/Runner.build/Debug-iphoneos/Runner.build/Objects-normal
    export OBJROOT\=/Users/rs/Library/Developer/Xcode/DerivedData/Runner-epaiozztutbvyxgakugoajuwvgcv/Build/Intermediates.noindex
    export ONLY_ACTIVE_ARCH\=NO
    export OS\=MACOS
    export OSAC\=/usr/bin/osacompile
    export OTHER_CFLAGS\=\ -g
    export OTHER_CPLUSPLUSFLAGS\=\ -g\ -g
    export OTHER_LDFLAGS\=\ -framework\ \"camera_avfoundation\"\ -framework\ \"path_provider_foundation\"\ -framework\ \"shared_preferences_foundation\"
    export OTHER_MODULE_VERIFIER_FLAGS\=\ \"-F/Users/rs/Library/Developer/Xcode/DerivedData/Runner-epaiozztutbvyxgakugoajuwvgcv/Build/Products/Debug-iphoneos/Flutter\"\ \"-F/Users/rs/Library/Developer/Xcode/DerivedData/Runner-epaiozztutbvyxgakugoajuwvgcv/Build/Products/Debug-iphoneos/camera_avfoundation\"\ \"-F/Users/rs/Library/Developer/Xcode/DerivedData/Runner-epaiozztutbvyxgakugoajuwvgcv/Build/Products/Debug-iphoneos/path_provider_foundation\"\ \"-F/Users/rs/Library/Developer/Xcode/DerivedData/Runner-epaiozztutbvyxgakugoajuwvgcv/Build/Products/Debug-iphoneos/shared_preferences_foundation\"
    export OTHER_SWIFT_FLAGS\=\ -D\ COCOAPODS
    export PACKAGE_CONFIG\=/Users/rs/Downloads/iris_health/.dart_tool/package_config.json
    export PACKAGE_TYPE\=com.apple.package-type.wrapper.application
    export PASCAL_STRINGS\=YES
    export PATH\=/Applications/Xcode.app/Contents/SharedFrameworks/SwiftBuild.framework/Versions/A/PlugIns/SWBBuildService.bundle/Contents/PlugIns/SWBUniversalPlatformPlugin.bundle/Contents/Frameworks/SWBUniversalPlatform.framework/Resources:/Applications/Xcode.app/Contents/Developer/Toolchains/XcodeDefault.xctoolchain/usr/bin:/Applications/Xcode.app/Contents/Developer/Toolchains/XcodeDefault.xctoolchain/usr/local/bin:/Applications/Xcode.app/Contents/Developer/Toolchains/XcodeDefault.xctoolchain/usr/libexec:/Applications/Xcode.app/Contents/Developer/Platforms/iPhoneOS.platform/usr/bin:/Applications/Xcode.app/Contents/Developer/Platforms/iPhoneOS.platform/usr/local/bin:/Applications/Xcode.app/Contents/Developer/Platforms/iPhoneOS.platform/Developer/usr/bin:/Applications/Xcode.app/Contents/Developer/Platforms/iPhoneOS.platform/Developer/usr/local/bin:/Applications/Xcode.app/Contents/Developer/usr/bin:/Applications/Xcode.app/Contents/Developer/usr/local/bin:/Users/rs/.nvm/versions/node/v22.21.1/bin:/Users/rs/flutter_sdk/bin:/default/bin:/versions/current/bin:/opt/homebrew/bin:/opt/homebrew/sbin:/usr/local/bin:/usr/bin:/bin:/usr/sbin:/sbin:/var/run/com.apple.security.cryptexd/codex.system/bootstrap/usr/local/bin:/var/run/com.apple.security.cryptexd/codex.system/bootstrap/usr/bin:/var/run/com.apple.security.cryptexd/codex.system/bootstrap/usr/appleinternal/bin:/Library/Apple/usr/bin
    export PATH_PREFIXES_EXCLUDED_FROM_HEADER_DEPENDENCIES\=/usr/include\ /usr/local/include\ /System/Library/Frameworks\ /System/Library/PrivateFrameworks\ /Applications/Xcode.app/Contents/Developer/Headers\ /Applications/Xcode.app/Contents/Developer/SDKs\ /Applications/Xcode.app/Contents/Developer/Platforms
    export PBDEVELOPMENTPLIST_PATH\=Runner.app/pbdevelopment.plist
    export PER_ARCH_MODULE_FILE_DIR\=/Users/rs/Library/Developer/Xcode/DerivedData/Runner-epaiozztutbvyxgakugoajuwvgcv/Build/Intermediates.noindex/Runner.build/Debug-iphoneos/Runner.build/Objects-normal/undefined_arch
    export PER_ARCH_OBJECT_FILE_DIR\=/Users/rs/Library/Developer/Xcode/DerivedData/Runner-epaiozztutbvyxgakugoajuwvgcv/Build/Intermediates.noindex/Runner.build/Debug-iphoneos/Runner.build/Objects-normal/undefined_arch
    export PER_VARIANT_OBJECT_FILE_DIR\=/Users/rs/Library/Developer/Xcode/DerivedData/Runner-epaiozztutbvyxgakugoajuwvgcv/Build/Intermediates.noindex/Runner.build/Debug-iphoneos/Runner.build/Objects-normal
    export PKGINFO_FILE_PATH\=/Users/rs/Library/Developer/Xcode/DerivedData/Runner-epaiozztutbvyxgakugoajuwvgcv/Build/Intermediates.noindex/Runner.build/Debug-iphoneos/Runner.build/PkgInfo
    export PKGINFO_PATH\=Runner.app/PkgInfo
    export PLATFORM_DEVELOPER_APPLICATIONS_DIR\=/Applications/Xcode.app/Contents/Developer/Platforms/iPhoneOS.platform/Developer/Applications
    export PLATFORM_DEVELOPER_BIN_DIR\=/Applications/Xcode.app/Contents/Developer/Platforms/iPhoneOS.platform/Developer/usr/bin
    export PLATFORM_DEVELOPER_LIBRARY_DIR\=/Applications/Xcode.app/Contents/Developer/Platforms/iPhoneOS.platform/Developer/Library
    export PLATFORM_DEVELOPER_SDK_DIR\=/Applications/Xcode.app/Contents/Developer/Platforms/iPhoneOS.platform/Developer/SDKs
    export PLATFORM_DEVELOPER_TOOLS_DIR\=/Applications/Xcode.app/Contents/Developer/Platforms/iPhoneOS.platform/Developer/Tools
    export PLATFORM_DEVELOPER_USR_DIR\=/Applications/Xcode.app/Contents/Developer/Platforms/iPhoneOS.platform/Developer/usr
    export PLATFORM_DIR\=/Applications/Xcode.app/Contents/Developer/Platforms/iPhoneOS.platform
    export PLATFORM_DISPLAY_NAME\=iOS
    export PLATFORM_FAMILY_NAME\=iOS
    export PLATFORM_NAME\=iphoneos
    export PLATFORM_PREFERRED_ARCH\=arm64
    export PLATFORM_PRODUCT_BUILD_VERSION\=23A339
    export PLATFORM_REQUIRES_SWIFT_AUTOLINK_EXTRACT\=NO
    export PLATFORM_REQUIRES_SWIFT_MODULEWRAP\=NO
    export PLIST_FILE_OUTPUT_FORMAT\=binary
    export PLUGINS_FOLDER_PATH\=Runner.app/PlugIns
    export PODS_BUILD_DIR\=/Users/rs/Library/Developer/Xcode/DerivedData/Runner-epaiozztutbvyxgakugoajuwvgcv/Build/Products
    export PODS_CONFIGURATION_BUILD_DIR\=/Users/rs/Library/Developer/Xcode/DerivedData/Runner-epaiozztutbvyxgakugoajuwvgcv/Build/Products/Debug-iphoneos
    export PODS_PODFILE_DIR_PATH\=/Users/rs/Downloads/iris_health/ios/.
    export PODS_ROOT\=/Users/rs/Downloads/iris_health/ios/Pods
    export PODS_XCFRAMEWORKS_BUILD_DIR\=/Users/rs/Library/Developer/Xcode/DerivedData/Runner-epaiozztutbvyxgakugoajuwvgcv/Build/Products/Debug-iphoneos/XCFrameworkIntermediates
    export PRECOMPS_INCLUDE_HEADERS_FROM_BUILT_PRODUCTS_DIR\=YES
    export PRECOMP_DESTINATION_DIR\=/Users/rs/Library/Developer/Xcode/DerivedData/Runner-epaiozztutbvyxgakugoajuwvgcv/Build/Intermediates.noindex/Runner.build/Debug-iphoneos/Runner.build/PrefixHeaders
    export PRIVATE_HEADERS_FOLDER_PATH\=Runner.app/PrivateHeaders
    export PROCESSED_INFOPLIST_PATH\=/Users/rs/Library/Developer/Xcode/DerivedData/Runner-epaiozztutbvyxgakugoajuwvgcv/Build/Intermediates.noindex/Runner.build/Debug-iphoneos/Runner.build/Objects-normal/undefined_arch/Processed-Info.plist
    export PRODUCT_BUNDLE_IDENTIFIER\=me.rs.irisHealth
    export PRODUCT_BUNDLE_PACKAGE_TYPE\=APPL
    export PRODUCT_MODULE_NAME\=Runner
    export PRODUCT_NAME\=Runner
    export PRODUCT_SETTINGS_PATH\=/Users/rs/Downloads/iris_health/ios/Runner/Info.plist
    export PRODUCT_TYPE\=com.apple.product-type.application
    export PROFILING_CODE\=NO
    export PROJECT\=Runner
    export PROJECT_DERIVED_FILE_DIR\=/Users/rs/Library/Developer/Xcode/DerivedData/Runner-epaiozztutbvyxgakugoajuwvgcv/Build/Intermediates.noindex/Runner.build/DerivedSources
    export PROJECT_DIR\=/Users/rs/Downloads/iris_health/ios
    export PROJECT_FILE_PATH\=/Users/rs/Downloads/iris_health/ios/Runner.xcodeproj
    export PROJECT_GUID\=18c1723432283e0cc55f10a6dcfd9e02
    export PROJECT_NAME\=Runner
    export PROJECT_TEMP_DIR\=/Users/rs/Library/Developer/Xcode/DerivedData/Runner-epaiozztutbvyxgakugoajuwvgcv/Build/Intermediates.noindex/Runner.build
    export PROJECT_TEMP_ROOT\=/Users/rs/Library/Developer/Xcode/DerivedData/Runner-epaiozztutbvyxgakugoajuwvgcv/Build/Intermediates.noindex
    export PROVISIONING_PROFILE_REQUIRED\=YES
    export PROVISIONING_PROFILE_REQUIRED_YES_YES\=YES
    export PROVISIONING_PROFILE_SUPPORTED\=YES
    export PUBLIC_HEADERS_FOLDER_PATH\=Runner.app/Headers
    export RECOMMENDED_IPHONEOS_DEPLOYMENT_TARGET\=15.0
    export RECURSIVE_SEARCH_PATHS_FOLLOW_SYMLINKS\=YES
    export REMOVE_CVS_FROM_RESOURCES\=YES
    export REMOVE_GIT_FROM_RESOURCES\=YES
    export REMOVE_HEADERS_FROM_EMBEDDED_BUNDLES\=YES
    export REMOVE_HG_FROM_RESOURCES\=YES
    export REMOVE_STATIC_EXECUTABLES_FROM_EMBEDDED_BUNDLES\=YES
    export REMOVE_SVN_FROM_RESOURCES\=YES
    export RESCHEDULE_INDEPENDENT_HEADERS_PHASES\=YES
    export REZ_COLLECTOR_DIR\=/Users/rs/Library/Developer/Xcode/DerivedData/Runner-epaiozztutbvyxgakugoajuwvgcv/Build/Intermediates.noindex/Runner.build/Debug-iphoneos/Runner.build/ResourceManagerResources
    export REZ_OBJECTS_DIR\=/Users/rs/Library/Developer/Xcode/DerivedData/Runner-epaiozztutbvyxgakugoajuwvgcv/Build/Intermediates.noindex/Runner.build/Debug-iphoneos/Runner.build/ResourceManagerResources/Objects
    export REZ_SEARCH_PATHS\=/Users/rs/Library/Developer/Xcode/DerivedData/Runner-epaiozztutbvyxgakugoajuwvgcv/Build/Products/Debug-iphoneos\ 
    export RUNTIME_EXCEPTION_ALLOW_DYLD_ENVIRONMENT_VARIABLES\=NO
    export RUNTIME_EXCEPTION_ALLOW_JIT\=NO
    export RUNTIME_EXCEPTION_ALLOW_UNSIGNED_EXECUTABLE_MEMORY\=NO
    export RUNTIME_EXCEPTION_DEBUGGING_TOOL\=NO
    export RUNTIME_EXCEPTION_DISABLE_EXECUTABLE_PAGE_PROTECTION\=NO
    export RUNTIME_EXCEPTION_DISABLE_LIBRARY_VALIDATION\=NO
    export SCAN_ALL_SOURCE_FILES_FOR_INCLUDES\=NO
    export SCRIPTS_FOLDER_PATH\=Runner.app/Scripts
    export SCRIPT_INPUT_FILE_COUNT\=0
    export SCRIPT_INPUT_FILE_LIST_COUNT\=0
    export SCRIPT_OUTPUT_FILE_COUNT\=0
    export SCRIPT_OUTPUT_FILE_LIST_COUNT\=0
    export SDKROOT\=/Applications/Xcode.app/Contents/Developer/Platforms/iPhoneOS.platform/Developer/SDKs/iPhoneOS26.0.sdk
    export SDK_DIR\=/Applications/Xcode.app/Contents/Developer/Platforms/iPhoneOS.platform/Developer/SDKs/iPhoneOS26.0.sdk
    export SDK_DIR_iphoneos\=/Applications/Xcode.app/Contents/Developer/Platforms/iPhoneOS.platform/Developer/SDKs/iPhoneOS26.0.sdk
    export SDK_DIR_iphoneos26_0\=/Applications/Xcode.app/Contents/Developer/Platforms/iPhoneOS.platform/Developer/SDKs/iPhoneOS26.0.sdk
    export SDK_NAME\=iphoneos26.0
    export SDK_NAMES\=iphoneos26.0
    export SDK_PRODUCT_BUILD_VERSION\=23A339
    export SDK_STAT_CACHE_DIR\=/Users/rs/Library/Developer/Xcode/DerivedData
    export SDK_STAT_CACHE_ENABLE\=YES
    export SDK_STAT_CACHE_PATH\=/Users/rs/Library/Developer/Xcode/DerivedData/SDKStatCaches.noindex/iphoneos26.0-23A339-81ce72e5b06c9602b9d30b56f2eed08a.sdkstatcache
    export SDK_VERSION\=26.0
    export SDK_VERSION_ACTUAL\=260000
    export SDK_VERSION_MAJOR\=260000
    export SDK_VERSION_MINOR\=260000
    export SED\=/usr/bin/sed
    export SEPARATE_STRIP\=NO
    export SEPARATE_SYMBOL_EDIT\=NO
    export SET_DIR_MODE_OWNER_GROUP\=YES
    export SET_FILE_MODE_OWNER_GROUP\=NO
    export SHALLOW_BUNDLE\=YES
    export SHALLOW_BUNDLE_TRIPLE\=ios
    export SHALLOW_BUNDLE_ios_macabi\=NO
    export SHALLOW_BUNDLE_macos\=NO
    export SHARED_DERIVED_FILE_DIR\=/Users/rs/Library/Developer/Xcode/DerivedData/Runner-epaiozztutbvyxgakugoajuwvgcv/Build/Products/Debug-iphoneos/DerivedSources
    export SHARED_FRAMEWORKS_FOLDER_PATH\=Runner.app/SharedFrameworks
    export SHARED_PRECOMPS_DIR\=/Users/rs/Library/Developer/Xcode/DerivedData/Runner-epaiozztutbvyxgakugoajuwvgcv/Build/Intermediates.noindex/PrecompiledHeaders
    export SHARED_SUPPORT_FOLDER_PATH\=Runner.app/SharedSupport
    export SKIP_INSTALL\=NO
    export SOURCE_ROOT\=/Users/rs/Downloads/iris_health/ios
    export SRCROOT\=/Users/rs/Downloads/iris_health/ios
    export STRINGSDATA_DIR\=/Users/rs/Library/Developer/Xcode/DerivedData/Runner-epaiozztutbvyxgakugoajuwvgcv/Build/Intermediates.noindex/Runner.build/Debug-iphoneos/Runner.build/Objects-normal/undefined_arch
    export STRINGSDATA_ROOT\=/Users/rs/Library/Developer/Xcode/DerivedData/Runner-epaiozztutbvyxgakugoajuwvgcv/Build/Intermediates.noindex/Runner.build/Debug-iphoneos/Runner.build
    export STRINGS_FILE_INFOPLIST_RENAME\=YES
    export STRINGS_FILE_OUTPUT_ENCODING\=binary
    export STRING_CATALOG_GENERATE_SYMBOLS\=NO
    export STRIP_BITCODE_FROM_COPIED_FILES\=YES
    export STRIP_INSTALLED_PRODUCT\=NO
    export STRIP_STYLE\=non-global
    export STRIP_SWIFT_SYMBOLS\=NO
    export SUPPORTED_DEVICE_FAMILIES\=1,2
    export SUPPORTED_PLATFORMS\=iphoneos\ iphonesimulator
    export SUPPORTS_MACCATALYST\=NO
    export SUPPORTS_MAC_DESIGNED_FOR_IPHONE_IPAD\=YES
    export SUPPORTS_ON_DEMAND_RESOURCES\=YES
    export SUPPORTS_TEXT_BASED_API\=NO
    export SUPPORTS_XR_DESIGNED_FOR_IPHONE_IPAD\=YES
    export SUPPRESS_WARNINGS\=NO
    export SWIFT_EMIT_CONST_VALUE_PROTOCOLS\=AppIntent\ EntityQuery\ AppEntity\ TransientEntity\ AppEnum\ AppShortcutProviding\ AppShortcutsProvider\ AnyResolverProviding\ AppIntentsPackage\ DynamicOptionsProvider\ _IntentValueRepresentable\ _AssistantIntentsProvider\ _GenerativeFunctionExtractable\ IntentValueQuery\ Resolver\ AppExtension\ ExtensionPointDefining
    export SWIFT_EMIT_LOC_STRINGS\=NO
    export SWIFT_ENABLE_EXPLICIT_MODULES\=YES
    export SWIFT_OBJC_BRIDGING_HEADER\=Runner/Runner-Bridging-Header.h
    export SWIFT_OPTIMIZATION_LEVEL\=-Onone
    export SWIFT_PLATFORM_TARGET_PREFIX\=ios
    export SWIFT_RESPONSE_FILE_PATH_normal_arm64\=/Users/rs/Library/Developer/Xcode/DerivedData/Runner-epaiozztutbvyxgakugoajuwvgcv/Build/Intermediates.noindex/Runner.build/Debug-iphoneos/Runner.build/Objects-normal/arm64/Runner.SwiftFileList
    export SWIFT_VERSION\=5.0
    export SYMROOT\=/Users/rs/Library/Developer/Xcode/DerivedData/Runner-epaiozztutbvyxgakugoajuwvgcv/Build/Products
    export SYSTEM_ADMIN_APPS_DIR\=/Applications/Utilities
    export SYSTEM_APPS_DIR\=/Applications
    export SYSTEM_CORE_SERVICES_DIR\=/System/Library/CoreServices
    export SYSTEM_DEMOS_DIR\=/Applications/Extras
    export SYSTEM_DEVELOPER_APPS_DIR\=/Applications/Xcode.app/Contents/Developer/Applications
    export SYSTEM_DEVELOPER_BIN_DIR\=/Applications/Xcode.app/Contents/Developer/usr/bin
    export SYSTEM_DEVELOPER_DEMOS_DIR\=/Applications/Xcode.app/Contents/Developer/Applications/Utilities/Built\ Examples
    export SYSTEM_DEVELOPER_DIR\=/Applications/Xcode.app/Contents/Developer
    export SYSTEM_DEVELOPER_DOC_DIR\=/Applications/Xcode.app/Contents/Developer/ADC\ Reference\ Library
    export SYSTEM_DEVELOPER_GRAPHICS_TOOLS_DIR\=/Applications/Xcode.app/Contents/Developer/Applications/Graphics\ Tools
    export SYSTEM_DEVELOPER_JAVA_TOOLS_DIR\=/Applications/Xcode.app/Contents/Developer/Applications/Java\ Tools
    export SYSTEM_DEVELOPER_PERFORMANCE_TOOLS_DIR\=/Applications/Xcode.app/Contents/Developer/Applications/Performance\ Tools
    export SYSTEM_DEVELOPER_RELEASENOTES_DIR\=/Applications/Xcode.app/Contents/Developer/ADC\ Reference\ Library/releasenotes
    export SYSTEM_DEVELOPER_TOOLS\=/Applications/Xcode.app/Contents/Developer/Tools
    export SYSTEM_DEVELOPER_TOOLS_DOC_DIR\=/Applications/Xcode.app/Contents/Developer/ADC\ Reference\ Library/documentation/DeveloperTools
    export SYSTEM_DEVELOPER_TOOLS_RELEASENOTES_DIR\=/Applications/Xcode.app/Contents/Developer/ADC\ Reference\ Library/releasenotes/DeveloperTools
    export SYSTEM_DEVELOPER_USR_DIR\=/Applications/Xcode.app/Contents/Developer/usr
    export SYSTEM_DEVELOPER_UTILITIES_DIR\=/Applications/Xcode.app/Contents/Developer/Applications/Utilities
    export SYSTEM_DEXT_INSTALL_PATH\=/System/Library/DriverExtensions
    export SYSTEM_DOCUMENTATION_DIR\=/Library/Documentation
    export SYSTEM_EXTENSIONS_FOLDER_PATH\=Runner.app/SystemExtensions
    export SYSTEM_EXTENSIONS_FOLDER_PATH_SHALLOW_BUNDLE_NO\=Runner.app/Library/SystemExtensions
    export SYSTEM_EXTENSIONS_FOLDER_PATH_SHALLOW_BUNDLE_YES\=Runner.app/SystemExtensions
    export SYSTEM_KEXT_INSTALL_PATH\=/System/Library/Extensions
    export SYSTEM_LIBRARY_DIR\=/System/Library
    export TAPI_DEMANGLE\=YES
    export TAPI_ENABLE_PROJECT_HEADERS\=NO
    export TAPI_LANGUAGE\=objective-c
    export TAPI_LANGUAGE_STANDARD\=compiler-default
    export TAPI_USE_SRCROOT\=YES
    export TAPI_VERIFY_MODE\=Pedantic
    export TARGETED_DEVICE_FAMILY\=1,2
    export TARGETNAME\=Runner
    export TARGET_BUILD_DIR\=/Users/rs/Library/Developer/Xcode/DerivedData/Runner-epaiozztutbvyxgakugoajuwvgcv/Build/Products/Debug-iphoneos
    export TARGET_NAME\=Runner
    export TARGET_TEMP_DIR\=/Users/rs/Library/Developer/Xcode/DerivedData/Runner-epaiozztutbvyxgakugoajuwvgcv/Build/Intermediates.noindex/Runner.build/Debug-iphoneos/Runner.build
    export TEMP_DIR\=/Users/rs/Library/Developer/Xcode/DerivedData/Runner-epaiozztutbvyxgakugoajuwvgcv/Build/Intermediates.noindex/Runner.build/Debug-iphoneos/Runner.build
    export TEMP_FILES_DIR\=/Users/rs/Library/Developer/Xcode/DerivedData/Runner-epaiozztutbvyxgakugoajuwvgcv/Build/Intermediates.noindex/Runner.build/Debug-iphoneos/Runner.build
    export TEMP_FILE_DIR\=/Users/rs/Library/Developer/Xcode/DerivedData/Runner-epaiozztutbvyxgakugoajuwvgcv/Build/Intermediates.noindex/Runner.build/Debug-iphoneos/Runner.build
    export TEMP_ROOT\=/Users/rs/Library/Developer/Xcode/DerivedData/Runner-epaiozztutbvyxgakugoajuwvgcv/Build/Intermediates.noindex
    export TEMP_SANDBOX_DIR\=/Users/rs/Library/Developer/Xcode/DerivedData/Runner-epaiozztutbvyxgakugoajuwvgcv/Build/Intermediates.noindex/TemporaryTaskSandboxes
    export TEST_FRAMEWORK_SEARCH_PATHS\=\ /Applications/Xcode.app/Contents/Developer/Platforms/iPhoneOS.platform/Developer/Library/Frameworks\ /Applications/Xcode.app/Contents/Developer/Platforms/iPhoneOS.platform/Developer/SDKs/iPhoneOS26.0.sdk/Developer/Library/Frameworks
    export TEST_LIBRARY_SEARCH_PATHS\=\ /Applications/Xcode.app/Contents/Developer/Platforms/iPhoneOS.platform/Developer/usr/lib
    export TOOLCHAINS\=com.apple.dt.toolchain.XcodeDefault
    export TOOLCHAIN_DIR\=/Applications/Xcode.app/Contents/Developer/Toolchains/XcodeDefault.xctoolchain
    export TRACK_WIDGET_CREATION\=false
    export TREAT_MISSING_BASELINES_AS_TEST_FAILURES\=NO
    export TREAT_MISSING_SCRIPT_PHASE_OUTPUTS_AS_ERRORS\=NO
    export TREE_SHAKE_ICONS\=false
    export UID\=501
    export UNINSTALLED_PRODUCTS_DIR\=/Users/rs/Library/Developer/Xcode/DerivedData/Runner-epaiozztutbvyxgakugoajuwvgcv/Build/Intermediates.noindex/UninstalledProducts
    export UNLOCALIZED_RESOURCES_FOLDER_PATH\=Runner.app
    export UNLOCALIZED_RESOURCES_FOLDER_PATH_SHALLOW_BUNDLE_NO\=Runner.app/Resources
    export UNLOCALIZED_RESOURCES_FOLDER_PATH_SHALLOW_BUNDLE_YES\=Runner.app
    export UNSTRIPPED_PRODUCT\=NO
    export USER\=rs
    export USER_APPS_DIR\=/Users/rs/Applications
    export USER_LIBRARY_DIR\=/Users/rs/Library
    export USE_DYNAMIC_NO_PIC\=YES
    export USE_HEADERMAP\=YES
    export USE_HEADER_SYMLINKS\=NO
    export USE_RECURSIVE_SCRIPT_INPUTS_IN_SCRIPT_PHASES\=YES
    export VALIDATE_DEVELOPMENT_ASSET_PATHS\=YES_ERROR
    export VALIDATE_PRODUCT\=NO
    export VALID_ARCHS\=arm64\ arm64e\ armv7\ armv7s
    export VERBOSE_PBXCP\=NO
    export VERSIONING_SYSTEM\=apple-generic
    export VERSIONPLIST_PATH\=Runner.app/version.plist
    export VERSION_INFO_BUILDER\=rs
    export VERSION_INFO_FILE\=Runner_vers.c
    export VERSION_INFO_STRING\=\"@\(\#\)PROGRAM:Runner\ \ PROJECT:Runner-1\"
    export WORKSPACE_DIR\=/Users/rs/Downloads/iris_health/ios
    export WRAPPER_EXTENSION\=app
    export WRAPPER_NAME\=Runner.app
    export WRAPPER_SUFFIX\=.app
    export WRAP_ASSET_PACKS_IN_SEPARATE_DIRECTORIES\=NO
    export XCODE_APP_SUPPORT_DIR\=/Applications/Xcode.app/Contents/Developer/Library/Xcode
    export XCODE_PRODUCT_BUILD_VERSION\=17A400
    export XCODE_VERSION_ACTUAL\=2601
    export XCODE_VERSION_MAJOR\=2600
    export XCODE_VERSION_MINOR\=2600
    export XPCSERVICES_FOLDER_PATH\=Runner.app/XPCServices
    export YACC\=yacc
    export _DISCOVER_COMMAND_LINE_LINKER_INPUTS\=YES
    export _DISCOVER_COMMAND_LINE_LINKER_INPUTS_INCLUDE_WL\=YES
    export _LD_MULTIARCH\=YES
    export _WRAPPER_CONTENTS_DIR_SHALLOW_BUNDLE_NO\=/Contents
    export _WRAPPER_PARENT_PATH_SHALLOW_BUNDLE_NO\=/..
    export _WRAPPER_RESOURCES_DIR_SHALLOW_BUNDLE_NO\=/Resources
    export __DIAGNOSE_DEPRECATED_ARCHS\=YES
    export __IS_NOT_MACOS\=YES
    export __IS_NOT_MACOS_macosx\=NO
    export __IS_NOT_SIMULATOR\=YES
    export __IS_NOT_SIMULATOR_simulator\=NO
    export arch\=undefined_arch
    export variant\=normal
    /bin/sh -c /Users/rs/Library/Developer/Xcode/DerivedData/Runner-epaiozztutbvyxgakugoajuwvgcv/Build/Intermediates.noindex/Runner.build/Debug-iphoneos/Runner.build/Script-9740EEB61CF901F6004384FC.sh
Failed to parse TARGET_DEVICE_OS_VERSION:
Project /Users/rs/Downloads/iris_health built and packaged successfully.
Ld /Users/rs/Library/Developer/Xcode/DerivedData/Runner-epaiozztutbvyxgakugoajuwvgcv/Build/Products/Debug-iphoneos/Runner.app/__preview.dylib normal (in target 'Runner' from project 'Runner')
    cd /Users/rs/Downloads/iris_health/ios
    /Applications/Xcode.app/Contents/Developer/Toolchains/XcodeDefault.xctoolchain/usr/bin/clang -Xlinker -reproducible -target arm64-apple-ios13.0 -dynamiclib -isysroot /Applications/Xcode.app/Contents/Developer/Platforms/iPhoneOS.platform/Developer/SDKs/iPhoneOS26.0.sdk -O0 -L/Users/rs/Library/Developer/Xcode/DerivedData/Runner-epaiozztutbvyxgakugoajuwvgcv/Build/Products/Debug-iphoneos -L/Applications/Xcode.app/Contents/Developer/Toolchains/XcodeDefault.xctoolchain/usr/lib/swift/iphoneos -L/Applications/Xcode.app/Contents/Developer/Platforms/iPhoneOS.platform/Developer/SDKs/iPhoneOS26.0.sdk/usr/lib/swift -L/Applications/Xcode.app/Contents/Developer/Toolchains/XcodeDefault.xctoolchain/usr/lib/swift/iphoneos -L/Applications/Xcode.app/Contents/Developer/Platforms/iPhoneOS.platform/Developer/SDKs/iPhoneOS26.0.sdk/usr/lib/swift -F/Users/rs/Library/Developer/Xcode/DerivedData/Runner-epaiozztutbvyxgakugoajuwvgcv/Build/Products/Debug-iphoneos -F/Users/rs/Library/Developer/Xcode/DerivedData/Runner-epaiozztutbvyxgakugoajuwvgcv/Build/Products/Debug-iphoneos/camera_avfoundation -F/Users/rs/Library/Developer/Xcode/DerivedData/Runner-epaiozztutbvyxgakugoajuwvgcv/Build/Products/Debug-iphoneos/path_provider_foundation -F/Users/rs/Library/Developer/Xcode/DerivedData/Runner-epaiozztutbvyxgakugoajuwvgcv/Build/Products/Debug-iphoneos/shared_preferences_foundation -install_name @rpath/Runner.debug.dylib -dead_strip -rdynamic -Xlinker -no_deduplicate -Xlinker -dependency_info -Xlinker /Users/rs/Library/Developer/Xcode/DerivedData/Runner-epaiozztutbvyxgakugoajuwvgcv/Build/Intermediates.noindex/Runner.build/Debug-iphoneos/Runner.build/Objects-normal/arm64/Runner_dependency_info.dat -o /Users/rs/Library/Developer/Xcode/DerivedData/Runner-epaiozztutbvyxgakugoajuwvgcv/Build/Products/Debug-iphoneos/Runner.app/__preview.dylib

Ld /Users/rs/Library/Developer/Xcode/DerivedData/Runner-epaiozztutbvyxgakugoajuwvgcv/Build/Products/Debug-iphoneos/Runner.app/Runner.debug.dylib normal (in target 'Runner' from project 'Runner')
    cd /Users/rs/Downloads/iris_health/ios
    /Applications/Xcode.app/Contents/Developer/Toolchains/XcodeDefault.xctoolchain/usr/bin/clang -Xlinker -reproducible -target arm64-apple-ios13.0 -dynamiclib -isysroot /Applications/Xcode.app/Contents/Developer/Platforms/iPhoneOS.platform/Developer/SDKs/iPhoneOS26.0.sdk -O0 -L/Users/rs/Library/Developer/Xcode/DerivedData/Runner-epaiozztutbvyxgakugoajuwvgcv/Build/Intermediates.noindex/EagerLinkingTBDs/Debug-iphoneos -L/Users/rs/Library/Developer/Xcode/DerivedData/Runner-epaiozztutbvyxgakugoajuwvgcv/Build/Products/Debug-iphoneos -L/Applications/Xcode.app/Contents/Developer/Toolchains/XcodeDefault.xctoolchain/usr/lib/swift/iphoneos -L/Applications/Xcode.app/Contents/Developer/Platforms/iPhoneOS.platform/Developer/SDKs/iPhoneOS26.0.sdk/usr/lib/swift -L/Applications/Xcode.app/Contents/Developer/Toolchains/XcodeDefault.xctoolchain/usr/lib/swift/iphoneos -L/Applications/Xcode.app/Contents/Developer/Platforms/iPhoneOS.platform/Developer/SDKs/iPhoneOS26.0.sdk/usr/lib/swift -F/Users/rs/Library/Developer/Xcode/DerivedData/Runner-epaiozztutbvyxgakugoajuwvgcv/Build/Intermediates.noindex/EagerLinkingTBDs/Debug-iphoneos -F/Users/rs/Library/Developer/Xcode/DerivedData/Runner-epaiozztutbvyxgakugoajuwvgcv/Build/Products/Debug-iphoneos -F/Users/rs/Library/Developer/Xcode/DerivedData/Runner-epaiozztutbvyxgakugoajuwvgcv/Build/Products/Debug-iphoneos/camera_avfoundation -F/Users/rs/Library/Developer/Xcode/DerivedData/Runner-epaiozztutbvyxgakugoajuwvgcv/Build/Products/Debug-iphoneos/path_provider_foundation -F/Users/rs/Library/Developer/Xcode/DerivedData/Runner-epaiozztutbvyxgakugoajuwvgcv/Build/Products/Debug-iphoneos/shared_preferences_foundation -filelist /Users/rs/Library/Developer/Xcode/DerivedData/Runner-epaiozztutbvyxgakugoajuwvgcv/Build/Intermediates.noindex/Runner.build/Debug-iphoneos/Runner.build/Objects-normal/arm64/Runner.LinkFileList -install_name @rpath/Runner.debug.dylib -Xlinker -rpath -Xlinker /usr/lib/swift -Xlinker -rpath -Xlinker @executable_path/Frameworks -Xlinker -rpath -Xlinker @loader_path/Frameworks -dead_strip -Xlinker -object_path_lto -Xlinker /Users/rs/Library/Developer/Xcode/DerivedData/Runner-epaiozztutbvyxgakugoajuwvgcv/Build/Intermediates.noindex/Runner.build/Debug-iphoneos/Runner.build/Objects-normal/arm64/Runner_lto.o -rdynamic -Xlinker -no_deduplicate -Xlinker -dependency_info -Xlinker /Users/rs/Library/Developer/Xcode/DerivedData/Runner-epaiozztutbvyxgakugoajuwvgcv/Build/Intermediates.noindex/Runner.build/Debug-iphoneos/Runner.build/Objects-normal/arm64/Runner_dependency_info.dat -fobjc-arc -fobjc-link-runtime -L/Applications/Xcode.app/Contents/Developer/Toolchains/XcodeDefault.xctoolchain/usr/lib/swift/iphoneos -L/usr/lib/swift -Xlinker -add_ast_path -Xlinker /Users/rs/Library/Developer/Xcode/DerivedData/Runner-epaiozztutbvyxgakugoajuwvgcv/Build/Intermediates.noindex/Runner.build/Debug-iphoneos/Runner.build/Objects-normal/arm64/Runner.swiftmodule @/Users/rs/Library/Developer/Xcode/DerivedData/Runner-epaiozztutbvyxgakugoajuwvgcv/Build/Intermediates.noindex/Runner.build/Debug-iphoneos/Runner.build/Objects-normal/arm64/Runner-linker-args.resp -framework camera_avfoundation -framework path_provider_foundation -framework shared_preferences_foundation -Xlinker -alias -Xlinker _main -Xlinker ___debug_main_executable_dylib_entry_point -framework Pods_Runner -o /Users/rs/Library/Developer/Xcode/DerivedData/Runner-epaiozztutbvyxgakugoajuwvgcv/Build/Products/Debug-iphoneos/Runner.app/Runner.debug.dylib

CompileAssetCatalogVariant thinned /Users/rs/Library/Developer/Xcode/DerivedData/Runner-epaiozztutbvyxgakugoajuwvgcv/Build/Products/Debug-iphoneos/Runner.app /Users/rs/Downloads/iris_health/ios/Runner/Assets.xcassets (in target 'Runner' from project 'Runner')
    cd /Users/rs/Downloads/iris_health/ios
    /Applications/Xcode.app/Contents/Developer/usr/bin/actool /Users/rs/Downloads/iris_health/ios/Runner/Assets.xcassets --compile /Users/rs/Library/Developer/Xcode/DerivedData/Runner-epaiozztutbvyxgakugoajuwvgcv/Build/Intermediates.noindex/Runner.build/Debug-iphoneos/Runner.build/assetcatalog_output/thinned --output-format human-readable-text --notices --warnings --export-dependency-info /Users/rs/Library/Developer/Xcode/DerivedData/Runner-epaiozztutbvyxgakugoajuwvgcv/Build/Intermediates.noindex/Runner.build/Debug-iphoneos/Runner.build/assetcatalog_dependencies_thinned --output-partial-info-plist /Users/rs/Library/Developer/Xcode/DerivedData/Runner-epaiozztutbvyxgakugoajuwvgcv/Build/Intermediates.noindex/Runner.build/Debug-iphoneos/Runner.build/assetcatalog_generated_info.plist_thinned --app-icon AppIcon --compress-pngs --enable-on-demand-resources YES --development-region en --target-device iphone --target-device ipad --minimum-deployment-target 13.0 --platform iphoneos
objc[84707]: Class _NoAnimationDelegate is implemented in both /Library/Developer/CoreSimulator/Volumes/iOS_23A8464/Library/Developer/CoreSimulator/Profiles/Runtimes/iOS 26.0.simruntime/Contents/Resources/RuntimeRoot/System/Library/Frameworks/SwiftUICore.framework/SwiftUICore (0x145a8c130) and /Library/Developer/CoreSimulator/Volumes/iOS_23A8464/Library/Developer/CoreSimulator/Profiles/Runtimes/iOS 26.0.simruntime/Contents/Resources/RuntimeRoot/System/Library/PrivateFrameworks/UIKitCore.framework/UIKitCore (0x142bf5198). This may cause spurious casting failures and mysterious crashes. One of the duplicates must be removed or renamed.
/* com.apple.actool.document.notices */
/Users/rs/Downloads/iris_health/ios/Runner/Assets.xcassets:./AppIcon.appiconset/[][ipad][76x76][][][1x][][][][]: notice: 76x76@1x app icons only apply to iPad apps targeting releases of iOS prior to 10.0.
/* com.apple.actool.compilation-results */
/Users/rs/Library/Developer/Xcode/DerivedData/Runner-epaiozztutbvyxgakugoajuwvgcv/Build/Intermediates.noindex/Runner.build/Debug-iphoneos/Runner.build/assetcatalog_generated_info.plist_thinned
/Users/rs/Library/Developer/Xcode/DerivedData/Runner-epaiozztutbvyxgakugoajuwvgcv/Build/Intermediates.noindex/Runner.build/Debug-iphoneos/Runner.build/assetcatalog_output/thinned/AppIcon60x60@2x.png
/Users/rs/Library/Developer/Xcode/DerivedData/Runner-epaiozztutbvyxgakugoajuwvgcv/Build/Intermediates.noindex/Runner.build/Debug-iphoneos/Runner.build/assetcatalog_output/thinned/AppIcon76x76@2x~ipad.png
/Users/rs/Library/Developer/Xcode/DerivedData/Runner-epaiozztutbvyxgakugoajuwvgcv/Build/Intermediates.noindex/Runner.build/Debug-iphoneos/Runner.build/assetcatalog_output/thinned/Assets.car


ConstructStubExecutorLinkFileList /Users/rs/Library/Developer/Xcode/DerivedData/Runner-epaiozztutbvyxgakugoajuwvgcv/Build/Intermediates.noindex/Runner.build/Debug-iphoneos/Runner.build/Runner-ExecutorLinkFileList-normal-arm64.txt (in target 'Runner' from project 'Runner')
    cd /Users/rs/Downloads/iris_health/ios
    construct-stub-executor-link-file-list /Users/rs/Library/Developer/Xcode/DerivedData/Runner-epaiozztutbvyxgakugoajuwvgcv/Build/Products/Debug-iphoneos/Runner.app/Runner.debug.dylib /Applications/Xcode.app/Contents/Developer/Platforms/iPhoneOS.platform/Developer/usr/lib/libPreviewsJITStubExecutor_no_swift_entry_point.a /Applications/Xcode.app/Contents/Developer/Platforms/iPhoneOS.platform/Developer/usr/lib/libPreviewsJITStubExecutor.a --output /Users/rs/Library/Developer/Xcode/DerivedData/Runner-epaiozztutbvyxgakugoajuwvgcv/Build/Intermediates.noindex/Runner.build/Debug-iphoneos/Runner.build/Runner-ExecutorLinkFileList-normal-arm64.txt
note: Using stub executor library with Swift entry point. (in target 'Runner' from project 'Runner')

Ld /Users/rs/Library/Developer/Xcode/DerivedData/Runner-epaiozztutbvyxgakugoajuwvgcv/Build/Products/Debug-iphoneos/Runner.app/Runner normal (in target 'Runner' from project 'Runner')
    cd /Users/rs/Downloads/iris_health/ios
    /Applications/Xcode.app/Contents/Developer/Toolchains/XcodeDefault.xctoolchain/usr/bin/clang -Xlinker -reproducible -target arm64-apple-ios13.0 -isysroot /Applications/Xcode.app/Contents/Developer/Platforms/iPhoneOS.platform/Developer/SDKs/iPhoneOS26.0.sdk -O0 -L/Users/rs/Library/Developer/Xcode/DerivedData/Runner-epaiozztutbvyxgakugoajuwvgcv/Build/Products/Debug-iphoneos -L/Applications/Xcode.app/Contents/Developer/Toolchains/XcodeDefault.xctoolchain/usr/lib/swift/iphoneos -L/Applications/Xcode.app/Contents/Developer/Platforms/iPhoneOS.platform/Developer/SDKs/iPhoneOS26.0.sdk/usr/lib/swift -L/Applications/Xcode.app/Contents/Developer/Toolchains/XcodeDefault.xctoolchain/usr/lib/swift/iphoneos -L/Applications/Xcode.app/Contents/Developer/Platforms/iPhoneOS.platform/Developer/SDKs/iPhoneOS26.0.sdk/usr/lib/swift -F/Users/rs/Library/Developer/Xcode/DerivedData/Runner-epaiozztutbvyxgakugoajuwvgcv/Build/Products/Debug-iphoneos -F/Users/rs/Library/Developer/Xcode/DerivedData/Runner-epaiozztutbvyxgakugoajuwvgcv/Build/Products/Debug-iphoneos/camera_avfoundation -F/Users/rs/Library/Developer/Xcode/DerivedData/Runner-epaiozztutbvyxgakugoajuwvgcv/Build/Products/Debug-iphoneos/path_provider_foundation -F/Users/rs/Library/Developer/Xcode/DerivedData/Runner-epaiozztutbvyxgakugoajuwvgcv/Build/Products/Debug-iphoneos/shared_preferences_foundation -Xlinker -rpath -Xlinker @executable_path -Xlinker -rpath -Xlinker /usr/lib/swift -Xlinker -rpath -Xlinker @executable_path/Frameworks -Xlinker -rpath -Xlinker @loader_path/Frameworks -rdynamic -Xlinker -no_deduplicate -e ___debug_blank_executor_main -Xlinker -sectcreate -Xlinker __TEXT -Xlinker __debug_dylib -Xlinker /Users/rs/Library/Developer/Xcode/DerivedData/Runner-epaiozztutbvyxgakugoajuwvgcv/Build/Intermediates.noindex/Runner.build/Debug-iphoneos/Runner.build/Runner-DebugDylibPath-normal-arm64.txt -Xlinker -sectcreate -Xlinker __TEXT -Xlinker __debug_instlnm -Xlinker /Users/rs/Library/Developer/Xcode/DerivedData/Runner-epaiozztutbvyxgakugoajuwvgcv/Build/Intermediates.noindex/Runner.build/Debug-iphoneos/Runner.build/Runner-DebugDylibInstallName-normal-arm64.txt -Xlinker -filelist -Xlinker /Users/rs/Library/Developer/Xcode/DerivedData/Runner-epaiozztutbvyxgakugoajuwvgcv/Build/Intermediates.noindex/Runner.build/Debug-iphoneos/Runner.build/Runner-ExecutorLinkFileList-normal-arm64.txt /Users/rs/Library/Developer/Xcode/DerivedData/Runner-epaiozztutbvyxgakugoajuwvgcv/Build/Products/Debug-iphoneos/Runner.app/Runner.debug.dylib -o /Users/rs/Library/Developer/Xcode/DerivedData/Runner-epaiozztutbvyxgakugoajuwvgcv/Build/Products/Debug-iphoneos/Runner.app/Runner

GenerateDSYMFile /Users/rs/Library/Developer/Xcode/DerivedData/Runner-epaiozztutbvyxgakugoajuwvgcv/Build/Products/Debug-iphoneos/Runner.app.dSYM /Users/rs/Library/Developer/Xcode/DerivedData/Runner-epaiozztutbvyxgakugoajuwvgcv/Build/Products/Debug-iphoneos/Runner.app/Runner (in target 'Runner' from project 'Runner')
    cd /Users/rs/Downloads/iris_health/ios
    /Applications/Xcode.app/Contents/Developer/Toolchains/XcodeDefault.xctoolchain/usr/bin/dsymutil -q /Users/rs/Library/Developer/Xcode/DerivedData/Runner-epaiozztutbvyxgakugoajuwvgcv/Build/Products/Debug-iphoneos/Runner.app/Runner -o /Users/rs/Library/Developer/Xcode/DerivedData/Runner-epaiozztutbvyxgakugoajuwvgcv/Build/Products/Debug-iphoneos/Runner.app.dSYM

LinkAssetCatalog /Users/rs/Downloads/iris_health/ios/Runner/Assets.xcassets (in target 'Runner' from project 'Runner')
    cd /Users/rs/Downloads/iris_health/ios
    builtin-linkAssetCatalog --thinned /Users/rs/Library/Developer/Xcode/DerivedData/Runner-epaiozztutbvyxgakugoajuwvgcv/Build/Intermediates.noindex/Runner.build/Debug-iphoneos/Runner.build/assetcatalog_output/thinned --thinned-dependencies /Users/rs/Library/Developer/Xcode/DerivedData/Runner-epaiozztutbvyxgakugoajuwvgcv/Build/Intermediates.noindex/Runner.build/Debug-iphoneos/Runner.build/assetcatalog_dependencies_thinned --thinned-info-plist-content /Users/rs/Library/Developer/Xcode/DerivedData/Runner-epaiozztutbvyxgakugoajuwvgcv/Build/Intermediates.noindex/Runner.build/Debug-iphoneos/Runner.build/assetcatalog_generated_info.plist_thinned --unthinned /Users/rs/Library/Developer/Xcode/DerivedData/Runner-epaiozztutbvyxgakugoajuwvgcv/Build/Intermediates.noindex/Runner.build/Debug-iphoneos/Runner.build/assetcatalog_output/unthinned --unthinned-dependencies /Users/rs/Library/Developer/Xcode/DerivedData/Runner-epaiozztutbvyxgakugoajuwvgcv/Build/Intermediates.noindex/Runner.build/Debug-iphoneos/Runner.build/assetcatalog_dependencies_unthinned --unthinned-info-plist-content /Users/rs/Library/Developer/Xcode/DerivedData/Runner-epaiozztutbvyxgakugoajuwvgcv/Build/Intermediates.noindex/Runner.build/Debug-iphoneos/Runner.build/assetcatalog_generated_info.plist_unthinned --output /Users/rs/Library/Developer/Xcode/DerivedData/Runner-epaiozztutbvyxgakugoajuwvgcv/Build/Products/Debug-iphoneos/Runner.app --plist-output /Users/rs/Library/Developer/Xcode/DerivedData/Runner-epaiozztutbvyxgakugoajuwvgcv/Build/Intermediates.noindex/Runner.build/Debug-iphoneos/Runner.build/assetcatalog_generated_info.plist
note: Emplaced /Users/rs/Library/Developer/Xcode/DerivedData/Runner-epaiozztutbvyxgakugoajuwvgcv/Build/Products/Debug-iphoneos/Runner.app/AppIcon76x76@2x~ipad.png (in target 'Runner' from project 'Runner')
note: Emplaced /Users/rs/Library/Developer/Xcode/DerivedData/Runner-epaiozztutbvyxgakugoajuwvgcv/Build/Products/Debug-iphoneos/Runner.app/AppIcon60x60@2x.png (in target 'Runner' from project 'Runner')
note: Emplaced /Users/rs/Library/Developer/Xcode/DerivedData/Runner-epaiozztutbvyxgakugoajuwvgcv/Build/Products/Debug-iphoneos/Runner.app/Assets.car (in target 'Runner' from project 'Runner')

ProcessInfoPlistFile /Users/rs/Library/Developer/Xcode/DerivedData/Runner-epaiozztutbvyxgakugoajuwvgcv/Build/Products/Debug-iphoneos/Runner.app/Info.plist /Users/rs/Downloads/iris_health/ios/Runner/Info.plist (in target 'Runner' from project 'Runner')
    cd /Users/rs/Downloads/iris_health/ios
    builtin-infoPlistUtility /Users/rs/Downloads/iris_health/ios/Runner/Info.plist -producttype com.apple.product-type.application -genpkginfo /Users/rs/Library/Developer/Xcode/DerivedData/Runner-epaiozztutbvyxgakugoajuwvgcv/Build/Products/Debug-iphoneos/Runner.app/PkgInfo -expandbuildsettings -format binary -platform iphoneos -additionalcontentfile /Users/rs/Library/Developer/Xcode/DerivedData/Runner-epaiozztutbvyxgakugoajuwvgcv/Build/Intermediates.noindex/Runner.build/Debug-iphoneos/Runner.build/Base.lproj/LaunchScreen-SBPartialInfo.plist -additionalcontentfile /Users/rs/Library/Developer/Xcode/DerivedData/Runner-epaiozztutbvyxgakugoajuwvgcv/Build/Intermediates.noindex/Runner.build/Debug-iphoneos/Runner.build/Base.lproj/Main-SBPartialInfo.plist -additionalcontentfile /Users/rs/Library/Developer/Xcode/DerivedData/Runner-epaiozztutbvyxgakugoajuwvgcv/Build/Intermediates.noindex/Runner.build/Debug-iphoneos/Runner.build/assetcatalog_generated_info.plist -requiredArchitecture arm64 -o /Users/rs/Library/Developer/Xcode/DerivedData/Runner-epaiozztutbvyxgakugoajuwvgcv/Build/Products/Debug-iphoneos/Runner.app/Info.plist

GenerateDSYMFile /Users/rs/Library/Developer/Xcode/DerivedData/Runner-epaiozztutbvyxgakugoajuwvgcv/Build/Products/Debug-iphoneos/Runner.app.dSYM /Users/rs/Library/Developer/Xcode/DerivedData/Runner-epaiozztutbvyxgakugoajuwvgcv/Build/Products/Debug-iphoneos/Runner.app/Runner.debug.dylib (in target 'Runner' from project 'Runner')
    cd /Users/rs/Downloads/iris_health/ios
    /Applications/Xcode.app/Contents/Developer/Toolchains/XcodeDefault.xctoolchain/usr/bin/dsymutil /Users/rs/Library/Developer/Xcode/DerivedData/Runner-epaiozztutbvyxgakugoajuwvgcv/Build/Products/Debug-iphoneos/Runner.app/Runner.debug.dylib -o /Users/rs/Library/Developer/Xcode/DerivedData/Runner-epaiozztutbvyxgakugoajuwvgcv/Build/Products/Debug-iphoneos/Runner.app.dSYM

PhaseScriptExecution Thin\ Binary /Users/rs/Library/Developer/Xcode/DerivedData/Runner-epaiozztutbvyxgakugoajuwvgcv/Build/Intermediates.noindex/Runner.build/Debug-iphoneos/Runner.build/Script-3B06AD1E1E4923F5004D2608.sh (in target 'Runner' from project 'Runner')
    cd /Users/rs/Downloads/iris_health/ios
    export ACTION\=build
    export AD_HOC_CODE_SIGNING_ALLOWED\=NO
    export AGGREGATE_TRACKED_DOMAINS\=YES
    export ALLOW_BUILD_REQUEST_OVERRIDES\=NO
    export ALLOW_TARGET_PLATFORM_SPECIALIZATION\=NO
    export ALTERNATE_GROUP\=staff
    export ALTERNATE_MODE\=u+w,go-w,a+rX
    export ALTERNATE_OWNER\=rs
    export ALTERNATIVE_DISTRIBUTION_WEB\=NO
    export ALWAYS_EMBED_SWIFT_STANDARD_LIBRARIES\=YES
    export ALWAYS_SEARCH_USER_PATHS\=NO
    export ALWAYS_USE_SEPARATE_HEADERMAPS\=NO
    export ANDROID_DEPLOYMENT_TARGET\=21.0
    export APPLICATION_EXTENSION_API_ONLY\=NO
    export APPLY_RULES_IN_COPY_FILES\=NO
    export APPLY_RULES_IN_COPY_HEADERS\=NO
    export APP_SHORTCUTS_ENABLE_FLEXIBLE_MATCHING\=YES
    export ARCHS\=arm64
    export ARCHS_STANDARD\=arm64
    export ARCHS_STANDARD_32_64_BIT\=armv7\ arm64
    export ARCHS_STANDARD_32_BIT\=armv7
    export ARCHS_STANDARD_64_BIT\=arm64
    export ARCHS_STANDARD_INCLUDING_64_BIT\=arm64
    export ARCHS_UNIVERSAL_IPHONE_OS\=armv7\ arm64
    export ASSETCATALOG_COMPILER_APPICON_NAME\=AppIcon
    export ASSETCATALOG_COMPILER_GENERATE_SWIFT_ASSET_SYMBOL_EXTENSIONS\=YES
    export AUTOMATICALLY_MERGE_DEPENDENCIES\=NO
    export AUTOMATION_APPLE_EVENTS\=NO
    export AVAILABLE_PLATFORMS\=android\ appletvos\ appletvsimulator\ driverkit\ iphoneos\ iphonesimulator\ macosx\ qnx\ watchos\ watchsimulator\ webassembly\ xros\ xrsimulator
    export BUILD_ACTIVE_RESOURCES_ONLY\=NO
    export BUILD_COMPONENTS\=headers\ build
    export BUILD_DIR\=/Users/rs/Library/Developer/Xcode/DerivedData/Runner-epaiozztutbvyxgakugoajuwvgcv/Build/Products
    export BUILD_LIBRARY_FOR_DISTRIBUTION\=NO
    export BUILD_ROOT\=/Users/rs/Library/Developer/Xcode/DerivedData/Runner-epaiozztutbvyxgakugoajuwvgcv/Build/Products
    export BUILD_STYLE\=
    export BUILD_VARIANTS\=normal
    export BUILT_PRODUCTS_DIR\=/Users/rs/Library/Developer/Xcode/DerivedData/Runner-epaiozztutbvyxgakugoajuwvgcv/Build/Products/Debug-iphoneos
    export BUNDLE_CONTENTS_FOLDER_PATH_deep\=Contents/
    export BUNDLE_EXECUTABLE_FOLDER_NAME_deep\=MacOS
    export BUNDLE_EXTENSIONS_FOLDER_PATH\=Extensions
    export BUNDLE_FORMAT\=shallow
    export BUNDLE_FRAMEWORKS_FOLDER_PATH\=Frameworks
    export BUNDLE_PLUGINS_FOLDER_PATH\=PlugIns
    export BUNDLE_PRIVATE_HEADERS_FOLDER_PATH\=PrivateHeaders
    export BUNDLE_PUBLIC_HEADERS_FOLDER_PATH\=Headers
    export CACHE_ROOT\=/var/folders/fm/4c4grv2d7kbcvg_b1345_75h0000gn/C/com.apple.DeveloperTools/26.0.1-17A400/Xcode
    export CCHROOT\=/var/folders/fm/4c4grv2d7kbcvg_b1345_75h0000gn/C/com.apple.DeveloperTools/26.0.1-17A400/Xcode
    export CHMOD\=/bin/chmod
    export CHOWN\=/usr/sbin/chown
    export CLANG_ANALYZER_NONNULL\=YES
    export CLANG_CACHE_FINE_GRAINED_OUTPUTS\=YES
    export CLANG_CXX_LANGUAGE_STANDARD\=gnu++0x
    export CLANG_CXX_LIBRARY\=libc++
    export CLANG_DEBUG_INFORMATION_LEVEL\=line-tables-only
    export CLANG_ENABLE_EXPLICIT_MODULES\=YES
    export CLANG_ENABLE_MODULES\=YES
    export CLANG_ENABLE_OBJC_ARC\=YES
    export CLANG_MODULES_BUILD_SESSION_FILE\=/Users/rs/Library/Developer/Xcode/DerivedData/ModuleCache.noindex/Session.modulevalidation
    export CLANG_WARN_BLOCK_CAPTURE_AUTORELEASING\=YES
    export CLANG_WARN_BOOL_CONVERSION\=YES
    export CLANG_WARN_COMMA\=YES
    export CLANG_WARN_CONSTANT_CONVERSION\=YES
    export CLANG_WARN_DEPRECATED_OBJC_IMPLEMENTATIONS\=YES
    export CLANG_WARN_DIRECT_OBJC_ISA_USAGE\=YES_ERROR
    export CLANG_WARN_EMPTY_BODY\=YES
    export CLANG_WARN_ENUM_CONVERSION\=YES
    export CLANG_WARN_INFINITE_RECURSION\=YES
    export CLANG_WARN_INT_CONVERSION\=YES
    export CLANG_WARN_NON_LITERAL_NULL_CONVERSION\=YES
    export CLANG_WARN_OBJC_IMPLICIT_RETAIN_SELF\=YES
    export CLANG_WARN_OBJC_LITERAL_CONVERSION\=YES
    export CLANG_WARN_OBJC_ROOT_CLASS\=YES_ERROR
    export CLANG_WARN_QUOTED_INCLUDE_IN_FRAMEWORK_HEADER\=NO
    export CLANG_WARN_RANGE_LOOP_ANALYSIS\=YES
    export CLANG_WARN_STRICT_PROTOTYPES\=YES
    export CLANG_WARN_SUSPICIOUS_MOVE\=YES
    export CLANG_WARN_UNREACHABLE_CODE\=YES
    export CLANG_WARN__DUPLICATE_METHOD_MATCH\=YES
    export CLASS_FILE_DIR\=/Users/rs/Library/Developer/Xcode/DerivedData/Runner-epaiozztutbvyxgakugoajuwvgcv/Build/Intermediates.noindex/Runner.build/Debug-iphoneos/Runner.build/JavaClasses
    export CLEAN_PRECOMPS\=YES
    export CLONE_HEADERS\=NO
    export COCOAPODS_PARALLEL_CODE_SIGN\=true
    export CODESIGNING_FOLDER_PATH\=/Users/rs/Library/Developer/Xcode/DerivedData/Runner-epaiozztutbvyxgakugoajuwvgcv/Build/Products/Debug-iphoneos/Runner.app
    export CODE_SIGNING_ALLOWED\=NO
    export CODE_SIGNING_REQUIRED\=YES
    export CODE_SIGN_CONTEXT_CLASS\=XCiPhoneOSCodeSignContext
    export CODE_SIGN_IDENTITY\=iPhone\ Developer
    export CODE_SIGN_INJECT_BASE_ENTITLEMENTS\=YES
    export COLOR_DIAGNOSTICS\=NO
    export COMBINE_HIDPI_IMAGES\=NO
    export COMPILATION_CACHE_CAS_PATH\=/Users/rs/Library/Developer/Xcode/DerivedData/CompilationCache.noindex
    export COMPILATION_CACHE_KEEP_CAS_DIRECTORY\=YES
    export COMPILER_INDEX_STORE_ENABLE\=Default
    export COMPOSITE_SDK_DIRS\=/Users/rs/Library/Developer/Xcode/DerivedData/Runner-epaiozztutbvyxgakugoajuwvgcv/Build/Intermediates.noindex/CompositeSDKs
    export COMPRESS_PNG_FILES\=YES
    export CONFIGURATION\=Debug
    export CONFIGURATION_BUILD_DIR\=/Users/rs/Library/Developer/Xcode/DerivedData/Runner-epaiozztutbvyxgakugoajuwvgcv/Build/Products/Debug-iphoneos
    export CONFIGURATION_TEMP_DIR\=/Users/rs/Library/Developer/Xcode/DerivedData/Runner-epaiozztutbvyxgakugoajuwvgcv/Build/Intermediates.noindex/Runner.build/Debug-iphoneos
    export CONTENTS_FOLDER_PATH\=Runner.app
    export CONTENTS_FOLDER_PATH_SHALLOW_BUNDLE_NO\=Runner.app/Contents
    export CONTENTS_FOLDER_PATH_SHALLOW_BUNDLE_YES\=Runner.app
    export COPYING_PRESERVES_HFS_DATA\=NO
    export COPY_HEADERS_RUN_UNIFDEF\=NO
    export COPY_PHASE_STRIP\=NO
    export CORRESPONDING_SIMULATOR_PLATFORM_DIR\=/Applications/Xcode.app/Contents/Developer/Platforms/iPhoneSimulator.platform
    export CORRESPONDING_SIMULATOR_PLATFORM_NAME\=iphonesimulator
    export CORRESPONDING_SIMULATOR_SDK_DIR\=/Applications/Xcode.app/Contents/Developer/Platforms/iPhoneSimulator.platform/Developer/SDKs/iPhoneSimulator26.0.sdk
    export CORRESPONDING_SIMULATOR_SDK_NAME\=iphonesimulator26.0
    export CP\=/bin/cp
    export CREATE_INFOPLIST_SECTION_IN_BINARY\=NO
    export CURRENT_ARCH\=undefined_arch
    export CURRENT_PROJECT_VERSION\=1
    export CURRENT_VARIANT\=normal
    export DART_DEFINES\=RkxVVFRFUl9WRVJTSU9OPTMuMzguNQ\=\=,RkxVVFRFUl9DSEFOTkVMPXN0YWJsZQ\=\=,RkxVVFRFUl9HSVRfVVJMPWh0dHBzOi8vZ2l0aHViLmNvbS9mbHV0dGVyL2ZsdXR0ZXIuZ2l0,RkxVVFRFUl9GUkFNRVdPUktfUkVWSVNJT049ZjZmZjE1MjlmZA\=\=,RkxVVFRFUl9FTkdJTkVfUkVWSVNJT049MTUyN2FlMGVjNQ\=\=,RkxVVFRFUl9EQVJUX1ZFUlNJT049My4xMC40
    export DART_OBFUSCATION\=false
    export DEAD_CODE_STRIPPING\=YES
    export DEBUGGING_SYMBOLS\=YES
    export DEBUG_INFORMATION_FORMAT\=dwarf-with-dsym
    export DEBUG_INFORMATION_VERSION\=compiler-default
    export DEFAULT_COMPILER\=com.apple.compilers.llvm.clang.1_0
    export DEFAULT_DEXT_INSTALL_PATH\=/System/Library/DriverExtensions
    export DEFAULT_KEXT_INSTALL_PATH\=/System/Library/Extensions
    export DEFINES_MODULE\=NO
    export DEPLOYMENT_LOCATION\=NO
    export DEPLOYMENT_POSTPROCESSING\=NO
    export DEPLOYMENT_TARGET_SETTING_NAME\=IPHONEOS_DEPLOYMENT_TARGET
    export DEPLOYMENT_TARGET_SUGGESTED_VALUES\=12.0\ 12.1\ 12.2\ 12.3\ 12.4\ 13.0\ 13.1\ 13.2\ 13.3\ 13.4\ 13.5\ 13.6\ 14.0\ 14.1\ 14.2\ 14.3\ 14.4\ 14.5\ 14.6\ 14.7\ 15.0\ 15.1\ 15.2\ 15.3\ 15.4\ 15.5\ 15.6\ 16.0\ 16.1\ 16.2\ 16.3\ 16.4\ 16.5\ 16.6\ 17.0\ 17.1\ 17.2\ 17.3\ 17.4\ 17.5\ 17.6\ 18.0\ 18.1\ 18.2\ 18.3\ 18.4\ 18.5\ 18.6\ 26.0
    export DERIVED_FILES_DIR\=/Users/rs/Library/Developer/Xcode/DerivedData/Runner-epaiozztutbvyxgakugoajuwvgcv/Build/Intermediates.noindex/Runner.build/Debug-iphoneos/Runner.build/DerivedSources
    export DERIVED_FILE_DIR\=/Users/rs/Library/Developer/Xcode/DerivedData/Runner-epaiozztutbvyxgakugoajuwvgcv/Build/Intermediates.noindex/Runner.build/Debug-iphoneos/Runner.build/DerivedSources
    export DERIVED_SOURCES_DIR\=/Users/rs/Library/Developer/Xcode/DerivedData/Runner-epaiozztutbvyxgakugoajuwvgcv/Build/Intermediates.noindex/Runner.build/Debug-iphoneos/Runner.build/DerivedSources
    export DERIVE_MACCATALYST_PRODUCT_BUNDLE_IDENTIFIER\=NO
    export DEVELOPER_APPLICATIONS_DIR\=/Applications/Xcode.app/Contents/Developer/Applications
    export DEVELOPER_BIN_DIR\=/Applications/Xcode.app/Contents/Developer/usr/bin
    export DEVELOPER_DIR\=/Applications/Xcode.app/Contents/Developer
    export DEVELOPER_FRAMEWORKS_DIR\=/Applications/Xcode.app/Contents/Developer/Library/Frameworks
    export DEVELOPER_FRAMEWORKS_DIR_QUOTED\=/Applications/Xcode.app/Contents/Developer/Library/Frameworks
    export DEVELOPER_LIBRARY_DIR\=/Applications/Xcode.app/Contents/Developer/Library
    export DEVELOPER_SDK_DIR\=/Applications/Xcode.app/Contents/Developer/Platforms/MacOSX.platform/Developer/SDKs
    export DEVELOPER_TOOLS_DIR\=/Applications/Xcode.app/Contents/Developer/Tools
    export DEVELOPER_USR_DIR\=/Applications/Xcode.app/Contents/Developer/usr
    export DEVELOPMENT_LANGUAGE\=en
    export DEVELOPMENT_TEAM\=NRM5S9G6G2
    export DIAGNOSE_MISSING_TARGET_DEPENDENCIES\=YES
    export DIFF\=/usr/bin/diff
    export DOCUMENTATION_FOLDER_PATH\=Runner.app/en.lproj/Documentation
    export DONT_GENERATE_INFOPLIST_FILE\=NO
    export DSTROOT\=/tmp/Runner.dst
    export DT_TOOLCHAIN_DIR\=/Applications/Xcode.app/Contents/Developer/Toolchains/XcodeDefault.xctoolchain
    export DWARF_DSYM_FILE_NAME\=Runner.app.dSYM
    export DWARF_DSYM_FILE_SHOULD_ACCOMPANY_PRODUCT\=NO
    export DWARF_DSYM_FOLDER_PATH\=/Users/rs/Library/Developer/Xcode/DerivedData/Runner-epaiozztutbvyxgakugoajuwvgcv/Build/Products/Debug-iphoneos
    export DYNAMIC_LIBRARY_EXTENSION\=dylib
    export EAGER_COMPILATION_ALLOW_SCRIPTS\=NO
    export EAGER_LINKING\=NO
    export EFFECTIVE_PLATFORM_NAME\=-iphoneos
    export EMBEDDED_CONTENT_CONTAINS_SWIFT\=NO
    export EMBEDDED_PROFILE_NAME\=embedded.mobileprovision
    export EMBED_ASSET_PACKS_IN_PRODUCT_BUNDLE\=NO
    export ENABLE_APP_SANDBOX\=NO
    export ENABLE_BITCODE\=NO
    export ENABLE_CODE_COVERAGE\=YES
    export ENABLE_CPLUSPLUS_BOUNDS_SAFE_BUFFERS\=NO
    export ENABLE_C_BOUNDS_SAFETY\=NO
    export ENABLE_DEBUG_DYLIB\=YES
    export ENABLE_DEFAULT_HEADER_SEARCH_PATHS\=YES
    export ENABLE_DEFAULT_SEARCH_PATHS\=YES
    export ENABLE_ENHANCED_SECURITY\=NO
    export ENABLE_HARDENED_RUNTIME\=NO
    export ENABLE_HEADER_DEPENDENCIES\=YES
    export ENABLE_INCOMING_NETWORK_CONNECTIONS\=NO
    export ENABLE_ON_DEMAND_RESOURCES\=YES
    export ENABLE_OUTGOING_NETWORK_CONNECTIONS\=NO
    export ENABLE_POINTER_AUTHENTICATION\=NO
    export ENABLE_PREVIEWS\=NO
    export ENABLE_RESOURCE_ACCESS_AUDIO_INPUT\=NO
    export ENABLE_RESOURCE_ACCESS_BLUETOOTH\=NO
    export ENABLE_RESOURCE_ACCESS_CALENDARS\=NO
    export ENABLE_RESOURCE_ACCESS_CAMERA\=NO
    export ENABLE_RESOURCE_ACCESS_CONTACTS\=NO
    export ENABLE_RESOURCE_ACCESS_LOCATION\=NO
    export ENABLE_RESOURCE_ACCESS_PHOTO_LIBRARY\=NO
    export ENABLE_RESOURCE_ACCESS_PRINTING\=NO
    export ENABLE_RESOURCE_ACCESS_USB\=NO
    export ENABLE_SDK_IMPORTS\=NO
    export ENABLE_SECURITY_COMPILER_WARNINGS\=NO
    export ENABLE_STRICT_OBJC_MSGSEND\=YES
    export ENABLE_TESTABILITY\=YES
    export ENABLE_TESTING_SEARCH_PATHS\=NO
    export ENABLE_USER_SCRIPT_SANDBOXING\=NO
    export ENABLE_XOJIT_PREVIEWS\=YES
    export ENFORCE_VALID_ARCHS\=YES
    export ENTITLEMENTS_ALLOWED\=YES
    export ENTITLEMENTS_DESTINATION\=Signature
    export ENTITLEMENTS_REQUIRED\=NO
    export EXCLUDED_ARCHS\=armv7
    export EXCLUDED_INSTALLSRC_SUBDIRECTORY_PATTERNS\=.DS_Store\ .svn\ .git\ .hg\ CVS
    export EXCLUDED_RECURSIVE_SEARCH_PATH_SUBDIRECTORIES\=\*.nib\ \*.lproj\ \*.framework\ \*.gch\ \*.xcode\*\ \*.xcassets\ \*.icon\ \(\*\)\ .DS_Store\ CVS\ .svn\ .git\ .hg\ \*.pbproj\ \*.pbxproj
    export EXECUTABLES_FOLDER_PATH\=Runner.app/Executables
    export EXECUTABLE_BLANK_INJECTION_DYLIB_PATH\=Runner.app/__preview.dylib
    export EXECUTABLE_DEBUG_DYLIB_INSTALL_NAME\=@rpath/Runner.debug.dylib
    export EXECUTABLE_DEBUG_DYLIB_PATH\=Runner.app/Runner.debug.dylib
    export EXECUTABLE_FOLDER_PATH\=Runner.app
    export EXECUTABLE_FOLDER_PATH_SHALLOW_BUNDLE_NO\=Runner.app/MacOS
    export EXECUTABLE_FOLDER_PATH_SHALLOW_BUNDLE_YES\=Runner.app
    export EXECUTABLE_NAME\=Runner
    export EXECUTABLE_PATH\=Runner.app/Runner
    export EXTENSIONS_FOLDER_PATH\=Runner.app/Extensions
    export FILE_LIST\=/Users/rs/Library/Developer/Xcode/DerivedData/Runner-epaiozztutbvyxgakugoajuwvgcv/Build/Intermediates.noindex/Runner.build/Debug-iphoneos/Runner.build/Objects/LinkFileList
    export FIXED_FILES_DIR\=/Users/rs/Library/Developer/Xcode/DerivedData/Runner-epaiozztutbvyxgakugoajuwvgcv/Build/Intermediates.noindex/Runner.build/Debug-iphoneos/Runner.build/FixedFiles
    export FLUTTER_APPLICATION_PATH\=/Users/rs/Downloads/iris_health
    export FLUTTER_BUILD_DIR\=build
    export FLUTTER_BUILD_NAME\=1.0.0
    export FLUTTER_BUILD_NUMBER\=1
    export FLUTTER_ROOT\=/Users/rs/flutter_sdk
    export FLUTTER_TARGET\=lib/main.dart
    export FRAMEWORKS_FOLDER_PATH\=Runner.app/Frameworks
    export FRAMEWORK_FLAG_PREFIX\=-framework
    export FRAMEWORK_SEARCH_PATHS\=/Users/rs/Library/Developer/Xcode/DerivedData/Runner-epaiozztutbvyxgakugoajuwvgcv/Build/Products/Debug-iphoneos\ \ \"/Users/rs/Library/Developer/Xcode/DerivedData/Runner-epaiozztutbvyxgakugoajuwvgcv/Build/Products/Debug-iphoneos/camera_avfoundation\"\ \"/Users/rs/Library/Developer/Xcode/DerivedData/Runner-epaiozztutbvyxgakugoajuwvgcv/Build/Products/Debug-iphoneos/path_provider_foundation\"\ \"/Users/rs/Library/Developer/Xcode/DerivedData/Runner-epaiozztutbvyxgakugoajuwvgcv/Build/Products/Debug-iphoneos/shared_preferences_foundation\"
    export FRAMEWORK_VERSION\=A
    export FULL_PRODUCT_NAME\=Runner.app
    export FUSE_BUILD_PHASES\=YES
    export FUSE_BUILD_SCRIPT_PHASES\=NO
    export GCC3_VERSION\=3.3
    export GCC_C_LANGUAGE_STANDARD\=gnu99
    export GCC_DYNAMIC_NO_PIC\=NO
    export GCC_GENERATE_DEBUGGING_SYMBOLS\=YES
    export GCC_INLINES_ARE_PRIVATE_EXTERN\=YES
    export GCC_NO_COMMON_BLOCKS\=YES
    export GCC_OPTIMIZATION_LEVEL\=0
    export GCC_PFE_FILE_C_DIALECTS\=c\ objective-c\ c++\ objective-c++
    export GCC_PREPROCESSOR_DEFINITIONS\=DEBUG\=1\ \ COCOAPODS\=1
    export GCC_SYMBOLS_PRIVATE_EXTERN\=NO
    export GCC_THUMB_SUPPORT\=YES
    export GCC_TREAT_WARNINGS_AS_ERRORS\=NO
    export GCC_VERSION\=com.apple.compilers.llvm.clang.1_0
    export GCC_VERSION_IDENTIFIER\=com_apple_compilers_llvm_clang_1_0
    export GCC_WARN_64_TO_32_BIT_CONVERSION\=YES
    export GCC_WARN_ABOUT_RETURN_TYPE\=YES_ERROR
    export GCC_WARN_UNDECLARED_SELECTOR\=YES
    export GCC_WARN_UNINITIALIZED_AUTOS\=YES_AGGRESSIVE
    export GCC_WARN_UNUSED_FUNCTION\=YES
    export GCC_WARN_UNUSED_VARIABLE\=YES
    export GENERATED_MODULEMAP_DIR\=/Users/rs/Library/Developer/Xcode/DerivedData/Runner-epaiozztutbvyxgakugoajuwvgcv/Build/Intermediates.noindex/GeneratedModuleMaps-iphoneos
    export GENERATE_INFOPLIST_FILE\=NO
    export GENERATE_INTERMEDIATE_TEXT_BASED_STUBS\=YES
    export GENERATE_PKGINFO_FILE\=YES
    export GENERATE_PRELINK_OBJECT_FILE\=NO
    export GENERATE_PROFILING_CODE\=NO
    export GENERATE_TEXT_BASED_STUBS\=NO
    export GID\=20
    export GROUP\=staff
    export HEADERMAP_INCLUDES_FLAT_ENTRIES_FOR_TARGET_BEING_BUILT\=YES
    export HEADERMAP_INCLUDES_FRAMEWORK_ENTRIES_FOR_ALL_PRODUCT_TYPES\=YES
    export HEADERMAP_INCLUDES_FRAMEWORK_ENTRIES_FOR_TARGETS_NOT_BEING_BUILT\=YES
    export HEADERMAP_INCLUDES_NONPUBLIC_NONPRIVATE_HEADERS\=YES
    export HEADERMAP_INCLUDES_PROJECT_HEADERS\=YES
    export HEADERMAP_USES_FRAMEWORK_PREFIX_ENTRIES\=YES
    export HEADERMAP_USES_VFS\=NO
    export HEADER_SEARCH_PATHS\=/Users/rs/Library/Developer/Xcode/DerivedData/Runner-epaiozztutbvyxgakugoajuwvgcv/Build/Products/Debug-iphoneos/include\ \ \"/Users/rs/Library/Developer/Xcode/DerivedData/Runner-epaiozztutbvyxgakugoajuwvgcv/Build/Products/Debug-iphoneos/camera_avfoundation/camera_avfoundation.framework/Headers\"\ \"/Users/rs/Library/Developer/Xcode/DerivedData/Runner-epaiozztutbvyxgakugoajuwvgcv/Build/Products/Debug-iphoneos/path_provider_foundation/path_provider_foundation.framework/Headers\"\ \"/Users/rs/Library/Developer/Xcode/DerivedData/Runner-epaiozztutbvyxgakugoajuwvgcv/Build/Products/Debug-iphoneos/shared_preferences_foundation/shared_preferences_foundation.framework/Headers\"
    export HOME\=/Users/rs
    export HOST_ARCH\=arm64
    export HOST_PLATFORM\=macosx
    export ICONV\=/usr/bin/iconv
    export IMPLICIT_DEPENDENCY_DOMAIN\=default
    export INFOPLIST_ENABLE_CFBUNDLEICONS_MERGE\=YES
    export INFOPLIST_EXPAND_BUILD_SETTINGS\=YES
    export INFOPLIST_FILE\=Runner/Info.plist
    export INFOPLIST_OUTPUT_FORMAT\=binary
    export INFOPLIST_PATH\=Runner.app/Info.plist
    export INFOPLIST_PREPROCESS\=NO
    export INFOSTRINGS_PATH\=Runner.app/en.lproj/InfoPlist.strings
    export INLINE_PRIVATE_FRAMEWORKS\=NO
    export INSTALLAPI_IGNORE_SKIP_INSTALL\=YES
    export INSTALLHDRS_COPY_PHASE\=NO
    export INSTALLHDRS_SCRIPT_PHASE\=NO
    export INSTALL_DIR\=/tmp/Runner.dst/Applications
    export INSTALL_GROUP\=staff
    export INSTALL_MODE_FLAG\=u+w,go-w,a+rX
    export INSTALL_OWNER\=rs
    export INSTALL_PATH\=/Applications
    export INSTALL_ROOT\=/tmp/Runner.dst
    export IPHONEOS_DEPLOYMENT_TARGET\=13.0
    export IS_UNOPTIMIZED_BUILD\=YES
    export JAVAC_DEFAULT_FLAGS\=-J-Xms64m\ -J-XX:NewSize\=4M\ -J-Dfile.encoding\=UTF8
    export JAVA_APP_STUB\=/System/Library/Frameworks/JavaVM.framework/Resources/MacOS/JavaApplicationStub
    export JAVA_ARCHIVE_CLASSES\=YES
    export JAVA_ARCHIVE_TYPE\=JAR
    export JAVA_COMPILER\=/usr/bin/javac
    export JAVA_FOLDER_PATH\=Runner.app/Java
    export JAVA_FRAMEWORK_RESOURCES_DIRS\=Resources
    export JAVA_JAR_FLAGS\=cv
    export JAVA_SOURCE_SUBDIR\=.
    export JAVA_USE_DEPENDENCIES\=YES
    export JAVA_ZIP_FLAGS\=-urg
    export JIKES_DEFAULT_FLAGS\=+E\ +OLDCSO
    export KASAN_CFLAGS_CLASSIC\=-DKASAN\=1\ -DKASAN_CLASSIC\=1\ -fsanitize\=address\ -mllvm\ -asan-globals-live-support\ -mllvm\ -asan-force-dynamic-shadow
    export KASAN_CFLAGS_TBI\=-DKASAN\=1\ -DKASAN_TBI\=1\ -fsanitize\=kernel-hwaddress\ -mllvm\ -hwasan-recover\=0\ -mllvm\ -hwasan-instrument-atomics\=0\ -mllvm\ -hwasan-instrument-stack\=1\ -mllvm\ -hwasan-generate-tags-with-calls\=1\ -mllvm\ -hwasan-instrument-with-calls\=1\ -mllvm\ -hwasan-use-short-granules\=0\ -mllvm\ -hwasan-memory-access-callback-prefix\=__asan_
    export KASAN_DEFAULT_CFLAGS\=-DKASAN\=1\ -DKASAN_CLASSIC\=1\ -fsanitize\=address\ -mllvm\ -asan-globals-live-support\ -mllvm\ -asan-force-dynamic-shadow
    export KEEP_PRIVATE_EXTERNS\=NO
    export LD_DEPENDENCY_INFO_FILE\=/Users/rs/Library/Developer/Xcode/DerivedData/Runner-epaiozztutbvyxgakugoajuwvgcv/Build/Intermediates.noindex/Runner.build/Debug-iphoneos/Runner.build/Objects-normal/undefined_arch/Runner_dependency_info.dat
    export LD_EXPORT_SYMBOLS\=YES
    export LD_GENERATE_MAP_FILE\=NO
    export LD_MAP_FILE_PATH\=/Users/rs/Library/Developer/Xcode/DerivedData/Runner-epaiozztutbvyxgakugoajuwvgcv/Build/Intermediates.noindex/Runner.build/Debug-iphoneos/Runner.build/Runner-LinkMap-normal-undefined_arch.txt
    export LD_NO_PIE\=NO
    export LD_QUOTE_LINKER_ARGUMENTS_FOR_COMPILER_DRIVER\=YES
    export LD_RUNPATH_SEARCH_PATHS\=\ /usr/lib/swift\ \'@executable_path/Frameworks\'\ \'@loader_path/Frameworks\'\ @executable_path/Frameworks
    export LD_RUNPATH_SEARCH_PATHS_YES\=@loader_path/../Frameworks
    export LD_SHARED_CACHE_ELIGIBLE\=Automatic
    export LD_WARN_DUPLICATE_LIBRARIES\=NO
    export LD_WARN_UNUSED_DYLIBS\=NO
    export LEGACY_DEVELOPER_DIR\=/Applications/Xcode.app/Contents/PlugIns/Xcode3Core.ideplugin/Contents/SharedSupport/Developer
    export LEX\=lex
    export LIBRARY_DEXT_INSTALL_PATH\=/Library/DriverExtensions
    export LIBRARY_FLAG_NOSPACE\=YES
    export LIBRARY_FLAG_PREFIX\=-l
    export LIBRARY_KEXT_INSTALL_PATH\=/Library/Extensions
    export LIBRARY_SEARCH_PATHS\=/Users/rs/Library/Developer/Xcode/DerivedData/Runner-epaiozztutbvyxgakugoajuwvgcv/Build/Products/Debug-iphoneos\ /Applications/Xcode.app/Contents/Developer/Toolchains/XcodeDefault.xctoolchain/usr/lib/swift/iphoneos\ /Applications/Xcode.app/Contents/Developer/Platforms/iPhoneOS.platform/Developer/SDKs/iPhoneOS26.0.sdk/usr/lib/swift\ /Applications/Xcode.app/Contents/Developer/Toolchains/XcodeDefault.xctoolchain/usr/lib/swift/iphoneos\ /Applications/Xcode.app/Contents/Developer/Platforms/iPhoneOS.platform/Developer/SDKs/iPhoneOS26.0.sdk/usr/lib/swift
    export LINKER_DISPLAYS_MANGLED_NAMES\=NO
    export LINK_FILE_LIST_normal_arm64\=/Users/rs/Library/Developer/Xcode/DerivedData/Runner-epaiozztutbvyxgakugoajuwvgcv/Build/Intermediates.noindex/Runner.build/Debug-iphoneos/Runner.build/Objects-normal/arm64/Runner.LinkFileList
    export LINK_OBJC_RUNTIME\=YES
    export LINK_WITH_STANDARD_LIBRARIES\=YES
    export LLVM_TARGET_TRIPLE_OS_VERSION\=ios13.0
    export LLVM_TARGET_TRIPLE_VENDOR\=apple
    export LM_AUX_CONST_METADATA_LIST_PATH_normal_arm64\=/Users/rs/Library/Developer/Xcode/DerivedData/Runner-epaiozztutbvyxgakugoajuwvgcv/Build/Intermediates.noindex/Runner.build/Debug-iphoneos/Runner.build/Objects-normal/arm64/Runner.SwiftConstValuesFileList
    export LOCALIZATION_EXPORT_SUPPORTED\=YES
    export LOCALIZATION_PREFERS_STRING_CATALOGS\=NO
    export LOCALIZED_RESOURCES_FOLDER_PATH\=Runner.app/en.lproj
    export LOCALIZED_STRING_MACRO_NAMES\=NSLocalizedString\ CFCopyLocalizedString
    export LOCALIZED_STRING_SWIFTUI_SUPPORT\=YES
    export LOCAL_ADMIN_APPS_DIR\=/Applications/Utilities
    export LOCAL_APPS_DIR\=/Applications
    export LOCAL_DEVELOPER_DIR\=/Library/Developer
    export LOCAL_LIBRARY_DIR\=/Library
    export LOCROOT\=/Users/rs/Downloads/iris_health/ios
    export LOCSYMROOT\=/Users/rs/Downloads/iris_health/ios
    export MACH_O_TYPE\=mh_execute
    export MAC_OS_X_PRODUCT_BUILD_VERSION\=24G90
    export MAC_OS_X_VERSION_ACTUAL\=150601
    export MAC_OS_X_VERSION_MAJOR\=150000
    export MAC_OS_X_VERSION_MINOR\=150600
    export MAKE_MERGEABLE\=NO
    export MERGEABLE_LIBRARY\=NO
    export MERGED_BINARY_TYPE\=none
    export MERGE_LINKED_LIBRARIES\=NO
    export METAL_LIBRARY_FILE_BASE\=default
    export METAL_LIBRARY_OUTPUT_DIR\=/Users/rs/Library/Developer/Xcode/DerivedData/Runner-epaiozztutbvyxgakugoajuwvgcv/Build/Products/Debug-iphoneos/Runner.app
    export MODULES_FOLDER_PATH\=Runner.app/Modules
    export MODULE_CACHE_DIR\=/Users/rs/Library/Developer/Xcode/DerivedData/ModuleCache.noindex
    export MTL_ENABLE_DEBUG_INFO\=YES
    export NATIVE_ARCH\=arm64
    export NATIVE_ARCH_32_BIT\=arm
    export NATIVE_ARCH_64_BIT\=arm64
    export NATIVE_ARCH_ACTUAL\=arm64
    export NO_COMMON\=YES
    export OBJECT_FILE_DIR\=/Users/rs/Library/Developer/Xcode/DerivedData/Runner-epaiozztutbvyxgakugoajuwvgcv/Build/Intermediates.noindex/Runner.build/Debug-iphoneos/Runner.build/Objects
    export OBJECT_FILE_DIR_normal\=/Users/rs/Library/Developer/Xcode/DerivedData/Runner-epaiozztutbvyxgakugoajuwvgcv/Build/Intermediates.noindex/Runner.build/Debug-iphoneos/Runner.build/Objects-normal
    export OBJROOT\=/Users/rs/Library/Developer/Xcode/DerivedData/Runner-epaiozztutbvyxgakugoajuwvgcv/Build/Intermediates.noindex
    export ONLY_ACTIVE_ARCH\=NO
    export OS\=MACOS
    export OSAC\=/usr/bin/osacompile
    export OTHER_CFLAGS\=\ -g
    export OTHER_CPLUSPLUSFLAGS\=\ -g\ -g
    export OTHER_LDFLAGS\=\ -framework\ \"camera_avfoundation\"\ -framework\ \"path_provider_foundation\"\ -framework\ \"shared_preferences_foundation\"
    export OTHER_MODULE_VERIFIER_FLAGS\=\ \"-F/Users/rs/Library/Developer/Xcode/DerivedData/Runner-epaiozztutbvyxgakugoajuwvgcv/Build/Products/Debug-iphoneos/Flutter\"\ \"-F/Users/rs/Library/Developer/Xcode/DerivedData/Runner-epaiozztutbvyxgakugoajuwvgcv/Build/Products/Debug-iphoneos/camera_avfoundation\"\ \"-F/Users/rs/Library/Developer/Xcode/DerivedData/Runner-epaiozztutbvyxgakugoajuwvgcv/Build/Products/Debug-iphoneos/path_provider_foundation\"\ \"-F/Users/rs/Library/Developer/Xcode/DerivedData/Runner-epaiozztutbvyxgakugoajuwvgcv/Build/Products/Debug-iphoneos/shared_preferences_foundation\"
    export OTHER_SWIFT_FLAGS\=\ -D\ COCOAPODS
    export PACKAGE_CONFIG\=/Users/rs/Downloads/iris_health/.dart_tool/package_config.json
    export PACKAGE_TYPE\=com.apple.package-type.wrapper.application
    export PASCAL_STRINGS\=YES
    export PATH\=/Applications/Xcode.app/Contents/SharedFrameworks/SwiftBuild.framework/Versions/A/PlugIns/SWBBuildService.bundle/Contents/PlugIns/SWBUniversalPlatformPlugin.bundle/Contents/Frameworks/SWBUniversalPlatform.framework/Resources:/Applications/Xcode.app/Contents/Developer/Toolchains/XcodeDefault.xctoolchain/usr/bin:/Applications/Xcode.app/Contents/Developer/Toolchains/XcodeDefault.xctoolchain/usr/local/bin:/Applications/Xcode.app/Contents/Developer/Toolchains/XcodeDefault.xctoolchain/usr/libexec:/Applications/Xcode.app/Contents/Developer/Platforms/iPhoneOS.platform/usr/bin:/Applications/Xcode.app/Contents/Developer/Platforms/iPhoneOS.platform/usr/local/bin:/Applications/Xcode.app/Contents/Developer/Platforms/iPhoneOS.platform/Developer/usr/bin:/Applications/Xcode.app/Contents/Developer/Platforms/iPhoneOS.platform/Developer/usr/local/bin:/Applications/Xcode.app/Contents/Developer/usr/bin:/Applications/Xcode.app/Contents/Developer/usr/local/bin:/Users/rs/.nvm/versions/node/v22.21.1/bin:/Users/rs/flutter_sdk/bin:/default/bin:/versions/current/bin:/opt/homebrew/bin:/opt/homebrew/sbin:/usr/local/bin:/usr/bin:/bin:/usr/sbin:/sbin:/var/run/com.apple.security.cryptexd/codex.system/bootstrap/usr/local/bin:/var/run/com.apple.security.cryptexd/codex.system/bootstrap/usr/bin:/var/run/com.apple.security.cryptexd/codex.system/bootstrap/usr/appleinternal/bin:/Library/Apple/usr/bin
    export PATH_PREFIXES_EXCLUDED_FROM_HEADER_DEPENDENCIES\=/usr/include\ /usr/local/include\ /System/Library/Frameworks\ /System/Library/PrivateFrameworks\ /Applications/Xcode.app/Contents/Developer/Headers\ /Applications/Xcode.app/Contents/Developer/SDKs\ /Applications/Xcode.app/Contents/Developer/Platforms
    export PBDEVELOPMENTPLIST_PATH\=Runner.app/pbdevelopment.plist
    export PER_ARCH_MODULE_FILE_DIR\=/Users/rs/Library/Developer/Xcode/DerivedData/Runner-epaiozztutbvyxgakugoajuwvgcv/Build/Intermediates.noindex/Runner.build/Debug-iphoneos/Runner.build/Objects-normal/undefined_arch
    export PER_ARCH_OBJECT_FILE_DIR\=/Users/rs/Library/Developer/Xcode/DerivedData/Runner-epaiozztutbvyxgakugoajuwvgcv/Build/Intermediates.noindex/Runner.build/Debug-iphoneos/Runner.build/Objects-normal/undefined_arch
    export PER_VARIANT_OBJECT_FILE_DIR\=/Users/rs/Library/Developer/Xcode/DerivedData/Runner-epaiozztutbvyxgakugoajuwvgcv/Build/Intermediates.noindex/Runner.build/Debug-iphoneos/Runner.build/Objects-normal
    export PKGINFO_FILE_PATH\=/Users/rs/Library/Developer/Xcode/DerivedData/Runner-epaiozztutbvyxgakugoajuwvgcv/Build/Intermediates.noindex/Runner.build/Debug-iphoneos/Runner.build/PkgInfo
    export PKGINFO_PATH\=Runner.app/PkgInfo
    export PLATFORM_DEVELOPER_APPLICATIONS_DIR\=/Applications/Xcode.app/Contents/Developer/Platforms/iPhoneOS.platform/Developer/Applications
    export PLATFORM_DEVELOPER_BIN_DIR\=/Applications/Xcode.app/Contents/Developer/Platforms/iPhoneOS.platform/Developer/usr/bin
    export PLATFORM_DEVELOPER_LIBRARY_DIR\=/Applications/Xcode.app/Contents/Developer/Platforms/iPhoneOS.platform/Developer/Library
    export PLATFORM_DEVELOPER_SDK_DIR\=/Applications/Xcode.app/Contents/Developer/Platforms/iPhoneOS.platform/Developer/SDKs
    export PLATFORM_DEVELOPER_TOOLS_DIR\=/Applications/Xcode.app/Contents/Developer/Platforms/iPhoneOS.platform/Developer/Tools
    export PLATFORM_DEVELOPER_USR_DIR\=/Applications/Xcode.app/Contents/Developer/Platforms/iPhoneOS.platform/Developer/usr
    export PLATFORM_DIR\=/Applications/Xcode.app/Contents/Developer/Platforms/iPhoneOS.platform
    export PLATFORM_DISPLAY_NAME\=iOS
    export PLATFORM_FAMILY_NAME\=iOS
    export PLATFORM_NAME\=iphoneos
    export PLATFORM_PREFERRED_ARCH\=arm64
    export PLATFORM_PRODUCT_BUILD_VERSION\=23A339
    export PLATFORM_REQUIRES_SWIFT_AUTOLINK_EXTRACT\=NO
    export PLATFORM_REQUIRES_SWIFT_MODULEWRAP\=NO
    export PLIST_FILE_OUTPUT_FORMAT\=binary
    export PLUGINS_FOLDER_PATH\=Runner.app/PlugIns
    export PODS_BUILD_DIR\=/Users/rs/Library/Developer/Xcode/DerivedData/Runner-epaiozztutbvyxgakugoajuwvgcv/Build/Products
    export PODS_CONFIGURATION_BUILD_DIR\=/Users/rs/Library/Developer/Xcode/DerivedData/Runner-epaiozztutbvyxgakugoajuwvgcv/Build/Products/Debug-iphoneos
    export PODS_PODFILE_DIR_PATH\=/Users/rs/Downloads/iris_health/ios/.
    export PODS_ROOT\=/Users/rs/Downloads/iris_health/ios/Pods
    export PODS_XCFRAMEWORKS_BUILD_DIR\=/Users/rs/Library/Developer/Xcode/DerivedData/Runner-epaiozztutbvyxgakugoajuwvgcv/Build/Products/Debug-iphoneos/XCFrameworkIntermediates
    export PRECOMPS_INCLUDE_HEADERS_FROM_BUILT_PRODUCTS_DIR\=YES
    export PRECOMP_DESTINATION_DIR\=/Users/rs/Library/Developer/Xcode/DerivedData/Runner-epaiozztutbvyxgakugoajuwvgcv/Build/Intermediates.noindex/Runner.build/Debug-iphoneos/Runner.build/PrefixHeaders
    export PRIVATE_HEADERS_FOLDER_PATH\=Runner.app/PrivateHeaders
    export PROCESSED_INFOPLIST_PATH\=/Users/rs/Library/Developer/Xcode/DerivedData/Runner-epaiozztutbvyxgakugoajuwvgcv/Build/Intermediates.noindex/Runner.build/Debug-iphoneos/Runner.build/Objects-normal/undefined_arch/Processed-Info.plist
    export PRODUCT_BUNDLE_IDENTIFIER\=me.rs.irisHealth
    export PRODUCT_BUNDLE_PACKAGE_TYPE\=APPL
    export PRODUCT_MODULE_NAME\=Runner
    export PRODUCT_NAME\=Runner
    export PRODUCT_SETTINGS_PATH\=/Users/rs/Downloads/iris_health/ios/Runner/Info.plist
    export PRODUCT_TYPE\=com.apple.product-type.application
    export PROFILING_CODE\=NO
    export PROJECT\=Runner
    export PROJECT_DERIVED_FILE_DIR\=/Users/rs/Library/Developer/Xcode/DerivedData/Runner-epaiozztutbvyxgakugoajuwvgcv/Build/Intermediates.noindex/Runner.build/DerivedSources
    export PROJECT_DIR\=/Users/rs/Downloads/iris_health/ios
    export PROJECT_FILE_PATH\=/Users/rs/Downloads/iris_health/ios/Runner.xcodeproj
    export PROJECT_GUID\=18c1723432283e0cc55f10a6dcfd9e02
    export PROJECT_NAME\=Runner
    export PROJECT_TEMP_DIR\=/Users/rs/Library/Developer/Xcode/DerivedData/Runner-epaiozztutbvyxgakugoajuwvgcv/Build/Intermediates.noindex/Runner.build
    export PROJECT_TEMP_ROOT\=/Users/rs/Library/Developer/Xcode/DerivedData/Runner-epaiozztutbvyxgakugoajuwvgcv/Build/Intermediates.noindex
    export PROVISIONING_PROFILE_REQUIRED\=YES
    export PROVISIONING_PROFILE_REQUIRED_YES_YES\=YES
    export PROVISIONING_PROFILE_SUPPORTED\=YES
    export PUBLIC_HEADERS_FOLDER_PATH\=Runner.app/Headers
    export RECOMMENDED_IPHONEOS_DEPLOYMENT_TARGET\=15.0
    export RECURSIVE_SEARCH_PATHS_FOLLOW_SYMLINKS\=YES
    export REMOVE_CVS_FROM_RESOURCES\=YES
    export REMOVE_GIT_FROM_RESOURCES\=YES
    export REMOVE_HEADERS_FROM_EMBEDDED_BUNDLES\=YES
    export REMOVE_HG_FROM_RESOURCES\=YES
    export REMOVE_STATIC_EXECUTABLES_FROM_EMBEDDED_BUNDLES\=YES
    export REMOVE_SVN_FROM_RESOURCES\=YES
    export RESCHEDULE_INDEPENDENT_HEADERS_PHASES\=YES
    export REZ_COLLECTOR_DIR\=/Users/rs/Library/Developer/Xcode/DerivedData/Runner-epaiozztutbvyxgakugoajuwvgcv/Build/Intermediates.noindex/Runner.build/Debug-iphoneos/Runner.build/ResourceManagerResources
    export REZ_OBJECTS_DIR\=/Users/rs/Library/Developer/Xcode/DerivedData/Runner-epaiozztutbvyxgakugoajuwvgcv/Build/Intermediates.noindex/Runner.build/Debug-iphoneos/Runner.build/ResourceManagerResources/Objects
    export REZ_SEARCH_PATHS\=/Users/rs/Library/Developer/Xcode/DerivedData/Runner-epaiozztutbvyxgakugoajuwvgcv/Build/Products/Debug-iphoneos\ 
    export RUNTIME_EXCEPTION_ALLOW_DYLD_ENVIRONMENT_VARIABLES\=NO
    export RUNTIME_EXCEPTION_ALLOW_JIT\=NO
    export RUNTIME_EXCEPTION_ALLOW_UNSIGNED_EXECUTABLE_MEMORY\=NO
    export RUNTIME_EXCEPTION_DEBUGGING_TOOL\=NO
    export RUNTIME_EXCEPTION_DISABLE_EXECUTABLE_PAGE_PROTECTION\=NO
    export RUNTIME_EXCEPTION_DISABLE_LIBRARY_VALIDATION\=NO
    export SCAN_ALL_SOURCE_FILES_FOR_INCLUDES\=NO
    export SCRIPTS_FOLDER_PATH\=Runner.app/Scripts
    export SCRIPT_INPUT_FILE_0\=/Users/rs/Library/Developer/Xcode/DerivedData/Runner-epaiozztutbvyxgakugoajuwvgcv/Build/Products/Debug-iphoneos/Runner.app/Info.plist
    export SCRIPT_INPUT_FILE_COUNT\=1
    export SCRIPT_INPUT_FILE_LIST_COUNT\=0
    export SCRIPT_OUTPUT_FILE_COUNT\=0
    export SCRIPT_OUTPUT_FILE_LIST_COUNT\=0
    export SDKROOT\=/Applications/Xcode.app/Contents/Developer/Platforms/iPhoneOS.platform/Developer/SDKs/iPhoneOS26.0.sdk
    export SDK_DIR\=/Applications/Xcode.app/Contents/Developer/Platforms/iPhoneOS.platform/Developer/SDKs/iPhoneOS26.0.sdk
    export SDK_DIR_iphoneos\=/Applications/Xcode.app/Contents/Developer/Platforms/iPhoneOS.platform/Developer/SDKs/iPhoneOS26.0.sdk
    export SDK_DIR_iphoneos26_0\=/Applications/Xcode.app/Contents/Developer/Platforms/iPhoneOS.platform/Developer/SDKs/iPhoneOS26.0.sdk
    export SDK_NAME\=iphoneos26.0
    export SDK_NAMES\=iphoneos26.0
    export SDK_PRODUCT_BUILD_VERSION\=23A339
    export SDK_STAT_CACHE_DIR\=/Users/rs/Library/Developer/Xcode/DerivedData
    export SDK_STAT_CACHE_ENABLE\=YES
    export SDK_STAT_CACHE_PATH\=/Users/rs/Library/Developer/Xcode/DerivedData/SDKStatCaches.noindex/iphoneos26.0-23A339-81ce72e5b06c9602b9d30b56f2eed08a.sdkstatcache
    export SDK_VERSION\=26.0
    export SDK_VERSION_ACTUAL\=260000
    export SDK_VERSION_MAJOR\=260000
    export SDK_VERSION_MINOR\=260000
    export SED\=/usr/bin/sed
    export SEPARATE_STRIP\=NO
    export SEPARATE_SYMBOL_EDIT\=NO
    export SET_DIR_MODE_OWNER_GROUP\=YES
    export SET_FILE_MODE_OWNER_GROUP\=NO
    export SHALLOW_BUNDLE\=YES
    export SHALLOW_BUNDLE_TRIPLE\=ios
    export SHALLOW_BUNDLE_ios_macabi\=NO
    export SHALLOW_BUNDLE_macos\=NO
    export SHARED_DERIVED_FILE_DIR\=/Users/rs/Library/Developer/Xcode/DerivedData/Runner-epaiozztutbvyxgakugoajuwvgcv/Build/Products/Debug-iphoneos/DerivedSources
    export SHARED_FRAMEWORKS_FOLDER_PATH\=Runner.app/SharedFrameworks
    export SHARED_PRECOMPS_DIR\=/Users/rs/Library/Developer/Xcode/DerivedData/Runner-epaiozztutbvyxgakugoajuwvgcv/Build/Intermediates.noindex/PrecompiledHeaders
    export SHARED_SUPPORT_FOLDER_PATH\=Runner.app/SharedSupport
    export SKIP_INSTALL\=NO
    export SOURCE_ROOT\=/Users/rs/Downloads/iris_health/ios
    export SRCROOT\=/Users/rs/Downloads/iris_health/ios
    export STRINGSDATA_DIR\=/Users/rs/Library/Developer/Xcode/DerivedData/Runner-epaiozztutbvyxgakugoajuwvgcv/Build/Intermediates.noindex/Runner.build/Debug-iphoneos/Runner.build/Objects-normal/undefined_arch
    export STRINGSDATA_ROOT\=/Users/rs/Library/Developer/Xcode/DerivedData/Runner-epaiozztutbvyxgakugoajuwvgcv/Build/Intermediates.noindex/Runner.build/Debug-iphoneos/Runner.build
    export STRINGS_FILE_INFOPLIST_RENAME\=YES
    export STRINGS_FILE_OUTPUT_ENCODING\=binary
    export STRING_CATALOG_GENERATE_SYMBOLS\=NO
    export STRIP_BITCODE_FROM_COPIED_FILES\=YES
    export STRIP_INSTALLED_PRODUCT\=NO
    export STRIP_STYLE\=non-global
    export STRIP_SWIFT_SYMBOLS\=NO
    export SUPPORTED_DEVICE_FAMILIES\=1,2
    export SUPPORTED_PLATFORMS\=iphoneos\ iphonesimulator
    export SUPPORTS_MACCATALYST\=NO
    export SUPPORTS_MAC_DESIGNED_FOR_IPHONE_IPAD\=YES
    export SUPPORTS_ON_DEMAND_RESOURCES\=YES
    export SUPPORTS_TEXT_BASED_API\=NO
    export SUPPORTS_XR_DESIGNED_FOR_IPHONE_IPAD\=YES
    export SUPPRESS_WARNINGS\=NO
    export SWIFT_EMIT_CONST_VALUE_PROTOCOLS\=AppIntent\ EntityQuery\ AppEntity\ TransientEntity\ AppEnum\ AppShortcutProviding\ AppShortcutsProvider\ AnyResolverProviding\ AppIntentsPackage\ DynamicOptionsProvider\ _IntentValueRepresentable\ _AssistantIntentsProvider\ _GenerativeFunctionExtractable\ IntentValueQuery\ Resolver\ AppExtension\ ExtensionPointDefining
    export SWIFT_EMIT_LOC_STRINGS\=NO
    export SWIFT_ENABLE_EXPLICIT_MODULES\=YES
    export SWIFT_OBJC_BRIDGING_HEADER\=Runner/Runner-Bridging-Header.h
    export SWIFT_OPTIMIZATION_LEVEL\=-Onone
    export SWIFT_PLATFORM_TARGET_PREFIX\=ios
    export SWIFT_RESPONSE_FILE_PATH_normal_arm64\=/Users/rs/Library/Developer/Xcode/DerivedData/Runner-epaiozztutbvyxgakugoajuwvgcv/Build/Intermediates.noindex/Runner.build/Debug-iphoneos/Runner.build/Objects-normal/arm64/Runner.SwiftFileList
    export SWIFT_VERSION\=5.0
    export SYMROOT\=/Users/rs/Library/Developer/Xcode/DerivedData/Runner-epaiozztutbvyxgakugoajuwvgcv/Build/Products
    export SYSTEM_ADMIN_APPS_DIR\=/Applications/Utilities
    export SYSTEM_APPS_DIR\=/Applications
    export SYSTEM_CORE_SERVICES_DIR\=/System/Library/CoreServices
    export SYSTEM_DEMOS_DIR\=/Applications/Extras
    export SYSTEM_DEVELOPER_APPS_DIR\=/Applications/Xcode.app/Contents/Developer/Applications
    export SYSTEM_DEVELOPER_BIN_DIR\=/Applications/Xcode.app/Contents/Developer/usr/bin
    export SYSTEM_DEVELOPER_DEMOS_DIR\=/Applications/Xcode.app/Contents/Developer/Applications/Utilities/Built\ Examples
    export SYSTEM_DEVELOPER_DIR\=/Applications/Xcode.app/Contents/Developer
    export SYSTEM_DEVELOPER_DOC_DIR\=/Applications/Xcode.app/Contents/Developer/ADC\ Reference\ Library
    export SYSTEM_DEVELOPER_GRAPHICS_TOOLS_DIR\=/Applications/Xcode.app/Contents/Developer/Applications/Graphics\ Tools
    export SYSTEM_DEVELOPER_JAVA_TOOLS_DIR\=/Applications/Xcode.app/Contents/Developer/Applications/Java\ Tools
    export SYSTEM_DEVELOPER_PERFORMANCE_TOOLS_DIR\=/Applications/Xcode.app/Contents/Developer/Applications/Performance\ Tools
    export SYSTEM_DEVELOPER_RELEASENOTES_DIR\=/Applications/Xcode.app/Contents/Developer/ADC\ Reference\ Library/releasenotes
    export SYSTEM_DEVELOPER_TOOLS\=/Applications/Xcode.app/Contents/Developer/Tools
    export SYSTEM_DEVELOPER_TOOLS_DOC_DIR\=/Applications/Xcode.app/Contents/Developer/ADC\ Reference\ Library/documentation/DeveloperTools
    export SYSTEM_DEVELOPER_TOOLS_RELEASENOTES_DIR\=/Applications/Xcode.app/Contents/Developer/ADC\ Reference\ Library/releasenotes/DeveloperTools
    export SYSTEM_DEVELOPER_USR_DIR\=/Applications/Xcode.app/Contents/Developer/usr
    export SYSTEM_DEVELOPER_UTILITIES_DIR\=/Applications/Xcode.app/Contents/Developer/Applications/Utilities
    export SYSTEM_DEXT_INSTALL_PATH\=/System/Library/DriverExtensions
    export SYSTEM_DOCUMENTATION_DIR\=/Library/Documentation
    export SYSTEM_EXTENSIONS_FOLDER_PATH\=Runner.app/SystemExtensions
    export SYSTEM_EXTENSIONS_FOLDER_PATH_SHALLOW_BUNDLE_NO\=Runner.app/Library/SystemExtensions
    export SYSTEM_EXTENSIONS_FOLDER_PATH_SHALLOW_BUNDLE_YES\=Runner.app/SystemExtensions
    export SYSTEM_KEXT_INSTALL_PATH\=/System/Library/Extensions
    export SYSTEM_LIBRARY_DIR\=/System/Library
    export TAPI_DEMANGLE\=YES
    export TAPI_ENABLE_PROJECT_HEADERS\=NO
    export TAPI_LANGUAGE\=objective-c
    export TAPI_LANGUAGE_STANDARD\=compiler-default
    export TAPI_USE_SRCROOT\=YES
    export TAPI_VERIFY_MODE\=Pedantic
    export TARGETED_DEVICE_FAMILY\=1,2
    export TARGETNAME\=Runner
    export TARGET_BUILD_DIR\=/Users/rs/Library/Developer/Xcode/DerivedData/Runner-epaiozztutbvyxgakugoajuwvgcv/Build/Products/Debug-iphoneos
    export TARGET_NAME\=Runner
    export TARGET_TEMP_DIR\=/Users/rs/Library/Developer/Xcode/DerivedData/Runner-epaiozztutbvyxgakugoajuwvgcv/Build/Intermediates.noindex/Runner.build/Debug-iphoneos/Runner.build
    export TEMP_DIR\=/Users/rs/Library/Developer/Xcode/DerivedData/Runner-epaiozztutbvyxgakugoajuwvgcv/Build/Intermediates.noindex/Runner.build/Debug-iphoneos/Runner.build
    export TEMP_FILES_DIR\=/Users/rs/Library/Developer/Xcode/DerivedData/Runner-epaiozztutbvyxgakugoajuwvgcv/Build/Intermediates.noindex/Runner.build/Debug-iphoneos/Runner.build
    export TEMP_FILE_DIR\=/Users/rs/Library/Developer/Xcode/DerivedData/Runner-epaiozztutbvyxgakugoajuwvgcv/Build/Intermediates.noindex/Runner.build/Debug-iphoneos/Runner.build
    export TEMP_ROOT\=/Users/rs/Library/Developer/Xcode/DerivedData/Runner-epaiozztutbvyxgakugoajuwvgcv/Build/Intermediates.noindex
    export TEMP_SANDBOX_DIR\=/Users/rs/Library/Developer/Xcode/DerivedData/Runner-epaiozztutbvyxgakugoajuwvgcv/Build/Intermediates.noindex/TemporaryTaskSandboxes
    export TEST_FRAMEWORK_SEARCH_PATHS\=\ /Applications/Xcode.app/Contents/Developer/Platforms/iPhoneOS.platform/Developer/Library/Frameworks\ /Applications/Xcode.app/Contents/Developer/Platforms/iPhoneOS.platform/Developer/SDKs/iPhoneOS26.0.sdk/Developer/Library/Frameworks
    export TEST_LIBRARY_SEARCH_PATHS\=\ /Applications/Xcode.app/Contents/Developer/Platforms/iPhoneOS.platform/Developer/usr/lib
    export TOOLCHAINS\=com.apple.dt.toolchain.XcodeDefault
    export TOOLCHAIN_DIR\=/Applications/Xcode.app/Contents/Developer/Toolchains/XcodeDefault.xctoolchain
    export TRACK_WIDGET_CREATION\=false
    export TREAT_MISSING_BASELINES_AS_TEST_FAILURES\=NO
    export TREAT_MISSING_SCRIPT_PHASE_OUTPUTS_AS_ERRORS\=NO
    export TREE_SHAKE_ICONS\=false
    export UID\=501
    export UNINSTALLED_PRODUCTS_DIR\=/Users/rs/Library/Developer/Xcode/DerivedData/Runner-epaiozztutbvyxgakugoajuwvgcv/Build/Intermediates.noindex/UninstalledProducts
    export UNLOCALIZED_RESOURCES_FOLDER_PATH\=Runner.app
    export UNLOCALIZED_RESOURCES_FOLDER_PATH_SHALLOW_BUNDLE_NO\=Runner.app/Resources
    export UNLOCALIZED_RESOURCES_FOLDER_PATH_SHALLOW_BUNDLE_YES\=Runner.app
    export UNSTRIPPED_PRODUCT\=NO
    export USER\=rs
    export USER_APPS_DIR\=/Users/rs/Applications
    export USER_LIBRARY_DIR\=/Users/rs/Library
    export USE_DYNAMIC_NO_PIC\=YES
    export USE_HEADERMAP\=YES
    export USE_HEADER_SYMLINKS\=NO
    export USE_RECURSIVE_SCRIPT_INPUTS_IN_SCRIPT_PHASES\=YES
    export VALIDATE_DEVELOPMENT_ASSET_PATHS\=YES_ERROR
    export VALIDATE_PRODUCT\=NO
    export VALID_ARCHS\=arm64\ arm64e\ armv7\ armv7s
    export VERBOSE_PBXCP\=NO
    export VERSIONING_SYSTEM\=apple-generic
    export VERSIONPLIST_PATH\=Runner.app/version.plist
    export VERSION_INFO_BUILDER\=rs
    export VERSION_INFO_FILE\=Runner_vers.c
    export VERSION_INFO_STRING\=\"@\(\#\)PROGRAM:Runner\ \ PROJECT:Runner-1\"
    export WORKSPACE_DIR\=/Users/rs/Downloads/iris_health/ios
    export WRAPPER_EXTENSION\=app
    export WRAPPER_NAME\=Runner.app
    export WRAPPER_SUFFIX\=.app
    export WRAP_ASSET_PACKS_IN_SEPARATE_DIRECTORIES\=NO
    export XCODE_APP_SUPPORT_DIR\=/Applications/Xcode.app/Contents/Developer/Library/Xcode
    export XCODE_PRODUCT_BUILD_VERSION\=17A400
    export XCODE_VERSION_ACTUAL\=2601
    export XCODE_VERSION_MAJOR\=2600
    export XCODE_VERSION_MINOR\=2600
    export XPCSERVICES_FOLDER_PATH\=Runner.app/XPCServices
    export YACC\=yacc
    export _DISCOVER_COMMAND_LINE_LINKER_INPUTS\=YES
    export _DISCOVER_COMMAND_LINE_LINKER_INPUTS_INCLUDE_WL\=YES
    export _LD_MULTIARCH\=YES
    export _WRAPPER_CONTENTS_DIR_SHALLOW_BUNDLE_NO\=/Contents
    export _WRAPPER_PARENT_PATH_SHALLOW_BUNDLE_NO\=/..
    export _WRAPPER_RESOURCES_DIR_SHALLOW_BUNDLE_NO\=/Resources
    export __DIAGNOSE_DEPRECATED_ARCHS\=YES
    export __IS_NOT_MACOS\=YES
    export __IS_NOT_MACOS_macosx\=NO
    export __IS_NOT_SIMULATOR\=YES
    export __IS_NOT_SIMULATOR_simulator\=NO
    export arch\=undefined_arch
    export variant\=normal
    /bin/sh -c /Users/rs/Library/Developer/Xcode/DerivedData/Runner-epaiozztutbvyxgakugoajuwvgcv/Build/Intermediates.noindex/Runner.build/Debug-iphoneos/Runner.build/Script-3B06AD1E1E4923F5004D2608.sh

PhaseScriptExecution [CP]\ Embed\ Pods\ Frameworks /Users/rs/Library/Developer/Xcode/DerivedData/Runner-epaiozztutbvyxgakugoajuwvgcv/Build/Intermediates.noindex/Runner.build/Debug-iphoneos/Runner.build/Script-C38EA4626F0D59A7460F26A5.sh (in target 'Runner' from project 'Runner')
    cd /Users/rs/Downloads/iris_health/ios
    /bin/sh -c /Users/rs/Library/Developer/Xcode/DerivedData/Runner-epaiozztutbvyxgakugoajuwvgcv/Build/Intermediates.noindex/Runner.build/Debug-iphoneos/Runner.build/Script-C38EA4626F0D59A7460F26A5.sh
mkdir -p /Users/rs/Library/Developer/Xcode/DerivedData/Runner-epaiozztutbvyxgakugoajuwvgcv/Build/Products/Debug-iphoneos/Runner.app/Frameworks
rsync --delete -av --filter P .*.?????? --links --filter "- CVS/" --filter "- .svn/" --filter "- .git/" --filter "- .hg/" --filter "- Headers" --filter "- PrivateHeaders" --filter "- Modules" "/Users/rs/Library/Developer/Xcode/DerivedData/Runner-epaiozztutbvyxgakugoajuwvgcv/Build/Products/Debug-iphoneos/camera_avfoundation/camera_avfoundation.framework" "/Users/rs/Library/Developer/Xcode/DerivedData/Runner-epaiozztutbvyxgakugoajuwvgcv/Build/Products/Debug-iphoneos/Runner.app/Frameworks"
Transfer starting: 6 files
camera_avfoundation.framework/_CodeSignature/CodeResources: deleting
camera_avfoundation.framework/_CodeSignature: deleting
camera_avfoundation.framework/
camera_avfoundation.framework/camera_avfoundation
camera_avfoundation.framework/camera_avfoundation_privacy.bundle/
camera_avfoundation.framework/camera_avfoundation_privacy.bundle/Info.plist
camera_avfoundation.framework/camera_avfoundation_privacy.bundle/PrivacyInfo.xcprivacy

sent 666306 bytes  received 98 bytes  130667450 bytes/sec
total size is 666240  speedup is 1.00
rsync --delete -av --filter P .*.?????? --links --filter "- CVS/" --filter "- .svn/" --filter "- .git/" --filter "- .hg/" --filter "- Headers" --filter "- PrivateHeaders" --filter "- Modules" "/Users/rs/Library/Developer/Xcode/DerivedData/Runner-epaiozztutbvyxgakugoajuwvgcv/Build/Products/Debug-iphoneos/path_provider_foundation/path_provider_foundation.framework" "/Users/rs/Library/Developer/Xcode/DerivedData/Runner-epaiozztutbvyxgakugoajuwvgcv/Build/Products/Debug-iphoneos/Runner.app/Frameworks"
Transfer starting: 6 files
path_provider_foundation.framework/_CodeSignature/CodeResources: deleting
path_provider_foundation.framework/_CodeSignature: deleting
path_provider_foundation.framework/
path_provider_foundation.framework/path_provider_foundation
path_provider_foundation.framework/path_provider_foundation_privacy.bundle/
path_provider_foundation.framework/path_provider_foundation_privacy.bundle/Info.plist
path_provider_foundation.framework/path_provider_foundation_privacy.bundle/PrivacyInfo.xcprivacy

sent 171250 bytes  received 98 bytes  55273548 bytes/sec
total size is 171204  speedup is 1.00
rsync --delete -av --filter P .*.?????? --links --filter "- CVS/" --filter "- .svn/" --filter "- .git/" --filter "- .hg/" --filter "- Headers" --filter "- PrivateHeaders" --filter "- Modules" "/Users/rs/Library/Developer/Xcode/DerivedData/Runner-epaiozztutbvyxgakugoajuwvgcv/Build/Products/Debug-iphoneos/shared_preferences_foundation/shared_preferences_foundation.framework" "/Users/rs/Library/Developer/Xcode/DerivedData/Runner-epaiozztutbvyxgakugoajuwvgcv/Build/Products/Debug-iphoneos/Runner.app/Frameworks"
Transfer starting: 6 files
shared_preferences_foundation.framework/_CodeSignature/CodeResources: deleting
shared_preferences_foundation.framework/_CodeSignature: deleting
shared_preferences_foundation.framework/
shared_preferences_foundation.framework/shared_preferences_foundation
shared_preferences_foundation.framework/shared_preferences_foundation_privacy.bundle/
shared_preferences_foundation.framework/shared_preferences_foundation_privacy.bundle/Info.plist
shared_preferences_foundation.framework/shared_preferences_foundation_privacy.bundle/PrivacyInfo.xcprivacy

sent 231751 bytes  received 98 bytes  74790000 bytes/sec
total size is 231657  speedup is 1.00

CopySwiftLibs /Users/rs/Library/Developer/Xcode/DerivedData/Runner-epaiozztutbvyxgakugoajuwvgcv/Build/Products/Debug-iphoneos/Runner.app (in target 'Runner' from project 'Runner')
    cd /Users/rs/Downloads/iris_health/ios
    builtin-swiftStdLibTool --copy --verbose --scan-executable /Users/rs/Library/Developer/Xcode/DerivedData/Runner-epaiozztutbvyxgakugoajuwvgcv/Build/Products/Debug-iphoneos/Runner.app/Runner.debug.dylib --scan-folder /Users/rs/Library/Developer/Xcode/DerivedData/Runner-epaiozztutbvyxgakugoajuwvgcv/Build/Products/Debug-iphoneos/Runner.app/Frameworks --scan-folder /Users/rs/Library/Developer/Xcode/DerivedData/Runner-epaiozztutbvyxgakugoajuwvgcv/Build/Products/Debug-iphoneos/Runner.app/PlugIns --scan-folder /Users/rs/Library/Developer/Xcode/DerivedData/Runner-epaiozztutbvyxgakugoajuwvgcv/Build/Products/Debug-iphoneos/Runner.app/SystemExtensions --scan-folder /Users/rs/Library/Developer/Xcode/DerivedData/Runner-epaiozztutbvyxgakugoajuwvgcv/Build/Products/Debug-iphoneos/Runner.app/Extensions --scan-folder /Users/rs/Library/Developer/Xcode/DerivedData/Runner-epaiozztutbvyxgakugoajuwvgcv/Build/Products/Debug-iphoneos/Pods_Runner.framework --platform iphoneos --toolchain /Applications/Xcode.app/Contents/Developer/Toolchains/XcodeDefault.xctoolchain --destination /Users/rs/Library/Developer/Xcode/DerivedData/Runner-epaiozztutbvyxgakugoajuwvgcv/Build/Products/Debug-iphoneos/Runner.app/Frameworks --strip-bitcode --strip-bitcode-tool /Applications/Xcode.app/Contents/Developer/Toolchains/XcodeDefault.xctoolchain/usr/bin/bitcode_strip --emit-dependency-info /Users/rs/Library/Developer/Xcode/DerivedData/Runner-epaiozztutbvyxgakugoajuwvgcv/Build/Intermediates.noindex/Runner.build/Debug-iphoneos/Runner.build/SwiftStdLibToolInputDependencies.dep --filter-for-swift-os --back-deploy-swift-concurrency --back-deploy-swift-span
Ignoring --strip-bitcode because --sign was not passed

ExtractAppIntentsMetadata (in target 'Runner' from project 'Runner')
    cd /Users/rs/Downloads/iris_health/ios
    /Applications/Xcode.app/Contents/Developer/Toolchains/XcodeDefault.xctoolchain/usr/bin/appintentsmetadataprocessor --toolchain-dir /Applications/Xcode.app/Contents/Developer/Toolchains/XcodeDefault.xctoolchain --module-name Runner --sdk-root /Applications/Xcode.app/Contents/Developer/Platforms/iPhoneOS.platform/Developer/SDKs/iPhoneOS26.0.sdk --xcode-version 17A400 --platform-family iOS --deployment-target 13.0 --bundle-identifier me.rs.irisHealth --output /Users/rs/Library/Developer/Xcode/DerivedData/Runner-epaiozztutbvyxgakugoajuwvgcv/Build/Products/Debug-iphoneos/Runner.app --target-triple arm64-apple-ios13.0 --binary-file /Users/rs/Library/Developer/Xcode/DerivedData/Runner-epaiozztutbvyxgakugoajuwvgcv/Build/Products/Debug-iphoneos/Runner.app/Runner --dependency-file /Users/rs/Library/Developer/Xcode/DerivedData/Runner-epaiozztutbvyxgakugoajuwvgcv/Build/Intermediates.noindex/Runner.build/Debug-iphoneos/Runner.build/Objects-normal/arm64/Runner_dependency_info.dat --stringsdata-file /Users/rs/Library/Developer/Xcode/DerivedData/Runner-epaiozztutbvyxgakugoajuwvgcv/Build/Intermediates.noindex/Runner.build/Debug-iphoneos/Runner.build/Objects-normal/arm64/ExtractedAppShortcutsMetadata.stringsdata --source-file-list /Users/rs/Library/Developer/Xcode/DerivedData/Runner-epaiozztutbvyxgakugoajuwvgcv/Build/Intermediates.noindex/Runner.build/Debug-iphoneos/Runner.build/Objects-normal/arm64/Runner.SwiftFileList --metadata-file-list /Users/rs/Library/Developer/Xcode/DerivedData/Runner-epaiozztutbvyxgakugoajuwvgcv/Build/Intermediates.noindex/Runner.build/Debug-iphoneos/Runner.build/Runner.DependencyMetadataFileList --static-metadata-file-list /Users/rs/Library/Developer/Xcode/DerivedData/Runner-epaiozztutbvyxgakugoajuwvgcv/Build/Intermediates.noindex/Runner.build/Debug-iphoneos/Runner.build/Runner.DependencyStaticMetadataFileList --swift-const-vals-list /Users/rs/Library/Developer/Xcode/DerivedData/Runner-epaiozztutbvyxgakugoajuwvgcv/Build/Intermediates.noindex/Runner.build/Debug-iphoneos/Runner.build/Objects-normal/arm64/Runner.SwiftConstValuesFileList --compile-time-extraction --deployment-aware-processing --validate-assistant-intents --no-app-shortcuts-localization
2025-12-22 11:23:55.794 appintentsmetadataprocessor[84820:6087120] Starting appintentsmetadataprocessor export
2025-12-22 11:23:55.795 appintentsmetadataprocessor[84820:6087120] warning: Metadata extraction skipped. No AppIntents.framework dependency found.

AppIntentsSSUTraining (in target 'Runner' from project 'Runner')
    cd /Users/rs/Downloads/iris_health/ios
    /Applications/Xcode.app/Contents/Developer/Toolchains/XcodeDefault.xctoolchain/usr/bin/appintentsnltrainingprocessor --infoplist-path /Users/rs/Library/Developer/Xcode/DerivedData/Runner-epaiozztutbvyxgakugoajuwvgcv/Build/Products/Debug-iphoneos/Runner.app/Info.plist --temp-dir-path /Users/rs/Library/Developer/Xcode/DerivedData/Runner-epaiozztutbvyxgakugoajuwvgcv/Build/Intermediates.noindex/Runner.build/Debug-iphoneos/Runner.build/ssu --bundle-id me.rs.irisHealth --product-path /Users/rs/Library/Developer/Xcode/DerivedData/Runner-epaiozztutbvyxgakugoajuwvgcv/Build/Products/Debug-iphoneos/Runner.app --extracted-metadata-path /Users/rs/Library/Developer/Xcode/DerivedData/Runner-epaiozztutbvyxgakugoajuwvgcv/Build/Products/Debug-iphoneos/Runner.app/Metadata.appintents --metadata-file-list /Users/rs/Library/Developer/Xcode/DerivedData/Runner-epaiozztutbvyxgakugoajuwvgcv/Build/Intermediates.noindex/Runner.build/Debug-iphoneos/Runner.build/Runner.DependencyMetadataFileList --archive-ssu-assets
2025-12-22 11:23:55.811 appintentsnltrainingprocessor[84821:6087122] Parsing options for appintentsnltrainingprocessor
2025-12-22 11:23:55.811 appintentsnltrainingprocessor[84821:6087122] No AppShortcuts found - Skipping.

Validate /Users/rs/Library/Developer/Xcode/DerivedData/Runner-epaiozztutbvyxgakugoajuwvgcv/Build/Products/Debug-iphoneos/Runner.app (in target 'Runner' from project 'Runner')
    cd /Users/rs/Downloads/iris_health/ios
    builtin-validationUtility /Users/rs/Library/Developer/Xcode/DerivedData/Runner-epaiozztutbvyxgakugoajuwvgcv/Build/Products/Debug-iphoneos/Runner.app -shallow-bundle -infoplist-subpath Info.plist

note: Removed stale file '/Users/rs/Library/Developer/Xcode/DerivedData/Runner-epaiozztutbvyxgakugoajuwvgcv/Build/Intermediates.noindex/Runner.build/Debug-iphoneos/Runner.build/DerivedSources/Entitlements.plist'

note: Removed stale file '/Users/rs/Library/Developer/Xcode/DerivedData/Runner-epaiozztutbvyxgakugoajuwvgcv/Build/Intermediates.noindex/Runner.build/Debug-iphoneos/Runner.build/Runner.app.xcent'

note: Removed stale file '/Users/rs/Library/Developer/Xcode/DerivedData/Runner-epaiozztutbvyxgakugoajuwvgcv/Build/Intermediates.noindex/Runner.build/Debug-iphoneos/Runner.build/Runner.app.xcent.der'

note: Removed stale file '/Users/rs/Library/Developer/Xcode/DerivedData/Runner-epaiozztutbvyxgakugoajuwvgcv/Build/Products/Debug-iphoneos/Runner.app/_CodeSignature'

note: Removed stale file '/Users/rs/Library/Developer/Xcode/DerivedData/Runner-epaiozztutbvyxgakugoajuwvgcv/Build/Products/Debug-iphoneos/Runner.app/embedded.mobileprovision'

** BUILD SUCCEEDED ** [10.310 sec]

== Find symbolicatecrash ==
2025-12-22 11:23:55.885 mdfind[84822:6087130] [UserQueryParser] Loading keywords and predicates for locale "ru_RU"
2025-12-22 11:23:55.885 mdfind[84822:6087130] [UserQueryParser] Loading keywords and predicates for locale "ru"
/Users/rs/Downloads/iris_health/tools/diag_ios.sh
== Recent build artifacts ==
build/ios/iphoneos/Runner.app
build/ios/Debug-iphoneos/Runner.app
build/ios/Debug-iphoneos/Runner.app.dSYM
== Done ==
Saved to diag_ios_20251222_112329.txt
